9.8459 	INFO 	Loaded monitor calibration from ['2024_08_09 00:19']
9.9078 	WARNING 	User requested fullscreen with size [1536  864], but screen is actually [1920, 1080]. Using actual size
10.6971 	EXP 	Created window1 = Window(allowGUI=True, allowStencil=True, autoLog=True, backendConf=UNKNOWN, backgroundFit=<method-wrapper '__getattribute__' of attributeSetter object at 0x0000023096A3A8C0>, backgroundImage=<method-wrapper '__getattribute__' of attributeSetter object at 0x0000023096A3A860>, bitsMode=UNKNOWN, blendMode='avg', bpc=(8, 8, 8), color=array([0, 0, 0]), colorSpace='rgb', depthBits=8, fullscr=<method-wrapper '__getattribute__' of attributeSetter object at 0x0000023096A3ADA0>, gamma=None, gammaErrorPolicy='raise', infoMsg=UNKNOWN, lms=UNKNOWN, monitor=<psychopy.monitors.calibTools.Monitor object at 0x0000023095F34BB0>, multiSample=False, name='window1', numSamples=2, pos=[0.0, 0.0], screen=0, size=array([1920, 1080]), stencilBits=8, stereo=False, title='PsychoPy', units='height', useFBO=True, useRetina=False, viewOri=0.0, viewPos=None, viewScale=None, waitBlanking=True, winType='pyglet')
10.6972 	EXP 	window1: backgroundImage = ''
10.6972 	EXP 	window1: backgroundFit = 'none'
10.6984 	EXP 	window1: mouseVisible = <method-wrapper '__getattribute__' of attributeSetter object at 0x0000023096A3A9E0>
10.7002 	EXP 	window1: mouseVisible = <method-wrapper '__getattribute__' of attributeSetter object at 0x0000023096A3A9E0>
10.7185 	EXP 	window1: mouseVisible = <method-wrapper '__getattribute__' of attributeSetter object at 0x0000023096A3A9E0>
10.7212 	EXP 	window1: mouseVisible = <method-wrapper '__getattribute__' of attributeSetter object at 0x0000023096A3A9E0>
10.8176 	EXP 	window1: mouseVisible = <method-wrapper '__getattribute__' of attributeSetter object at 0x0000023096A3A9E0>
10.8187 	EXP 	window1: mouseVisible = <method-wrapper '__getattribute__' of attributeSetter object at 0x0000023096A3A9E0>
10.8210 	EXP 	window1: mouseVisible = <method-wrapper '__getattribute__' of attributeSetter object at 0x0000023096A3A9E0>
10.8231 	EXP 	window1: mouseVisible = <method-wrapper '__getattribute__' of attributeSetter object at 0x0000023096A3A9E0>
10.8480 	EXP 	window1: Attempting to measure frame rate of screen (0) ...
10.8481 	EXP 	window1: recordFrameIntervals = False
11.2725 	EXP 	window1: recordFrameIntervals = True
11.4722 	EXP 	Screen (0) actual frame rate measured at 60.80Hz
11.4723 	EXP 	window1: recordFrameIntervals = False
11.4731 	EXP 	window1: mouseVisible = True
15.8844 	INFO 	keyboard.Keyboard is using iohub backend.
15.8845 	EXP 	wordpriming: status = STARTED
15.8850 	EXP 	window1: mouseVisible = True
15.9726 	EXP 	Created text = TextStim(__class__=<class 'psychopy.visual.text.TextStim'>, alignHoriz=method-wrapper(...), alignText='center', alignVert=method-wrapper(...), anchorHoriz='center', anchorVert='center', antialias=True, autoDraw=False, autoLog=True, bold=False, color=array([1., 1., 1.]), colorSpace='rgb', contrast=1.0, depth=0.0, draggable=False, flipHoriz=False, flipVert=False, font='Arial', fontFiles=[], height=0.05, italic=False, languageStyle='LTR', name='text', opacity=1, ori=0.0, pos=array([0., 0.]), rgb=UNKNOWN, text='', units='height', win=Window(...), wrapWidth=1)
16.0524 	EXP 	window1: mouseVisible = True
16.0590 	EXP 	window1: mouseVisible = True
16.0593 	EXP 	window1: mouseVisible = True
16.0608 	EXP 	window1: mouseVisible = True
16.0621 	EXP 	window1: mouseVisible = True
16.0800 	EXP 	window1: mouseVisible = True
16.0802 	EXP 	window1: mouseVisible = True
16.0819 	EXP 	window1: mouseVisible = True
16.0834 	EXP 	window1: mouseVisible = True
16.0963 	EXP 	window1: mouseVisible = True
16.0966 	EXP 	window1: mouseVisible = True
16.0983 	EXP 	window1: mouseVisible = True
16.0999 	EXP 	window1: mouseVisible = True
16.1169 	EXP 	window1: mouseVisible = True
16.1172 	EXP 	window1: mouseVisible = True
16.1188 	EXP 	window1: mouseVisible = True
16.1204 	EXP 	window1: mouseVisible = True
16.1316 	EXP 	window1: mouseVisible = True
16.1470 	EXP 	window1: mouseVisible = True
16.1808 	EXP 	Created slider = Slider(__class__=<class 'psychopy.visual.slider.Slider'>, autoDraw=False, autoLog=True, borderColor=None, color=None, colorSpace='rgb', depth=-1, fillColor=None, flip=False, font='Open Sans', granularity=0.0, labelColor=None, labelHeight=0.05, labelWrapWidth=None, labels=['Familiar', 'Unfamiliar'], lineColor=None, markerColor=None, name='slider', opacity=None, ori=0.0, pos=array([ 0. , -0.3]), readOnly=False, self=UNKNOWN, size=array([1. , 0.1]), startValue=None, style='rating', styleTweaks=[], ticks=array([1, 2, 3, 4, 5]), units='height', win=Window(...))
16.1811 	EXP 	window1: mouseVisible = True
16.1831 	EXP 	Created text_2 = TextStim(__class__=<class 'psychopy.visual.text.TextStim'>, alignHoriz=method-wrapper(...), alignText='center', alignVert=method-wrapper(...), anchorHoriz='center', anchorVert='center', antialias=True, autoDraw=False, autoLog=True, bold=False, color=array([1., 1., 1.]), colorSpace='rgb', contrast=1.0, depth=0.0, draggable=False, flipHoriz=False, flipVert=False, font='Arial', fontFiles=[], height=0.05, italic=False, languageStyle='LTR', name='text_2', opacity=1, ori=0.0, pos=array([0. , 0.3]), rgb=UNKNOWN, text='', units='height', win=Window(...), wrapWidth=1)
16.1837 	EXP 	window1: mouseVisible = True
16.1840 	EXP 	window1: mouseVisible = True
16.1859 	EXP 	window1: mouseVisible = True
16.1876 	EXP 	window1: mouseVisible = True
16.1986 	EXP 	window1: mouseVisible = True
16.1989 	EXP 	window1: mouseVisible = True
16.2004 	EXP 	window1: mouseVisible = True
16.2019 	EXP 	window1: mouseVisible = True
16.2605 	EXP 	window1: mouseVisible = True
16.4818 	EXP 	Created text_3 = TextStim(__class__=<class 'psychopy.visual.text.TextStim'>, alignHoriz=method-wrapper(...), alignText='center', alignVert=method-wrapper(...), anchorHoriz='center', anchorVert='center', antialias=True, autoDraw=False, autoLog=True, bold=False, color=array([1., 1., 1.]), colorSpace='rgb', contrast=1.0, depth=-2.0, draggable=False, flipHoriz=False, flipVert=False, font='Arial', fontFiles=[], height=0.05, italic=False, languageStyle='LTR', name='text_3', opacity=1, ori=0.0, pos=array([ 0. , -0.3]), rgb=UNKNOWN, text='Click to Submit', units='height', win=Window(...), wrapWidth=1)
0.0122 	EXP 	slider: autoLog = True
0.0122 	EXP 	slider: styleTweaks = []
0.0122 	EXP 	slider: styleTweaks = []
0.0122 	EXP 	slider: styleTweaks = []
0.0122 	EXP 	slider: styleTweaks = []
0.0122 	EXP 	slider: contrast = 1.0
0.0122 	EXP 	slider: markerPos = None
0.0122 	EXP 	slider: autoLog = True
0.0122 	EXP 	textbox: autoLog = True
0.0257 	EXP 	Imported study_words.xlsx as conditions, 15 conditions, 1 params
0.0266 	EXP 	New trial (rep=0, index=0): <Trial 0 (0 in rep 0) data={'study_word': 'tiger', 'thisN': 0, 'thisTrialN': 0, 'thisRepN': 0}>
0.0944 	EXP 	text: height = 0.05
0.0944 	EXP 	text: height = 0.05
0.0944 	EXP 	text: height = 0.05
0.0944 	EXP 	text: text = 'tiger'
0.0944 	EXP 	slider: markerPos = None
0.0944 	EXP 	slider: markerPos = None
0.0944 	EXP 	text: autoDraw = True
0.0944 	EXP 	slider: autoDraw = True
2.4265 	DATA 	Mouse: Left button down, pos=(693,225)
2.4732 	EXP 	slider: markerPos = 2.011111111111111
2.5065 	EXP 	slider: markerPos = 2.011111111111111
2.5400 	EXP 	slider: markerPos = 2.011111111111111
2.5732 	EXP 	slider: markerPos = 2.011111111111111
2.6065 	EXP 	slider: markerPos = 2.011111111111111
2.6256 	DATA 	Mouse:  Left button up, pos=(693,225)
2.6397 	EXP 	slider: markerPos = 2.011111111111111
2.6732 	EXP 	slider: markerPos = 2.011111111111111
2.6769 	EXP 	New trial (rep=0, index=1): <Trial 1 (1 in rep 0) data={'study_word': 'piano', 'thisN': 1, 'thisTrialN': 1, 'thisRepN': 0}>
2.7233 	EXP 	text: autoDraw = False
2.7233 	EXP 	slider: autoDraw = False
2.7233 	EXP 	text: height = 0.05
2.7233 	EXP 	text: height = 0.05
2.7233 	EXP 	text: height = 0.05
2.7233 	EXP 	text: text = 'piano'
2.7233 	EXP 	slider: markerPos = None
2.7233 	EXP 	slider: markerPos = None
2.7233 	EXP 	text: autoDraw = True
2.7233 	EXP 	slider: autoDraw = True
3.4824 	DATA 	Mouse: Left button down, pos=(693,225)
3.5064 	EXP 	slider: markerPos = 2.011111111111111
3.5397 	EXP 	slider: markerPos = 2.011111111111111
3.5733 	EXP 	slider: markerPos = 2.011111111111111
3.6066 	EXP 	slider: markerPos = 2.011111111111111
3.6400 	EXP 	slider: markerPos = 2.011111111111111
3.6732 	EXP 	slider: markerPos = 2.011111111111111
3.6923 	DATA 	Mouse:  Left button up, pos=(693,225)
3.7065 	EXP 	slider: markerPos = 2.011111111111111
3.7397 	EXP 	slider: markerPos = 2.011111111111111
3.7419 	EXP 	New trial (rep=0, index=2): <Trial 2 (2 in rep 0) data={'study_word': 'marble', 'thisN': 2, 'thisTrialN': 2, 'thisRepN': 0}>
3.7741 	EXP 	text: autoDraw = False
3.7741 	EXP 	slider: autoDraw = False
3.7741 	EXP 	text: height = 0.05
3.7741 	EXP 	text: height = 0.05
3.7741 	EXP 	text: height = 0.05
3.7741 	EXP 	text: text = 'marble'
3.7741 	EXP 	slider: markerPos = None
3.7741 	EXP 	slider: markerPos = None
3.7741 	EXP 	text: autoDraw = True
3.7741 	EXP 	slider: autoDraw = True
5.4665 	DATA 	Mouse: Left button down, pos=(417,218)
5.4898 	EXP 	slider: markerPos = 0.9888888888888889
5.5133 	EXP 	slider: markerPos = 0.9888888888888889
5.5399 	EXP 	slider: markerPos = 0.9888888888888889
5.5732 	EXP 	slider: markerPos = 0.9888888888888889
5.6066 	EXP 	slider: markerPos = 0.9888888888888889
5.6402 	EXP 	slider: markerPos = 0.9888888888888889
5.6741 	EXP 	slider: markerPos = 0.9888888888888889
5.6769 	DATA 	Mouse:  Left button up, pos=(417,218)
5.7064 	EXP 	slider: markerPos = 1
5.7082 	EXP 	New trial (rep=0, index=3): <Trial 3 (3 in rep 0) data={'study_word': 'book', 'thisN': 3, 'thisTrialN': 3, 'thisRepN': 0}>
5.7274 	EXP 	text: autoDraw = False
5.7274 	EXP 	slider: autoDraw = False
5.7274 	EXP 	text: height = 0.05
5.7274 	EXP 	text: height = 0.05
5.7274 	EXP 	text: height = 0.05
5.7274 	EXP 	text: text = 'book'
5.7274 	EXP 	slider: markerPos = None
5.7274 	EXP 	slider: markerPos = None
5.7274 	EXP 	text: autoDraw = True
5.7274 	EXP 	slider: autoDraw = True
7.0271 	DATA 	Mouse: Left button down, pos=(963,216)
7.0472 	EXP 	slider: markerPos = 3.011111111111111
7.0732 	EXP 	slider: markerPos = 3.011111111111111
7.1067 	EXP 	slider: markerPos = 3.011111111111111
7.1400 	EXP 	slider: markerPos = 3.011111111111111
7.1734 	EXP 	slider: markerPos = 3.011111111111111
7.2075 	EXP 	slider: markerPos = 3.011111111111111
7.2104 	DATA 	Mouse:  Left button up, pos=(963,216)
7.2399 	EXP 	slider: markerPos = 3.011111111111111
7.2419 	EXP 	New trial (rep=0, index=4): <Trial 4 (4 in rep 0) data={'study_word': 'pastry', 'thisN': 4, 'thisTrialN': 4, 'thisRepN': 0}>
7.2732 	EXP 	text: autoDraw = False
7.2732 	EXP 	slider: autoDraw = False
7.2732 	EXP 	text: height = 0.05
7.2732 	EXP 	text: height = 0.05
7.2732 	EXP 	text: height = 0.05
7.2732 	EXP 	text: text = 'pastry'
7.2732 	EXP 	slider: markerPos = None
7.2732 	EXP 	slider: markerPos = None
7.2732 	EXP 	text: autoDraw = True
7.2732 	EXP 	slider: autoDraw = True
8.3925 	DATA 	Mouse: Left button down, pos=(1237,215)
8.4400 	EXP 	slider: markerPos = 4.025925925925926
8.4737 	EXP 	slider: markerPos = 4.025925925925926
8.4955 	EXP 	slider: markerPos = 4.025925925925926
8.5153 	EXP 	slider: markerPos = 4.025925925925926
8.5423 	EXP 	slider: markerPos = 4.025925925925926
8.5736 	EXP 	slider: markerPos = 4.025925925925926
8.6065 	EXP 	slider: markerPos = 4.025925925925926
8.6084 	DATA 	Mouse:  Left button up, pos=(1237,215)
8.6280 	EXP 	slider: markerPos = 4.025925925925926
8.6293 	EXP 	New trial (rep=0, index=5): <Trial 5 (5 in rep 0) data={'study_word': 'police', 'thisN': 5, 'thisTrialN': 5, 'thisRepN': 0}>
8.6566 	EXP 	text: autoDraw = False
8.6566 	EXP 	slider: autoDraw = False
8.6566 	EXP 	text: height = 0.05
8.6566 	EXP 	text: height = 0.05
8.6566 	EXP 	text: height = 0.05
8.6566 	EXP 	text: text = 'police'
8.6566 	EXP 	slider: markerPos = None
8.6566 	EXP 	slider: markerPos = None
8.6566 	EXP 	text: autoDraw = True
8.6566 	EXP 	slider: autoDraw = True
10.2769 	DATA 	Mouse: Left button down, pos=(1508,218)
10.3068 	EXP 	slider: markerPos = 5.02962962962963
10.3403 	EXP 	slider: markerPos = 5.02962962962963
10.3734 	EXP 	slider: markerPos = 5.02962962962963
10.3929 	EXP 	slider: markerPos = 5.02962962962963
10.4235 	EXP 	slider: markerPos = 5.02962962962963
10.4460 	EXP 	slider: markerPos = 5.02962962962963
10.4737 	EXP 	slider: markerPos = 5.02962962962963
10.4936 	DATA 	Mouse:  Left button up, pos=(1508,218)
10.5065 	EXP 	slider: markerPos = 5.02962962962963
10.5242 	EXP 	slider: markerPos = 5
10.5255 	EXP 	New trial (rep=0, index=6): <Trial 6 (6 in rep 0) data={'study_word': 'orange', 'thisN': 6, 'thisTrialN': 6, 'thisRepN': 0}>
10.5461 	EXP 	text: autoDraw = False
10.5461 	EXP 	slider: autoDraw = False
10.5461 	EXP 	text: height = 0.05
10.5461 	EXP 	text: height = 0.05
10.5461 	EXP 	text: height = 0.05
10.5461 	EXP 	text: text = 'orange'
10.5461 	EXP 	slider: markerPos = None
10.5461 	EXP 	slider: markerPos = None
10.5461 	EXP 	text: autoDraw = True
10.5461 	EXP 	slider: autoDraw = True
12.0765 	DATA 	Mouse: Left button down, pos=(1244,214)
12.1069 	EXP 	slider: markerPos = 4.051851851851852
12.1404 	EXP 	slider: markerPos = 4.051851851851852
12.1736 	EXP 	slider: markerPos = 4.051851851851852
12.2070 	EXP 	slider: markerPos = 4.051851851851852
12.2402 	EXP 	slider: markerPos = 4.051851851851852
12.2586 	DATA 	Mouse:  Left button up, pos=(1244,214)
12.2735 	EXP 	slider: markerPos = 4.051851851851852
12.2948 	EXP 	slider: markerPos = 4.051851851851852
12.2961 	EXP 	New trial (rep=0, index=7): <Trial 7 (7 in rep 0) data={'study_word': 'camera', 'thisN': 7, 'thisTrialN': 7, 'thisRepN': 0}>
12.3235 	EXP 	text: autoDraw = False
12.3235 	EXP 	slider: autoDraw = False
12.3235 	EXP 	text: height = 0.05
12.3235 	EXP 	text: height = 0.05
12.3235 	EXP 	text: height = 0.05
12.3235 	EXP 	text: text = 'camera'
12.3235 	EXP 	slider: markerPos = None
12.3235 	EXP 	slider: markerPos = None
12.3235 	EXP 	text: autoDraw = True
12.3235 	EXP 	slider: autoDraw = True
13.1770 	DATA 	Mouse: Left button down, pos=(1244,214)
13.2070 	EXP 	slider: markerPos = 4.051851851851852
13.2405 	EXP 	slider: markerPos = 4.051851851851852
13.2736 	EXP 	slider: markerPos = 4.051851851851852
13.3069 	EXP 	slider: markerPos = 4.051851851851852
13.3404 	EXP 	slider: markerPos = 4.051851851851852
13.3737 	EXP 	slider: markerPos = 4.051851851851852
13.3922 	DATA 	Mouse:  Left button up, pos=(1244,214)
13.4069 	EXP 	slider: markerPos = 4.051851851851852
13.4401 	EXP 	slider: markerPos = 4.051851851851852
13.4426 	EXP 	New trial (rep=0, index=8): <Trial 8 (8 in rep 0) data={'study_word': 'board', 'thisN': 8, 'thisTrialN': 8, 'thisRepN': 0}>
13.4903 	EXP 	text: autoDraw = False
13.4903 	EXP 	slider: autoDraw = False
13.4903 	EXP 	text: height = 0.05
13.4903 	EXP 	text: height = 0.05
13.4903 	EXP 	text: height = 0.05
13.4903 	EXP 	text: text = 'board'
13.4903 	EXP 	slider: markerPos = None
13.4903 	EXP 	slider: markerPos = None
13.4903 	EXP 	text: autoDraw = True
13.4903 	EXP 	slider: autoDraw = True
15.1431 	DATA 	Mouse: Left button down, pos=(972,227)
15.1611 	EXP 	slider: markerPos = 3.0444444444444443
15.1901 	EXP 	slider: markerPos = 3.0444444444444443
15.2237 	EXP 	slider: markerPos = 3.0444444444444443
15.2571 	EXP 	slider: markerPos = 3.0444444444444443
15.2904 	EXP 	slider: markerPos = 3.0444444444444443
15.3239 	EXP 	slider: markerPos = 3.0444444444444443
15.3580 	EXP 	slider: markerPos = 3.0444444444444443
15.3608 	DATA 	Mouse:  Left button up, pos=(972,227)
15.3904 	EXP 	slider: markerPos = 3.0444444444444443
15.3934 	EXP 	New trial (rep=0, index=9): <Trial 9 (9 in rep 0) data={'study_word': 'phone', 'thisN': 9, 'thisTrialN': 9, 'thisRepN': 0}>
15.4236 	EXP 	text: autoDraw = False
15.4236 	EXP 	slider: autoDraw = False
15.4236 	EXP 	text: height = 0.05
15.4236 	EXP 	text: height = 0.05
15.4236 	EXP 	text: height = 0.05
15.4236 	EXP 	text: text = 'phone'
15.4236 	EXP 	slider: markerPos = None
15.4236 	EXP 	slider: markerPos = None
15.4236 	EXP 	text: autoDraw = True
15.4236 	EXP 	slider: autoDraw = True
16.6603 	DATA 	Mouse: Left button down, pos=(691,221)
16.7071 	EXP 	slider: markerPos = 2.0037037037037035
16.7405 	EXP 	slider: markerPos = 2.0037037037037035
16.7739 	EXP 	slider: markerPos = 2.0037037037037035
16.8072 	EXP 	slider: markerPos = 2.0037037037037035
16.8405 	EXP 	slider: markerPos = 2.0037037037037035
16.8611 	DATA 	Mouse:  Left button up, pos=(691,221)
16.8740 	EXP 	slider: markerPos = 2.0037037037037035
16.9071 	EXP 	slider: markerPos = 2.0037037037037035
16.9086 	EXP 	New trial (rep=0, index=10): <Trial 10 (10 in rep 0) data={'study_word': 'mouse', 'thisN': 10, 'thisTrialN': 10, 'thisRepN': 0}>
16.9311 	EXP 	text: autoDraw = False
16.9311 	EXP 	slider: autoDraw = False
16.9311 	EXP 	text: height = 0.05
16.9311 	EXP 	text: height = 0.05
16.9311 	EXP 	text: height = 0.05
16.9311 	EXP 	text: text = 'mouse'
16.9311 	EXP 	slider: markerPos = None
16.9311 	EXP 	slider: markerPos = None
16.9311 	EXP 	text: autoDraw = True
16.9311 	EXP 	slider: autoDraw = True
18.4285 	DATA 	Mouse: Left button down, pos=(416,212)
18.4739 	EXP 	slider: markerPos = 0.9851851851851854
18.5072 	EXP 	slider: markerPos = 0.9851851851851854
18.5408 	EXP 	slider: markerPos = 0.9851851851851854
18.5738 	EXP 	slider: markerPos = 0.9851851851851854
18.6073 	EXP 	slider: markerPos = 0.9851851851851854
18.6266 	DATA 	Mouse:  Left button up, pos=(416,212)
18.6405 	EXP 	slider: markerPos = 0.9851851851851854
18.6638 	EXP 	slider: markerPos = 1
18.6651 	EXP 	New trial (rep=0, index=11): <Trial 11 (11 in rep 0) data={'study_word': 'cushion', 'thisN': 11, 'thisTrialN': 11, 'thisRepN': 0}>
18.6903 	EXP 	text: autoDraw = False
18.6903 	EXP 	slider: autoDraw = False
18.6903 	EXP 	text: height = 0.05
18.6903 	EXP 	text: height = 0.05
18.6903 	EXP 	text: height = 0.05
18.6903 	EXP 	text: text = 'cushion'
18.6903 	EXP 	slider: markerPos = None
18.6903 	EXP 	slider: markerPos = None
18.6903 	EXP 	text: autoDraw = True
18.6903 	EXP 	slider: autoDraw = True
20.0629 	DATA 	Mouse: Left button down, pos=(709,223)
20.1073 	EXP 	slider: markerPos = 2.0703703703703704
20.1406 	EXP 	slider: markerPos = 2.0703703703703704
20.1739 	EXP 	slider: markerPos = 2.0703703703703704
20.2075 	EXP 	slider: markerPos = 2.0703703703703704
20.2406 	EXP 	slider: markerPos = 2.0703703703703704
20.2599 	DATA 	Mouse:  Left button up, pos=(709,223)
20.2740 	EXP 	slider: markerPos = 2.0703703703703704
20.3071 	EXP 	slider: markerPos = 2.0703703703703704
20.3088 	EXP 	New trial (rep=0, index=12): <Trial 12 (12 in rep 0) data={'study_word': 'laptop', 'thisN': 12, 'thisTrialN': 12, 'thisRepN': 0}>
20.3407 	EXP 	text: autoDraw = False
20.3407 	EXP 	slider: autoDraw = False
20.3407 	EXP 	text: height = 0.05
20.3407 	EXP 	text: height = 0.05
20.3407 	EXP 	text: height = 0.05
20.3407 	EXP 	text: text = 'laptop'
20.3407 	EXP 	slider: markerPos = None
20.3407 	EXP 	slider: markerPos = None
20.3407 	EXP 	text: autoDraw = True
20.3407 	EXP 	slider: autoDraw = True
22.4132 	DATA 	Mouse: Left button down, pos=(1482,225)
22.4575 	EXP 	slider: markerPos = 4.933333333333334
22.4908 	EXP 	slider: markerPos = 4.933333333333334
22.5241 	EXP 	slider: markerPos = 4.933333333333334
22.5573 	EXP 	slider: markerPos = 4.933333333333334
22.5907 	EXP 	slider: markerPos = 4.933333333333334
22.6241 	EXP 	slider: markerPos = 4.933333333333334
22.6263 	DATA 	Mouse:  Left button up, pos=(1482,225)
22.6573 	EXP 	slider: markerPos = 4.933333333333334
22.6596 	EXP 	New trial (rep=0, index=13): <Trial 13 (13 in rep 0) data={'study_word': 'vase', 'thisN': 13, 'thisTrialN': 13, 'thisRepN': 0}>
22.6973 	EXP 	text: autoDraw = False
22.6973 	EXP 	slider: autoDraw = False
22.6973 	EXP 	text: height = 0.05
22.6973 	EXP 	text: height = 0.05
22.6973 	EXP 	text: height = 0.05
22.6973 	EXP 	text: text = 'vase'
22.6973 	EXP 	slider: markerPos = None
22.6973 	EXP 	slider: markerPos = None
22.6973 	EXP 	text: autoDraw = True
22.6973 	EXP 	slider: autoDraw = True
23.5494 	DATA 	Mouse: Left button down, pos=(1482,225)
23.5741 	EXP 	slider: markerPos = 4.933333333333334
23.6077 	EXP 	slider: markerPos = 4.933333333333334
23.6408 	EXP 	slider: markerPos = 4.933333333333334
23.6741 	EXP 	slider: markerPos = 4.933333333333334
23.7076 	EXP 	slider: markerPos = 4.933333333333334
23.7414 	EXP 	slider: markerPos = 4.933333333333334
23.7441 	DATA 	Mouse:  Left button up, pos=(1482,225)
23.7737 	EXP 	slider: markerPos = 4.933333333333334
23.7753 	EXP 	New trial (rep=0, index=14): <Trial 14 (14 in rep 0) data={'study_word': 'keys', 'thisN': 14, 'thisTrialN': 14, 'thisRepN': 0}>
23.8075 	EXP 	text: autoDraw = False
23.8075 	EXP 	slider: autoDraw = False
23.8075 	EXP 	text: height = 0.05
23.8075 	EXP 	text: height = 0.05
23.8075 	EXP 	text: height = 0.05
23.8075 	EXP 	text: text = 'keys'
23.8075 	EXP 	slider: markerPos = None
23.8075 	EXP 	slider: markerPos = None
23.8075 	EXP 	text: autoDraw = True
23.8075 	EXP 	slider: autoDraw = True
25.4136 	DATA 	Mouse: Left button down, pos=(966,199)
25.4577 	EXP 	slider: markerPos = 3.022222222222222
25.4909 	EXP 	slider: markerPos = 3.022222222222222
25.5242 	EXP 	slider: markerPos = 3.022222222222222
25.5576 	EXP 	slider: markerPos = 3.022222222222222
25.5908 	EXP 	slider: markerPos = 3.022222222222222
25.6145 	DATA 	Mouse:  Left button up, pos=(966,199)
25.6249 	EXP 	slider: markerPos = 3.022222222222222
25.6576 	EXP 	slider: markerPos = 3.022222222222222
25.6700 	EXP 	Imported test_words.xlsx as conditions, 20 conditions, 3 params
25.6705 	EXP 	New trial (rep=0, index=0): <Trial 0 (0 in rep 0) data={'test_word': 'c_m_r_', 'reference': 'camera', 'old_new': 'old', 'thisN': 0, 'thisTrialN': 0, 'thisRepN': 0}>
25.7002 	EXP 	text: autoDraw = False
25.7002 	EXP 	slider: autoDraw = False
25.7002 	EXP 	text_2: height = 0.05
25.7002 	EXP 	text_2: height = 0.05
25.7002 	EXP 	text_2: height = 0.05
25.7002 	EXP 	text_2: text = 'c_m_r_'
25.7002 	EXP 	text_2: autoDraw = True
25.7002 	EXP 	textbox: autoDraw = True
25.7002 	EXP 	text_3: autoDraw = True
26.0752 	DATA 	Mouse: Left button down, pos=(966,199)
26.0776 	EXP 	New trial (rep=0, index=1): <Trial 1 (1 in rep 0) data={'test_word': 't_b_e', 'reference': 'table', 'old_new': 'new', 'thisN': 1, 'thisTrialN': 1, 'thisRepN': 0}>
26.1074 	EXP 	text_2: autoDraw = False
26.1074 	EXP 	textbox: autoDraw = False
26.1074 	EXP 	text_3: autoDraw = False
26.1074 	EXP 	text_2: height = 0.05
26.1074 	EXP 	text_2: height = 0.05
26.1074 	EXP 	text_2: height = 0.05
26.1074 	EXP 	text_2: text = 't_b_e'
26.1074 	EXP 	text_2: autoDraw = True
26.1074 	EXP 	textbox: autoDraw = True
26.1074 	EXP 	text_3: autoDraw = True
26.2842 	DATA 	Mouse:  Left button up, pos=(966,199)
29.0572 	DATA 	Keypress: t
29.9869 	DATA 	Keypress: a
30.5143 	DATA 	Keypress: b
30.7578 	DATA 	Keypress: l
30.9420 	DATA 	Keypress: e
32.2126 	DATA 	Mouse: Left button down, pos=(1025,205)
32.2147 	EXP 	New trial (rep=0, index=2): <Trial 2 (2 in rep 0) data={'test_word': 'b_tt_e', 'reference': 'bottle', 'old_new': 'new', 'thisN': 2, 'thisTrialN': 2, 'thisRepN': 0}>
32.2440 	EXP 	text_2: autoDraw = False
32.2440 	EXP 	textbox: autoDraw = False
32.2440 	EXP 	text_3: autoDraw = False
32.2440 	EXP 	text_2: height = 0.05
32.2440 	EXP 	text_2: height = 0.05
32.2440 	EXP 	text_2: height = 0.05
32.2440 	EXP 	text_2: text = 'b_tt_e'
32.2440 	EXP 	text_2: autoDraw = True
32.2440 	EXP 	textbox: autoDraw = True
32.2440 	EXP 	text_3: autoDraw = True
32.4331 	DATA 	Mouse:  Left button up, pos=(1025,205)
37.8758 	DATA 	Keypress: b
38.4755 	DATA 	Keypress: o
39.0932 	DATA 	Keypress: t
39.3262 	DATA 	Keypress: t
39.5529 	DATA 	Keypress: l
39.6593 	DATA 	Keypress: e
41.6020 	DATA 	Mouse: Left button down, pos=(1025,205)
41.6046 	EXP 	New trial (rep=0, index=3): <Trial 3 (3 in rep 0) data={'test_word': 'k_y_', 'reference': 'keys', 'old_new': 'old', 'thisN': 3, 'thisTrialN': 3, 'thisRepN': 0}>
41.6312 	EXP 	text_2: autoDraw = False
41.6312 	EXP 	textbox: autoDraw = False
41.6312 	EXP 	text_3: autoDraw = False
41.6312 	EXP 	text_2: height = 0.05
41.6312 	EXP 	text_2: height = 0.05
41.6312 	EXP 	text_2: height = 0.05
41.6312 	EXP 	text_2: text = 'k_y_'
41.6312 	EXP 	text_2: autoDraw = True
41.6312 	EXP 	textbox: autoDraw = True
41.6312 	EXP 	text_3: autoDraw = True
41.8105 	DATA 	Mouse:  Left button up, pos=(1025,205)
43.1907 	DATA 	Keypress: k
43.5462 	DATA 	Keypress: e
43.7843 	DATA 	Keypress: y
43.9425 	DATA 	Keypress: s
48.1150 	DATA 	Mouse: Left button down, pos=(1025,205)
48.1171 	EXP 	New trial (rep=0, index=4): <Trial 4 (4 in rep 0) data={'test_word': '_a_e', 'reference': 'vase', 'old_new': 'old', 'thisN': 4, 'thisTrialN': 4, 'thisRepN': 0}>
48.1459 	EXP 	text_2: autoDraw = False
48.1459 	EXP 	textbox: autoDraw = False
48.1459 	EXP 	text_3: autoDraw = False
48.1459 	EXP 	text_2: height = 0.05
48.1459 	EXP 	text_2: height = 0.05
48.1459 	EXP 	text_2: height = 0.05
48.1459 	EXP 	text_2: text = '_a_e'
48.1459 	EXP 	text_2: autoDraw = True
48.1459 	EXP 	textbox: autoDraw = True
48.1459 	EXP 	text_3: autoDraw = True
48.3428 	DATA 	Mouse:  Left button up, pos=(1025,205)
51.0150 	DATA 	Keypress: v
51.2431 	DATA 	Keypress: a
51.5598 	DATA 	Keypress: s
52.0473 	DATA 	Keypress: e
54.1639 	DATA 	Mouse: Left button down, pos=(1025,205)
54.1658 	EXP 	New trial (rep=0, index=5): <Trial 5 (5 in rep 0) data={'test_word': '_oo_', 'reference': 'book', 'old_new': 'old', 'thisN': 5, 'thisTrialN': 5, 'thisRepN': 0}>
54.1933 	EXP 	text_2: autoDraw = False
54.1933 	EXP 	textbox: autoDraw = False
54.1933 	EXP 	text_3: autoDraw = False
54.1933 	EXP 	text_2: height = 0.05
54.1933 	EXP 	text_2: height = 0.05
54.1933 	EXP 	text_2: height = 0.05
54.1933 	EXP 	text_2: text = '_oo_'
54.1933 	EXP 	text_2: autoDraw = True
54.1933 	EXP 	textbox: autoDraw = True
54.1933 	EXP 	text_3: autoDraw = True
54.3783 	DATA 	Mouse:  Left button up, pos=(1025,205)
55.3649 	DATA 	Keypress: b
58.0598 	DATA 	Keypress: o
58.2765 	DATA 	Keypress: o
58.6431 	DATA 	Keypress: k
62.0855 	DATA 	Mouse: Left button down, pos=(1025,205)
62.0876 	EXP 	New trial (rep=0, index=6): <Trial 6 (6 in rep 0) data={'test_word': 'c_s_i_n', 'reference': 'cushion', 'old_new': 'old', 'thisN': 6, 'thisTrialN': 6, 'thisRepN': 0}>
62.1169 	EXP 	text_2: autoDraw = False
62.1169 	EXP 	textbox: autoDraw = False
62.1169 	EXP 	text_3: autoDraw = False
62.1169 	EXP 	text_2: height = 0.05
62.1169 	EXP 	text_2: height = 0.05
62.1169 	EXP 	text_2: height = 0.05
62.1169 	EXP 	text_2: text = 'c_s_i_n'
62.1169 	EXP 	text_2: autoDraw = True
62.1169 	EXP 	textbox: autoDraw = True
62.1169 	EXP 	text_3: autoDraw = True
62.2962 	DATA 	Mouse:  Left button up, pos=(1025,205)
65.0242 	DATA 	Keypress: c
65.2865 	DATA 	Keypress: u
65.4888 	DATA 	Keypress: s
65.8858 	DATA 	Keypress: h
66.2935 	DATA 	Keypress: i
66.5269 	DATA 	Keypress: o
66.7955 	DATA 	Keypress: n
68.7775 	DATA 	Mouse: Left button down, pos=(1025,205)
68.7798 	EXP 	New trial (rep=0, index=7): <Trial 7 (7 in rep 0) data={'test_word': '_as_r_', 'reference': 'pastry', 'old_new': 'old', 'thisN': 7, 'thisTrialN': 7, 'thisRepN': 0}>
68.8093 	EXP 	text_2: autoDraw = False
68.8093 	EXP 	textbox: autoDraw = False
68.8093 	EXP 	text_3: autoDraw = False
68.8093 	EXP 	text_2: height = 0.05
68.8093 	EXP 	text_2: height = 0.05
68.8093 	EXP 	text_2: height = 0.05
68.8093 	EXP 	text_2: text = '_as_r_'
68.8093 	EXP 	text_2: autoDraw = True
68.8093 	EXP 	textbox: autoDraw = True
68.8093 	EXP 	text_3: autoDraw = True
68.9636 	DATA 	Mouse:  Left button up, pos=(1025,205)
72.5939 	DATA 	Keypress: p
73.3956 	DATA 	Keypress: a
73.9538 	DATA 	Keypress: s
74.4291 	DATA 	Keypress: t
74.8451 	DATA 	Keypress: r
75.9380 	DATA 	Keypress: y
78.0978 	DATA 	Mouse: Left button down, pos=(1025,205)
78.0999 	EXP 	New trial (rep=0, index=8): <Trial 8 (8 in rep 0) data={'test_word': 'o_a_g_', 'reference': 'orange', 'old_new': 'old', 'thisN': 8, 'thisTrialN': 8, 'thisRepN': 0}>
78.1290 	EXP 	text_2: autoDraw = False
78.1290 	EXP 	textbox: autoDraw = False
78.1290 	EXP 	text_3: autoDraw = False
78.1290 	EXP 	text_2: height = 0.05
78.1290 	EXP 	text_2: height = 0.05
78.1290 	EXP 	text_2: height = 0.05
78.1290 	EXP 	text_2: text = 'o_a_g_'
78.1290 	EXP 	text_2: autoDraw = True
78.1290 	EXP 	textbox: autoDraw = True
78.1290 	EXP 	text_3: autoDraw = True
78.2992 	DATA 	Mouse:  Left button up, pos=(1025,205)
79.4412 	DATA 	Keypress: o
79.6796 	DATA 	Keypress: r
79.9607 	DATA 	Keypress: a
80.1862 	DATA 	Keypress: n
80.5050 	DATA 	Keypress: g
80.6959 	DATA 	Keypress: e
82.7785 	DATA 	Mouse: Left button down, pos=(1025,205)
82.7805 	EXP 	New trial (rep=0, index=9): <Trial 9 (9 in rep 0) data={'test_word': 'p_l_ce', 'reference': 'police', 'old_new': 'old', 'thisN': 9, 'thisTrialN': 9, 'thisRepN': 0}>
82.8099 	EXP 	text_2: autoDraw = False
82.8099 	EXP 	textbox: autoDraw = False
82.8099 	EXP 	text_3: autoDraw = False
82.8099 	EXP 	text_2: height = 0.05
82.8099 	EXP 	text_2: height = 0.05
82.8099 	EXP 	text_2: height = 0.05
82.8099 	EXP 	text_2: text = 'p_l_ce'
82.8099 	EXP 	text_2: autoDraw = True
82.8099 	EXP 	textbox: autoDraw = True
82.8099 	EXP 	text_3: autoDraw = True
82.9931 	DATA 	Mouse:  Left button up, pos=(1025,205)
92.7975 	EXP 	New trial (rep=0, index=10): <Trial 10 (10 in rep 0) data={'test_word': '_ar_l_', 'reference': 'marble', 'old_new': 'old', 'thisN': 10, 'thisTrialN': 10, 'thisRepN': 0}>
92.8271 	EXP 	text_2: autoDraw = False
92.8271 	EXP 	textbox: autoDraw = False
92.8271 	EXP 	text_3: autoDraw = False
92.8271 	EXP 	text_2: height = 0.05
92.8271 	EXP 	text_2: height = 0.05
92.8271 	EXP 	text_2: height = 0.05
92.8271 	EXP 	text_2: text = '_ar_l_'
92.8271 	EXP 	text_2: autoDraw = True
92.8271 	EXP 	textbox: autoDraw = True
92.8271 	EXP 	text_3: autoDraw = True
102.7999 	EXP 	New trial (rep=0, index=11): <Trial 11 (11 in rep 0) data={'test_word': 'm_u_e', 'reference': 'mouse', 'old_new': 'old', 'thisN': 11, 'thisTrialN': 11, 'thisRepN': 0}>
102.8284 	EXP 	text_2: autoDraw = False
102.8284 	EXP 	textbox: autoDraw = False
102.8284 	EXP 	text_3: autoDraw = False
102.8284 	EXP 	text_2: height = 0.05
102.8284 	EXP 	text_2: height = 0.05
102.8284 	EXP 	text_2: height = 0.05
102.8284 	EXP 	text_2: text = 'm_u_e'
102.8284 	EXP 	text_2: autoDraw = True
102.8284 	EXP 	textbox: autoDraw = True
102.8284 	EXP 	text_3: autoDraw = True
106.7400 	DATA 	Keypress: m
107.3129 	DATA 	Keypress: o
107.7565 	DATA 	Keypress: u
108.0153 	DATA 	Keypress: s
108.3123 	DATA 	Keypress: e
109.9316 	DATA 	Mouse: Left button down, pos=(1025,205)
109.9339 	EXP 	New trial (rep=0, index=12): <Trial 12 (12 in rep 0) data={'test_word': '_r_i_e', 'reference': 'cruise', 'old_new': 'new', 'thisN': 12, 'thisTrialN': 12, 'thisRepN': 0}>
109.9609 	EXP 	text_2: autoDraw = False
109.9609 	EXP 	textbox: autoDraw = False
109.9609 	EXP 	text_3: autoDraw = False
109.9609 	EXP 	text_2: height = 0.05
109.9609 	EXP 	text_2: height = 0.05
109.9609 	EXP 	text_2: height = 0.05
109.9609 	EXP 	text_2: text = '_r_i_e'
109.9609 	EXP 	text_2: autoDraw = True
109.9609 	EXP 	textbox: autoDraw = True
109.9609 	EXP 	text_3: autoDraw = True
110.1605 	DATA 	Mouse:  Left button up, pos=(1025,205)
119.9348 	EXP 	New trial (rep=0, index=13): <Trial 13 (13 in rep 0) data={'test_word': 'p__c_l', 'reference': 'pencil', 'old_new': 'new', 'thisN': 13, 'thisTrialN': 13, 'thisRepN': 0}>
119.9630 	EXP 	text_2: autoDraw = False
119.9630 	EXP 	textbox: autoDraw = False
119.9630 	EXP 	text_3: autoDraw = False
119.9630 	EXP 	text_2: height = 0.05
119.9630 	EXP 	text_2: height = 0.05
119.9630 	EXP 	text_2: height = 0.05
119.9630 	EXP 	text_2: text = 'p__c_l'
119.9630 	EXP 	text_2: autoDraw = True
119.9630 	EXP 	textbox: autoDraw = True
119.9630 	EXP 	text_3: autoDraw = True
126.2634 	DATA 	Keypress: p
127.9639 	DATA 	Keypress: e
128.3627 	DATA 	Keypress: n
129.6301 	DATA 	Keypress: c
129.9381 	EXP 	New trial (rep=0, index=14): <Trial 14 (14 in rep 0) data={'test_word': '_ia_o', 'reference': 'piano', 'old_new': 'old', 'thisN': 14, 'thisTrialN': 14, 'thisRepN': 0}>
129.9664 	EXP 	text_2: autoDraw = False
129.9664 	EXP 	textbox: autoDraw = False
129.9664 	EXP 	text_3: autoDraw = False
129.9664 	EXP 	text_2: height = 0.05
129.9664 	EXP 	text_2: height = 0.05
129.9664 	EXP 	text_2: height = 0.05
129.9664 	EXP 	text_2: text = '_ia_o'
129.9664 	EXP 	text_2: autoDraw = True
129.9664 	EXP 	textbox: autoDraw = True
129.9664 	EXP 	text_3: autoDraw = True
130.1796 	DATA 	Keypress: i
131.7598 	DATA 	Keypress: backspace
132.9822 	DATA 	Keypress: p
134.2304 	DATA 	Keypress: i
134.5216 	DATA 	Keypress: a
134.8915 	DATA 	Keypress: n
135.1635 	DATA 	Keypress: o
137.1827 	DATA 	Mouse: Left button down, pos=(1025,205)
137.1848 	EXP 	New trial (rep=0, index=15): <Trial 15 (15 in rep 0) data={'test_word': 'b_a_d', 'reference': 'board', 'old_new': 'old', 'thisN': 15, 'thisTrialN': 15, 'thisRepN': 0}>
137.2144 	EXP 	text_2: autoDraw = False
137.2144 	EXP 	textbox: autoDraw = False
137.2144 	EXP 	text_3: autoDraw = False
137.2144 	EXP 	text_2: height = 0.05
137.2144 	EXP 	text_2: height = 0.05
137.2144 	EXP 	text_2: height = 0.05
137.2144 	EXP 	text_2: text = 'b_a_d'
137.2144 	EXP 	text_2: autoDraw = True
137.2144 	EXP 	textbox: autoDraw = True
137.2144 	EXP 	text_3: autoDraw = True
137.3965 	DATA 	Mouse:  Left button up, pos=(1025,205)
147.2044 	EXP 	New trial (rep=0, index=16): <Trial 16 (16 in rep 0) data={'test_word': 'p_o_e', 'reference': 'phone', 'old_new': 'old', 'thisN': 16, 'thisTrialN': 16, 'thisRepN': 0}>
147.2347 	EXP 	text_2: autoDraw = False
147.2347 	EXP 	textbox: autoDraw = False
147.2347 	EXP 	text_3: autoDraw = False
147.2347 	EXP 	text_2: height = 0.05
147.2347 	EXP 	text_2: height = 0.05
147.2347 	EXP 	text_2: height = 0.05
147.2347 	EXP 	text_2: text = 'p_o_e'
147.2347 	EXP 	text_2: autoDraw = True
147.2347 	EXP 	textbox: autoDraw = True
147.2347 	EXP 	text_3: autoDraw = True
157.2141 	EXP 	New trial (rep=0, index=17): <Trial 17 (17 in rep 0) data={'test_word': '_a_t_p', 'reference': 'laptop', 'old_new': 'old', 'thisN': 17, 'thisTrialN': 17, 'thisRepN': 0}>
157.2465 	EXP 	text_2: autoDraw = False
157.2465 	EXP 	textbox: autoDraw = False
157.2465 	EXP 	text_3: autoDraw = False
157.2465 	EXP 	text_2: height = 0.05
157.2465 	EXP 	text_2: height = 0.05
157.2465 	EXP 	text_2: height = 0.05
157.2465 	EXP 	text_2: text = '_a_t_p'
157.2465 	EXP 	text_2: autoDraw = True
157.2465 	EXP 	textbox: autoDraw = True
157.2465 	EXP 	text_3: autoDraw = True
158.5149 	DATA 	Keypress: l
158.7302 	DATA 	Keypress: a
159.0321 	DATA 	Keypress: p
159.4848 	DATA 	Keypress: y
160.5789 	DATA 	Keypress: backspace
160.8416 	DATA 	Keypress: t
161.0649 	DATA 	Keypress: o
161.2951 	DATA 	Keypress: p
163.2690 	DATA 	Mouse: Left button down, pos=(1025,205)
163.2713 	EXP 	New trial (rep=0, index=18): <Trial 18 (18 in rep 0) data={'test_word': 't_g_r', 'reference': 'tiger', 'old_new': 'old', 'thisN': 18, 'thisTrialN': 18, 'thisRepN': 0}>
163.3001 	EXP 	text_2: autoDraw = False
163.3001 	EXP 	textbox: autoDraw = False
163.3001 	EXP 	text_3: autoDraw = False
163.3001 	EXP 	text_2: height = 0.05
163.3001 	EXP 	text_2: height = 0.05
163.3001 	EXP 	text_2: height = 0.05
163.3001 	EXP 	text_2: text = 't_g_r'
163.3001 	EXP 	text_2: autoDraw = True
163.3001 	EXP 	textbox: autoDraw = True
163.3001 	EXP 	text_3: autoDraw = True
163.4809 	DATA 	Mouse:  Left button up, pos=(1025,205)
164.7427 	DATA 	Keypress: t
165.5358 	DATA 	Keypress: i
166.4063 	DATA 	Keypress: g
166.5413 	DATA 	Keypress: r
167.3648 	DATA 	Keypress: backspace
167.4897 	DATA 	Keypress: e
167.7502 	DATA 	Keypress: r
169.8696 	DATA 	Mouse: Left button down, pos=(1025,205)
169.8718 	EXP 	New trial (rep=0, index=19): <Trial 19 (19 in rep 0) data={'test_word': '_h_r_', 'reference': 'chart', 'old_new': 'new', 'thisN': 19, 'thisTrialN': 19, 'thisRepN': 0}>
169.8980 	EXP 	text_2: autoDraw = False
169.8980 	EXP 	textbox: autoDraw = False
169.8980 	EXP 	text_3: autoDraw = False
169.8980 	EXP 	text_2: height = 0.05
169.8980 	EXP 	text_2: height = 0.05
169.8980 	EXP 	text_2: height = 0.05
169.8980 	EXP 	text_2: text = '_h_r_'
169.8980 	EXP 	text_2: autoDraw = True
169.8980 	EXP 	textbox: autoDraw = True
169.8980 	EXP 	text_3: autoDraw = True
170.0734 	DATA 	Mouse:  Left button up, pos=(1025,205)
179.9060 	EXP 	text_2: autoDraw = False
179.9060 	EXP 	textbox: autoDraw = False
179.9060 	EXP 	text_3: autoDraw = False
179.9062 	EXP 	wordpriming: status = STOPPED
179.9345 	INFO 	saved data to 'C:\\Users\\91931\\Desktop\\data/560925_wordpriming_2024-11-03_03h12.03.590.csv'
179.9363 	INFO 	saved data to C:\Users\91931\Desktop\data/560925_wordpriming_2024-11-03_03h12.03.590.psydat
180.0922 	EXP 	window1: mouseVisible = True
