9.0132 	INFO 	Loaded monitor calibration from ['2024_08_09 00:19']
9.0382 	WARNING 	User requested fullscreen with size [1024  768], but screen is actually [1920, 1080]. Using actual size
9.4126 	EXP 	Created window1 = Window(allowGUI=True, allowStencil=False, autoLog=True, backendConf=UNKNOWN, backgroundFit=<method-wrapper '__getattribute__' of attributeSetter object at 0x00000242203F2080>, backgroundImage=<method-wrapper '__getattribute__' of attributeSetter object at 0x00000242203F0B20>, bitsMode=UNKNOWN, blendMode='avg', bpc=(8, 8, 8), color=array([0, 0, 0]), colorSpace='rgb', depthBits=8, fullscr=<method-wrapper '__getattribute__' of attributeSetter object at 0x00000242203F0760>, gamma=None, gammaErrorPolicy='raise', infoMsg=UNKNOWN, lms=UNKNOWN, monitor=<psychopy.monitors.calibTools.Monitor object at 0x0000024226644760>, multiSample=False, name='window1', numSamples=2, pos=[0.0, 0.0], screen=0, size=array([1920, 1080]), stencilBits=0, stereo=False, title='PsychoPy', units='height', useFBO=True, useRetina=False, viewOri=0.0, viewPos=None, viewScale=None, waitBlanking=True, winType='pyglet')
9.4126 	EXP 	window1: backgroundImage = ''
9.4127 	EXP 	window1: backgroundFit = 'none'
9.4146 	EXP 	window1: mouseVisible = <method-wrapper '__getattribute__' of attributeSetter object at 0x00000242203F21A0>
9.4158 	EXP 	window1: mouseVisible = <method-wrapper '__getattribute__' of attributeSetter object at 0x00000242203F21A0>
9.4230 	EXP 	window1: mouseVisible = <method-wrapper '__getattribute__' of attributeSetter object at 0x00000242203F21A0>
9.4244 	EXP 	window1: mouseVisible = <method-wrapper '__getattribute__' of attributeSetter object at 0x00000242203F21A0>
9.5031 	EXP 	window1: mouseVisible = <method-wrapper '__getattribute__' of attributeSetter object at 0x00000242203F21A0>
9.5037 	EXP 	window1: mouseVisible = <method-wrapper '__getattribute__' of attributeSetter object at 0x00000242203F21A0>
9.5052 	EXP 	window1: mouseVisible = <method-wrapper '__getattribute__' of attributeSetter object at 0x00000242203F21A0>
9.5074 	EXP 	window1: mouseVisible = <method-wrapper '__getattribute__' of attributeSetter object at 0x00000242203F21A0>
9.5327 	EXP 	window1: Attempting to measure frame rate of screen (0) ...
9.5328 	EXP 	window1: recordFrameIntervals = False
9.8263 	EXP 	window1: recordFrameIntervals = True
9.9342 	WARNING 	t of last frame was 22.69ms (=1/44)
10.0341 	WARNING 	t of last frame was 33.72ms (=1/29)
10.2007 	EXP 	Screen (0) actual frame rate measured at 60.14Hz
10.2007 	EXP 	window1: recordFrameIntervals = False
10.2010 	EXP 	window1: mouseVisible = False
14.1158 	INFO 	keyboard.Keyboard is using iohub backend.
14.1159 	INFO 	keyboard.Keyboard is using iohub backend.
14.1159 	EXP 	delay_discounting: status = STARTED
14.1161 	EXP 	window1: mouseVisible = False
14.1217 	EXP 	Created fixation = ShapeStim(__class__=<class 'psychopy.visual.shape.ShapeStim'>, anchor=('center', 'center'), autoDraw=False, autoLog=True, closeShape=True, color=method-wrapper(...), colorSpace='rgb', contrast=None, depth=0.0, draggable=False, fillColor=array([1, 1, 1]), fillColorSpace='rgb', fillRGB=array([1, 1, 1]), interpolate=True, lineColor=array([1., 1., 1.]), lineColorSpace='rgb', lineRGB=array([1, 1, 1]), lineWidth=1.0, name='fixation', opacity=1, ori=0.0, pos=array([0., 0.]), size=array([0.05, 0.05]), units='height', vertices=ndarray(...), win=Window(...), windingRule=None)
14.1219 	EXP 	window1: mouseVisible = False
14.1573 	EXP 	Created text = TextStim(__class__=<class 'psychopy.visual.text.TextStim'>, alignHoriz=method-wrapper(...), alignText='center', alignVert=method-wrapper(...), anchorHoriz='center', anchorVert='center', antialias=True, autoDraw=False, autoLog=True, bold=False, color=array([1., 1., 1.]), colorSpace='rgb', contrast=1.0, depth=-1.0, draggable=False, flipHoriz=False, flipVert=False, font='Arial', fontFiles=[], height=0.05, italic=False, languageStyle='LTR', name='text', opacity=1, ori=0.0, pos=array([0., 0.]), rgb=UNKNOWN, text='', units='height', win=Window(...), wrapWidth=1)
0.0361 	EXP 	Imported discounting.xlsx as conditions, 7 conditions, 3 params
0.0390 	EXP 	New trial (rep=0, index=0): <Trial 0 (0 in rep 0) data={'reward_today': 67, 'future_reward': 75, 'delay': 119, 'thisN': 0, 'thisTrialN': 0, 'thisRepN': 0}>
0.2350 	EXP 	text: height = 0.05
0.2350 	EXP 	text: height = 0.05
0.2350 	EXP 	text: height = 0.05
0.2350 	EXP 	text: text = 'GBP 67 today or  GBP 75 after 119 days'
0.2350 	EXP 	fixation: autoDraw = True
1.0028 	INFO 	Keyboard events cleared
1.0022 	EXP 	text: autoDraw = True
1.2349 	EXP 	fixation: autoDraw = False
1.4612 	EXP 	New trial (rep=0, index=1): <Trial 1 (1 in rep 0) data={'reward_today': 78, 'future_reward': 80, 'delay': 162, 'thisN': 1, 'thisTrialN': 1, 'thisRepN': 0}>
1.4737 	DATA 	Keypress: t
1.4846 	EXP 	fixation: autoDraw = False
1.4846 	EXP 	text: autoDraw = False
1.4846 	EXP 	text: height = 0.05
1.4846 	EXP 	text: height = 0.05
1.4846 	EXP 	text: height = 0.05
1.4846 	EXP 	text: text = 'GBP 78 today or  GBP 80 after 162 days'
1.4846 	EXP 	fixation: autoDraw = True
2.4552 	DATA 	Keypress: l
2.4690 	INFO 	Keyboard events cleared
2.4683 	EXP 	text: autoDraw = True
2.4849 	EXP 	fixation: autoDraw = False
3.7873 	EXP 	New trial (rep=0, index=2): <Trial 2 (2 in rep 0) data={'reward_today': 11, 'future_reward': 30, 'delay': 7, 'thisN': 2, 'thisTrialN': 2, 'thisRepN': 0}>
3.7999 	DATA 	Keypress: l
3.8185 	EXP 	fixation: autoDraw = False
3.8185 	EXP 	text: autoDraw = False
3.8185 	EXP 	text: height = 0.05
3.8185 	EXP 	text: height = 0.05
3.8185 	EXP 	text: height = 0.05
3.8185 	EXP 	text: text = 'GBP 11 today or  GBP 30 after 7 days'
3.8185 	EXP 	fixation: autoDraw = True
4.8025 	INFO 	Keyboard events cleared
4.8018 	EXP 	text: autoDraw = True
4.8184 	EXP 	fixation: autoDraw = False
5.2383 	EXP 	New trial (rep=0, index=3): <Trial 3 (3 in rep 0) data={'reward_today': 49, 'future_reward': 60, 'delay': 89, 'thisN': 3, 'thisTrialN': 3, 'thisRepN': 0}>
5.2502 	DATA 	Keypress: t
5.2686 	EXP 	fixation: autoDraw = False
5.2686 	EXP 	text: autoDraw = False
5.2686 	EXP 	text: height = 0.05
5.2686 	EXP 	text: height = 0.05
5.2686 	EXP 	text: height = 0.05
5.2686 	EXP 	text: text = 'GBP 49 today or  GBP 60 after 89 days'
5.2686 	EXP 	fixation: autoDraw = True
6.2526 	INFO 	Keyboard events cleared
6.2518 	EXP 	text: autoDraw = True
6.2686 	EXP 	fixation: autoDraw = False
6.7038 	EXP 	New trial (rep=0, index=4): <Trial 4 (4 in rep 0) data={'reward_today': 15, 'future_reward': 35, 'delay': 13, 'thisN': 4, 'thisTrialN': 4, 'thisRepN': 0}>
6.7127 	DATA 	Keypress: l
6.7229 	EXP 	fixation: autoDraw = False
6.7229 	EXP 	text: autoDraw = False
6.7229 	EXP 	text: height = 0.05
6.7229 	EXP 	text: height = 0.05
6.7229 	EXP 	text: height = 0.05
6.7229 	EXP 	text: text = 'GBP 15 today or  GBP 35 after 13 days'
6.7229 	EXP 	fixation: autoDraw = True
7.7112 	INFO 	Keyboard events cleared
7.7106 	EXP 	text: autoDraw = True
7.7271 	EXP 	fixation: autoDraw = False
8.4125 	EXP 	New trial (rep=0, index=5): <Trial 5 (5 in rep 0) data={'reward_today': 40, 'future_reward': 55, 'delay': 62, 'thisN': 5, 'thisTrialN': 5, 'thisRepN': 0}>
8.4220 	DATA 	Keypress: t
8.4352 	EXP 	fixation: autoDraw = False
8.4352 	EXP 	text: autoDraw = False
8.4352 	EXP 	text: height = 0.05
8.4352 	EXP 	text: height = 0.05
8.4352 	EXP 	text: height = 0.05
8.4352 	EXP 	text: text = 'GBP 40 today or  GBP 55 after 62 days'
8.4352 	EXP 	fixation: autoDraw = True
9.4196 	INFO 	Keyboard events cleared
9.4188 	EXP 	text: autoDraw = True
9.4353 	EXP 	fixation: autoDraw = False
10.1397 	DATA 	Keypress: l
10.1540 	EXP 	New trial (rep=0, index=6): <Trial 6 (6 in rep 0) data={'reward_today': 27, 'future_reward': 50, 'delay': 21, 'thisN': 6, 'thisTrialN': 6, 'thisRepN': 0}>
10.1730 	EXP 	fixation: autoDraw = False
10.1730 	EXP 	text: autoDraw = False
10.1730 	EXP 	text: height = 0.05
10.1730 	EXP 	text: height = 0.05
10.1730 	EXP 	text: height = 0.05
10.1730 	EXP 	text: text = 'GBP 27 today or  GBP 50 after 21 days'
10.1730 	EXP 	fixation: autoDraw = True
11.1614 	INFO 	Keyboard events cleared
11.1607 	EXP 	text: autoDraw = True
11.1774 	EXP 	fixation: autoDraw = False
11.6461 	EXP 	New trial (rep=1, index=0): <Trial 7 (0 in rep 1) data={'reward_today': 67, 'future_reward': 75, 'delay': 119, 'thisN': 7, 'thisTrialN': 0, 'thisRepN': 1}>
11.6558 	DATA 	Keypress: t
11.6687 	EXP 	fixation: autoDraw = False
11.6687 	EXP 	text: autoDraw = False
11.6687 	EXP 	text: height = 0.05
11.6687 	EXP 	text: height = 0.05
11.6687 	EXP 	text: height = 0.05
11.6687 	EXP 	text: text = 'GBP 67 today or  GBP 75 after 119 days'
11.6687 	EXP 	fixation: autoDraw = True
12.6528 	INFO 	Keyboard events cleared
12.6521 	EXP 	text: autoDraw = True
12.6688 	EXP 	fixation: autoDraw = False
13.1375 	EXP 	New trial (rep=1, index=1): <Trial 8 (1 in rep 1) data={'reward_today': 27, 'future_reward': 50, 'delay': 21, 'thisN': 8, 'thisTrialN': 1, 'thisRepN': 1}>
13.1464 	DATA 	Keypress: l
13.1568 	EXP 	fixation: autoDraw = False
13.1568 	EXP 	text: autoDraw = False
13.1568 	EXP 	text: height = 0.05
13.1568 	EXP 	text: height = 0.05
13.1568 	EXP 	text: height = 0.05
13.1568 	EXP 	text: text = 'GBP 27 today or  GBP 50 after 21 days'
13.1568 	EXP 	fixation: autoDraw = True
14.1449 	INFO 	Keyboard events cleared
14.1442 	EXP 	text: autoDraw = True
14.1608 	EXP 	fixation: autoDraw = False
14.8131 	EXP 	New trial (rep=1, index=2): <Trial 9 (2 in rep 1) data={'reward_today': 78, 'future_reward': 80, 'delay': 162, 'thisN': 9, 'thisTrialN': 2, 'thisRepN': 1}>
14.8231 	DATA 	Keypress: t
14.8355 	EXP 	fixation: autoDraw = False
14.8355 	EXP 	text: autoDraw = False
14.8355 	EXP 	text: height = 0.05
14.8355 	EXP 	text: height = 0.05
14.8355 	EXP 	text: height = 0.05
14.8355 	EXP 	text: text = 'GBP 78 today or  GBP 80 after 162 days'
14.8355 	EXP 	fixation: autoDraw = True
15.8197 	INFO 	Keyboard events cleared
15.8189 	EXP 	text: autoDraw = True
15.8356 	EXP 	fixation: autoDraw = False
16.8212 	EXP 	New trial (rep=1, index=3): <Trial 10 (3 in rep 1) data={'reward_today': 15, 'future_reward': 35, 'delay': 13, 'thisN': 10, 'thisTrialN': 3, 'thisRepN': 1}>
16.8306 	DATA 	Keypress: l
16.8408 	EXP 	fixation: autoDraw = False
16.8408 	EXP 	text: autoDraw = False
16.8408 	EXP 	text: height = 0.05
16.8408 	EXP 	text: height = 0.05
16.8408 	EXP 	text: height = 0.05
16.8408 	EXP 	text: text = 'GBP 15 today or  GBP 35 after 13 days'
16.8408 	EXP 	fixation: autoDraw = True
17.8284 	INFO 	Keyboard events cleared
17.8277 	EXP 	text: autoDraw = True
17.8443 	EXP 	fixation: autoDraw = False
19.2630 	EXP 	New trial (rep=1, index=4): <Trial 11 (4 in rep 1) data={'reward_today': 11, 'future_reward': 30, 'delay': 7, 'thisN': 11, 'thisTrialN': 4, 'thisRepN': 1}>
19.2727 	DATA 	Keypress: t
19.2855 	EXP 	fixation: autoDraw = False
19.2855 	EXP 	text: autoDraw = False
19.2855 	EXP 	text: height = 0.05
19.2855 	EXP 	text: height = 0.05
19.2855 	EXP 	text: height = 0.05
19.2855 	EXP 	text: text = 'GBP 11 today or  GBP 30 after 7 days'
19.2855 	EXP 	fixation: autoDraw = True
20.2700 	INFO 	Keyboard events cleared
20.2692 	EXP 	text: autoDraw = True
20.2858 	EXP 	fixation: autoDraw = False
21.4702 	EXP 	New trial (rep=1, index=5): <Trial 12 (5 in rep 1) data={'reward_today': 40, 'future_reward': 55, 'delay': 62, 'thisN': 12, 'thisTrialN': 5, 'thisRepN': 1}>
21.4753 	DATA 	Keypress: l
21.4855 	EXP 	fixation: autoDraw = False
21.4855 	EXP 	text: autoDraw = False
21.4855 	EXP 	text: height = 0.05
21.4855 	EXP 	text: height = 0.05
21.4855 	EXP 	text: height = 0.05
21.4855 	EXP 	text: text = 'GBP 40 today or  GBP 55 after 62 days'
21.4855 	EXP 	fixation: autoDraw = True
22.4698 	INFO 	Keyboard events cleared
22.4691 	EXP 	text: autoDraw = True
22.4857 	EXP 	fixation: autoDraw = False
23.5879 	EXP 	New trial (rep=1, index=6): <Trial 13 (6 in rep 1) data={'reward_today': 49, 'future_reward': 60, 'delay': 89, 'thisN': 13, 'thisTrialN': 6, 'thisRepN': 1}>
23.5964 	DATA 	Keypress: t
23.6065 	EXP 	fixation: autoDraw = False
23.6065 	EXP 	text: autoDraw = False
23.6065 	EXP 	text: height = 0.05
23.6065 	EXP 	text: height = 0.05
23.6065 	EXP 	text: height = 0.05
23.6065 	EXP 	text: text = 'GBP 49 today or  GBP 60 after 89 days'
23.6065 	EXP 	fixation: autoDraw = True
24.6034 	INFO 	Keyboard events cleared
24.6027 	EXP 	text: autoDraw = True
24.6193 	EXP 	fixation: autoDraw = False
25.4876 	EXP 	New trial (rep=2, index=0): <Trial 14 (0 in rep 2) data={'reward_today': 78, 'future_reward': 80, 'delay': 162, 'thisN': 14, 'thisTrialN': 0, 'thisRepN': 2}>
25.4958 	DATA 	Keypress: l
25.5059 	EXP 	fixation: autoDraw = False
25.5059 	EXP 	text: autoDraw = False
25.5059 	EXP 	text: height = 0.05
25.5059 	EXP 	text: height = 0.05
25.5059 	EXP 	text: height = 0.05
25.5059 	EXP 	text: text = 'GBP 78 today or  GBP 80 after 162 days'
25.5059 	EXP 	fixation: autoDraw = True
26.5035 	INFO 	Keyboard events cleared
26.5027 	EXP 	text: autoDraw = True
26.5194 	EXP 	fixation: autoDraw = False
26.9236 	DATA 	Keypress: t
26.9379 	EXP 	New trial (rep=2, index=1): <Trial 15 (1 in rep 2) data={'reward_today': 15, 'future_reward': 35, 'delay': 13, 'thisN': 15, 'thisTrialN': 1, 'thisRepN': 2}>
26.9566 	EXP 	fixation: autoDraw = False
26.9566 	EXP 	text: autoDraw = False
26.9566 	EXP 	text: height = 0.05
26.9566 	EXP 	text: height = 0.05
26.9566 	EXP 	text: height = 0.05
26.9566 	EXP 	text: text = 'GBP 15 today or  GBP 35 after 13 days'
26.9566 	EXP 	fixation: autoDraw = True
27.9529 	INFO 	Keyboard events cleared
27.9525 	EXP 	text: autoDraw = True
27.9694 	EXP 	fixation: autoDraw = False
29.0885 	EXP 	New trial (rep=2, index=2): <Trial 16 (2 in rep 2) data={'reward_today': 40, 'future_reward': 55, 'delay': 62, 'thisN': 16, 'thisTrialN': 2, 'thisRepN': 2}>
29.0985 	DATA 	Keypress: l
29.1089 	EXP 	fixation: autoDraw = False
29.1089 	EXP 	text: autoDraw = False
29.1089 	EXP 	text: height = 0.05
29.1089 	EXP 	text: height = 0.05
29.1089 	EXP 	text: height = 0.05
29.1089 	EXP 	text: text = 'GBP 40 today or  GBP 55 after 62 days'
29.1089 	EXP 	fixation: autoDraw = True
30.0956 	INFO 	Keyboard events cleared
30.0949 	EXP 	text: autoDraw = True
30.1115 	EXP 	fixation: autoDraw = False
30.5135 	EXP 	New trial (rep=2, index=3): <Trial 17 (3 in rep 2) data={'reward_today': 49, 'future_reward': 60, 'delay': 89, 'thisN': 17, 'thisTrialN': 3, 'thisRepN': 2}>
30.5229 	DATA 	Keypress: t
30.5363 	EXP 	fixation: autoDraw = False
30.5363 	EXP 	text: autoDraw = False
30.5363 	EXP 	text: height = 0.05
30.5363 	EXP 	text: height = 0.05
30.5363 	EXP 	text: height = 0.05
30.5363 	EXP 	text: text = 'GBP 49 today or  GBP 60 after 89 days'
30.5363 	EXP 	fixation: autoDraw = True
31.5204 	INFO 	Keyboard events cleared
31.5197 	EXP 	text: autoDraw = True
31.5363 	EXP 	fixation: autoDraw = False
32.8217 	EXP 	New trial (rep=2, index=4): <Trial 18 (4 in rep 2) data={'reward_today': 67, 'future_reward': 75, 'delay': 119, 'thisN': 18, 'thisTrialN': 4, 'thisRepN': 2}>
32.8312 	DATA 	Keypress: l
32.8418 	EXP 	fixation: autoDraw = False
32.8418 	EXP 	text: autoDraw = False
32.8418 	EXP 	text: height = 0.05
32.8418 	EXP 	text: height = 0.05
32.8418 	EXP 	text: height = 0.05
32.8418 	EXP 	text: text = 'GBP 67 today or  GBP 75 after 119 days'
32.8418 	EXP 	fixation: autoDraw = True
33.8291 	INFO 	Keyboard events cleared
33.8284 	EXP 	text: autoDraw = True
33.8450 	EXP 	fixation: autoDraw = False
34.7972 	EXP 	New trial (rep=2, index=5): <Trial 19 (5 in rep 2) data={'reward_today': 27, 'future_reward': 50, 'delay': 21, 'thisN': 19, 'thisTrialN': 5, 'thisRepN': 2}>
34.8069 	DATA 	Keypress: t
34.8199 	EXP 	fixation: autoDraw = False
34.8199 	EXP 	text: autoDraw = False
34.8199 	EXP 	text: height = 0.05
34.8199 	EXP 	text: height = 0.05
34.8199 	EXP 	text: height = 0.05
34.8199 	EXP 	text: text = 'GBP 27 today or  GBP 50 after 21 days'
34.8199 	EXP 	fixation: autoDraw = True
35.8038 	INFO 	Keyboard events cleared
35.8031 	EXP 	text: autoDraw = True
35.8198 	EXP 	fixation: autoDraw = False
37.2054 	EXP 	New trial (rep=2, index=6): <Trial 20 (6 in rep 2) data={'reward_today': 11, 'future_reward': 30, 'delay': 7, 'thisN': 20, 'thisTrialN': 6, 'thisRepN': 2}>
37.2165 	DATA 	Keypress: l
37.2267 	EXP 	fixation: autoDraw = False
37.2267 	EXP 	text: autoDraw = False
37.2267 	EXP 	text: height = 0.05
37.2267 	EXP 	text: height = 0.05
37.2267 	EXP 	text: height = 0.05
37.2267 	EXP 	text: text = 'GBP 11 today or  GBP 30 after 7 days'
37.2267 	EXP 	fixation: autoDraw = True
38.2126 	INFO 	Keyboard events cleared
38.2120 	EXP 	text: autoDraw = True
38.2286 	EXP 	fixation: autoDraw = False
39.3471 	EXP 	New trial (rep=3, index=0): <Trial 21 (0 in rep 3) data={'reward_today': 11, 'future_reward': 30, 'delay': 7, 'thisN': 21, 'thisTrialN': 0, 'thisRepN': 3}>
39.3497 	DATA 	Keypress: t
39.3618 	EXP 	fixation: autoDraw = False
39.3618 	EXP 	text: autoDraw = False
39.3618 	EXP 	text: text = 'GBP 11 today or  GBP 30 after 7 days'
39.3618 	EXP 	fixation: autoDraw = True
40.3627 	INFO 	Keyboard events cleared
40.3620 	EXP 	fixation: autoDraw = False
40.3620 	EXP 	text: autoDraw = True
41.3815 	EXP 	New trial (rep=3, index=1): <Trial 22 (1 in rep 3) data={'reward_today': 49, 'future_reward': 60, 'delay': 89, 'thisN': 22, 'thisTrialN': 1, 'thisRepN': 3}>
41.3907 	DATA 	Keypress: l
41.4033 	EXP 	fixation: autoDraw = False
41.4033 	EXP 	text: autoDraw = False
41.4033 	EXP 	text: height = 0.05
41.4033 	EXP 	text: height = 0.05
41.4033 	EXP 	text: height = 0.05
41.4033 	EXP 	text: text = 'GBP 49 today or  GBP 60 after 89 days'
41.4033 	EXP 	fixation: autoDraw = True
42.3877 	INFO 	Keyboard events cleared
42.3868 	EXP 	text: autoDraw = True
42.4035 	EXP 	fixation: autoDraw = False
43.9892 	EXP 	New trial (rep=3, index=2): <Trial 23 (2 in rep 3) data={'reward_today': 78, 'future_reward': 80, 'delay': 162, 'thisN': 23, 'thisTrialN': 2, 'thisRepN': 3}>
43.9991 	DATA 	Keypress: t
44.0093 	EXP 	fixation: autoDraw = False
44.0093 	EXP 	text: autoDraw = False
44.0093 	EXP 	text: height = 0.05
44.0093 	EXP 	text: height = 0.05
44.0093 	EXP 	text: height = 0.05
44.0093 	EXP 	text: text = 'GBP 78 today or  GBP 80 after 162 days'
44.0093 	EXP 	fixation: autoDraw = True
44.9962 	INFO 	Keyboard events cleared
44.9956 	EXP 	text: autoDraw = True
45.0122 	EXP 	fixation: autoDraw = False
46.4824 	EXP 	New trial (rep=3, index=3): <Trial 24 (3 in rep 3) data={'reward_today': 27, 'future_reward': 50, 'delay': 21, 'thisN': 24, 'thisTrialN': 3, 'thisRepN': 3}>
46.4918 	DATA 	Keypress: l
46.5036 	EXP 	fixation: autoDraw = False
46.5036 	EXP 	text: autoDraw = False
46.5036 	EXP 	text: height = 0.05
46.5036 	EXP 	text: height = 0.05
46.5036 	EXP 	text: height = 0.05
46.5036 	EXP 	text: text = 'GBP 27 today or  GBP 50 after 21 days'
46.5036 	EXP 	fixation: autoDraw = True
47.4877 	INFO 	Keyboard events cleared
47.4870 	EXP 	text: autoDraw = True
47.5037 	EXP 	fixation: autoDraw = False
48.2392 	EXP 	New trial (rep=3, index=4): <Trial 25 (4 in rep 3) data={'reward_today': 67, 'future_reward': 75, 'delay': 119, 'thisN': 25, 'thisTrialN': 4, 'thisRepN': 3}>
48.2504 	DATA 	Keypress: t
48.2607 	EXP 	fixation: autoDraw = False
48.2607 	EXP 	text: autoDraw = False
48.2607 	EXP 	text: height = 0.05
48.2607 	EXP 	text: height = 0.05
48.2607 	EXP 	text: height = 0.05
48.2607 	EXP 	text: text = 'GBP 67 today or  GBP 75 after 119 days'
48.2607 	EXP 	fixation: autoDraw = True
49.2467 	INFO 	Keyboard events cleared
49.2458 	EXP 	text: autoDraw = True
49.2624 	EXP 	fixation: autoDraw = False
50.1644 	EXP 	New trial (rep=3, index=5): <Trial 26 (5 in rep 3) data={'reward_today': 40, 'future_reward': 55, 'delay': 62, 'thisN': 26, 'thisTrialN': 5, 'thisRepN': 3}>
50.1737 	DATA 	Keypress: l
50.1872 	EXP 	fixation: autoDraw = False
50.1872 	EXP 	text: autoDraw = False
50.1872 	EXP 	text: height = 0.05
50.1872 	EXP 	text: height = 0.05
50.1872 	EXP 	text: height = 0.05
50.1872 	EXP 	text: text = 'GBP 40 today or  GBP 55 after 62 days'
50.1872 	EXP 	fixation: autoDraw = True
51.1712 	INFO 	Keyboard events cleared
51.1705 	EXP 	text: autoDraw = True
51.1872 	EXP 	fixation: autoDraw = False
51.9895 	EXP 	New trial (rep=3, index=6): <Trial 27 (6 in rep 3) data={'reward_today': 15, 'future_reward': 35, 'delay': 13, 'thisN': 27, 'thisTrialN': 6, 'thisRepN': 3}>
51.9983 	DATA 	Keypress: t
52.0085 	EXP 	fixation: autoDraw = False
52.0085 	EXP 	text: autoDraw = False
52.0085 	EXP 	text: height = 0.05
52.0085 	EXP 	text: height = 0.05
52.0085 	EXP 	text: height = 0.05
52.0085 	EXP 	text: text = 'GBP 15 today or  GBP 35 after 13 days'
52.0085 	EXP 	fixation: autoDraw = True
52.9966 	INFO 	Keyboard events cleared
52.9959 	EXP 	text: autoDraw = True
53.0125 	EXP 	fixation: autoDraw = False
53.6316 	EXP 	New trial (rep=4, index=0): <Trial 28 (0 in rep 4) data={'reward_today': 15, 'future_reward': 35, 'delay': 13, 'thisN': 28, 'thisTrialN': 0, 'thisRepN': 4}>
53.6339 	DATA 	Keypress: l
53.6457 	EXP 	fixation: autoDraw = False
53.6457 	EXP 	text: autoDraw = False
53.6457 	EXP 	text: text = 'GBP 15 today or  GBP 35 after 13 days'
53.6457 	EXP 	fixation: autoDraw = True
54.6466 	INFO 	Keyboard events cleared
54.6460 	EXP 	fixation: autoDraw = False
54.6460 	EXP 	text: autoDraw = True
55.0645 	EXP 	New trial (rep=4, index=1): <Trial 29 (1 in rep 4) data={'reward_today': 27, 'future_reward': 50, 'delay': 21, 'thisN': 29, 'thisTrialN': 1, 'thisRepN': 4}>
55.0746 	DATA 	Keypress: t
55.0873 	EXP 	fixation: autoDraw = False
55.0873 	EXP 	text: autoDraw = False
55.0873 	EXP 	text: height = 0.05
55.0873 	EXP 	text: height = 0.05
55.0873 	EXP 	text: height = 0.05
55.0873 	EXP 	text: text = 'GBP 27 today or  GBP 50 after 21 days'
55.0873 	EXP 	fixation: autoDraw = True
56.0714 	INFO 	Keyboard events cleared
56.0707 	EXP 	text: autoDraw = True
56.0874 	EXP 	fixation: autoDraw = False
58.3730 	EXP 	New trial (rep=4, index=2): <Trial 30 (2 in rep 4) data={'reward_today': 40, 'future_reward': 55, 'delay': 62, 'thisN': 30, 'thisTrialN': 2, 'thisRepN': 4}>
58.3818 	DATA 	Keypress: l
58.3922 	EXP 	fixation: autoDraw = False
58.3922 	EXP 	text: autoDraw = False
58.3922 	EXP 	text: height = 0.05
58.3922 	EXP 	text: height = 0.05
58.3922 	EXP 	text: height = 0.05
58.3922 	EXP 	text: text = 'GBP 40 today or  GBP 55 after 62 days'
58.3922 	EXP 	fixation: autoDraw = True
59.3802 	INFO 	Keyboard events cleared
59.3795 	EXP 	text: autoDraw = True
59.3962 	EXP 	fixation: autoDraw = False
60.2473 	EXP 	New trial (rep=4, index=3): <Trial 31 (3 in rep 4) data={'reward_today': 49, 'future_reward': 60, 'delay': 89, 'thisN': 31, 'thisTrialN': 3, 'thisRepN': 4}>
60.2535 	DATA 	Keypress: t
60.2708 	EXP 	fixation: autoDraw = False
60.2708 	EXP 	text: autoDraw = False
60.2708 	EXP 	text: height = 0.05
60.2708 	EXP 	text: height = 0.05
60.2708 	EXP 	text: height = 0.05
60.2708 	EXP 	text: text = 'GBP 49 today or  GBP 60 after 89 days'
60.2708 	EXP 	fixation: autoDraw = True
61.2547 	INFO 	Keyboard events cleared
61.2541 	EXP 	text: autoDraw = True
61.2708 	EXP 	fixation: autoDraw = False
62.4422 	DATA 	Keypress: l
62.4561 	EXP 	New trial (rep=4, index=4): <Trial 32 (4 in rep 4) data={'reward_today': 67, 'future_reward': 75, 'delay': 119, 'thisN': 32, 'thisTrialN': 4, 'thisRepN': 4}>
62.4749 	EXP 	fixation: autoDraw = False
62.4749 	EXP 	text: autoDraw = False
62.4749 	EXP 	text: height = 0.05
62.4749 	EXP 	text: height = 0.05
62.4749 	EXP 	text: height = 0.05
62.4749 	EXP 	text: text = 'GBP 67 today or  GBP 75 after 119 days'
62.4749 	EXP 	fixation: autoDraw = True
63.4715 	INFO 	Keyboard events cleared
63.4709 	EXP 	text: autoDraw = True
63.4878 	EXP 	fixation: autoDraw = False
64.1401 	EXP 	New trial (rep=4, index=5): <Trial 33 (5 in rep 4) data={'reward_today': 11, 'future_reward': 30, 'delay': 7, 'thisN': 33, 'thisTrialN': 5, 'thisRepN': 4}>
64.1502 	DATA 	Keypress: t
64.1603 	EXP 	fixation: autoDraw = False
64.1603 	EXP 	text: autoDraw = False
64.1603 	EXP 	text: height = 0.05
64.1603 	EXP 	text: height = 0.05
64.1603 	EXP 	text: height = 0.05
64.1603 	EXP 	text: text = 'GBP 11 today or  GBP 30 after 7 days'
64.1603 	EXP 	fixation: autoDraw = True
65.1472 	INFO 	Keyboard events cleared
65.1465 	EXP 	text: autoDraw = True
65.1631 	EXP 	fixation: autoDraw = False
67.9652 	EXP 	New trial (rep=4, index=6): <Trial 34 (6 in rep 4) data={'reward_today': 78, 'future_reward': 80, 'delay': 162, 'thisN': 34, 'thisTrialN': 6, 'thisRepN': 4}>
67.9749 	DATA 	Keypress: l
67.9880 	EXP 	fixation: autoDraw = False
67.9880 	EXP 	text: autoDraw = False
67.9880 	EXP 	text: height = 0.05
67.9880 	EXP 	text: height = 0.05
67.9880 	EXP 	text: height = 0.05
67.9880 	EXP 	text: text = 'GBP 78 today or  GBP 80 after 162 days'
67.9880 	EXP 	fixation: autoDraw = True
68.5907 	DATA 	Keypress: t
68.9721 	INFO 	Keyboard events cleared
68.9714 	EXP 	text: autoDraw = True
68.9880 	EXP 	fixation: autoDraw = False
71.4735 	EXP 	New trial (rep=5, index=0): <Trial 35 (0 in rep 5) data={'reward_today': 67, 'future_reward': 75, 'delay': 119, 'thisN': 35, 'thisTrialN': 0, 'thisRepN': 5}>
71.4830 	DATA 	Keypress: t
71.4932 	EXP 	fixation: autoDraw = False
71.4932 	EXP 	text: autoDraw = False
71.4932 	EXP 	text: height = 0.05
71.4932 	EXP 	text: height = 0.05
71.4932 	EXP 	text: height = 0.05
71.4932 	EXP 	text: text = 'GBP 67 today or  GBP 75 after 119 days'
71.4932 	EXP 	fixation: autoDraw = True
72.4809 	INFO 	Keyboard events cleared
72.4802 	EXP 	text: autoDraw = True
72.4968 	EXP 	fixation: autoDraw = False
73.4324 	EXP 	New trial (rep=5, index=1): <Trial 36 (1 in rep 5) data={'reward_today': 15, 'future_reward': 35, 'delay': 13, 'thisN': 36, 'thisTrialN': 1, 'thisRepN': 5}>
73.4418 	DATA 	Keypress: l
73.4550 	EXP 	fixation: autoDraw = False
73.4550 	EXP 	text: autoDraw = False
73.4550 	EXP 	text: height = 0.05
73.4550 	EXP 	text: height = 0.05
73.4550 	EXP 	text: height = 0.05
73.4550 	EXP 	text: text = 'GBP 15 today or  GBP 35 after 13 days'
73.4550 	EXP 	fixation: autoDraw = True
74.4390 	INFO 	Keyboard events cleared
74.4382 	EXP 	text: autoDraw = True
74.4550 	EXP 	fixation: autoDraw = False
75.2405 	EXP 	New trial (rep=5, index=2): <Trial 37 (2 in rep 5) data={'reward_today': 78, 'future_reward': 80, 'delay': 162, 'thisN': 37, 'thisTrialN': 2, 'thisRepN': 5}>
75.2496 	DATA 	Keypress: t
75.2597 	EXP 	fixation: autoDraw = False
75.2597 	EXP 	text: autoDraw = False
75.2597 	EXP 	text: height = 0.05
75.2597 	EXP 	text: height = 0.05
75.2597 	EXP 	text: height = 0.05
75.2597 	EXP 	text: text = 'GBP 78 today or  GBP 80 after 162 days'
75.2597 	EXP 	fixation: autoDraw = True
76.2477 	INFO 	Keyboard events cleared
76.2470 	EXP 	text: autoDraw = True
76.2636 	EXP 	fixation: autoDraw = False
77.9489 	EXP 	New trial (rep=5, index=3): <Trial 38 (3 in rep 5) data={'reward_today': 27, 'future_reward': 50, 'delay': 21, 'thisN': 38, 'thisTrialN': 3, 'thisRepN': 5}>
77.9585 	DATA 	Keypress: l
77.9717 	EXP 	fixation: autoDraw = False
77.9717 	EXP 	text: autoDraw = False
77.9717 	EXP 	text: height = 0.05
77.9717 	EXP 	text: height = 0.05
77.9717 	EXP 	text: height = 0.05
77.9717 	EXP 	text: text = 'GBP 27 today or  GBP 50 after 21 days'
77.9717 	EXP 	fixation: autoDraw = True
78.9558 	INFO 	Keyboard events cleared
78.9551 	EXP 	text: autoDraw = True
78.9718 	EXP 	fixation: autoDraw = False
80.6742 	EXP 	New trial (rep=5, index=4): <Trial 39 (4 in rep 5) data={'reward_today': 40, 'future_reward': 55, 'delay': 62, 'thisN': 39, 'thisTrialN': 4, 'thisRepN': 5}>
80.6835 	DATA 	Keypress: t
80.6938 	EXP 	fixation: autoDraw = False
80.6938 	EXP 	text: autoDraw = False
80.6938 	EXP 	text: height = 0.05
80.6938 	EXP 	text: height = 0.05
80.6938 	EXP 	text: height = 0.05
80.6938 	EXP 	text: text = 'GBP 40 today or  GBP 55 after 62 days'
80.6938 	EXP 	fixation: autoDraw = True
81.6812 	INFO 	Keyboard events cleared
81.6806 	EXP 	text: autoDraw = True
81.6972 	EXP 	fixation: autoDraw = False
83.8993 	EXP 	New trial (rep=5, index=5): <Trial 40 (5 in rep 5) data={'reward_today': 11, 'future_reward': 30, 'delay': 7, 'thisN': 40, 'thisTrialN': 5, 'thisRepN': 5}>
83.9093 	DATA 	Keypress: t
83.9218 	EXP 	fixation: autoDraw = False
83.9218 	EXP 	text: autoDraw = False
83.9218 	EXP 	text: height = 0.05
83.9218 	EXP 	text: height = 0.05
83.9218 	EXP 	text: height = 0.05
83.9218 	EXP 	text: text = 'GBP 11 today or  GBP 30 after 7 days'
83.9218 	EXP 	fixation: autoDraw = True
84.9061 	INFO 	Keyboard events cleared
84.9054 	EXP 	text: autoDraw = True
84.9220 	EXP 	fixation: autoDraw = False
85.4075 	EXP 	New trial (rep=5, index=6): <Trial 41 (6 in rep 5) data={'reward_today': 49, 'future_reward': 60, 'delay': 89, 'thisN': 41, 'thisTrialN': 6, 'thisRepN': 5}>
85.4196 	DATA 	Keypress: t
85.4297 	EXP 	fixation: autoDraw = False
85.4297 	EXP 	text: autoDraw = False
85.4297 	EXP 	text: height = 0.05
85.4297 	EXP 	text: height = 0.05
85.4297 	EXP 	text: height = 0.05
85.4297 	EXP 	text: text = 'GBP 49 today or  GBP 60 after 89 days'
85.4297 	EXP 	fixation: autoDraw = True
86.4150 	INFO 	Keyboard events cleared
86.4141 	EXP 	text: autoDraw = True
86.4308 	EXP 	fixation: autoDraw = False
86.9327 	EXP 	New trial (rep=6, index=0): <Trial 42 (0 in rep 6) data={'reward_today': 27, 'future_reward': 50, 'delay': 21, 'thisN': 42, 'thisTrialN': 0, 'thisRepN': 6}>
86.9422 	DATA 	Keypress: t
86.9554 	EXP 	fixation: autoDraw = False
86.9554 	EXP 	text: autoDraw = False
86.9554 	EXP 	text: height = 0.05
86.9554 	EXP 	text: height = 0.05
86.9554 	EXP 	text: height = 0.05
86.9554 	EXP 	text: text = 'GBP 27 today or  GBP 50 after 21 days'
86.9554 	EXP 	fixation: autoDraw = True
87.9397 	INFO 	Keyboard events cleared
87.9389 	EXP 	text: autoDraw = True
87.9556 	EXP 	fixation: autoDraw = False
88.3742 	EXP 	New trial (rep=6, index=1): <Trial 43 (1 in rep 6) data={'reward_today': 49, 'future_reward': 60, 'delay': 89, 'thisN': 43, 'thisTrialN': 1, 'thisRepN': 6}>
88.3842 	DATA 	Keypress: t
88.3944 	EXP 	fixation: autoDraw = False
88.3944 	EXP 	text: autoDraw = False
88.3944 	EXP 	text: height = 0.05
88.3944 	EXP 	text: height = 0.05
88.3944 	EXP 	text: height = 0.05
88.3944 	EXP 	text: text = 'GBP 49 today or  GBP 60 after 89 days'
88.3944 	EXP 	fixation: autoDraw = True
89.3816 	INFO 	Keyboard events cleared
89.3809 	EXP 	text: autoDraw = True
89.3975 	EXP 	fixation: autoDraw = False
89.9173 	EXP 	New trial (rep=6, index=2): <Trial 44 (2 in rep 6) data={'reward_today': 67, 'future_reward': 75, 'delay': 119, 'thisN': 44, 'thisTrialN': 2, 'thisRepN': 6}>
89.9265 	DATA 	Keypress: t
89.9389 	EXP 	fixation: autoDraw = False
89.9389 	EXP 	text: autoDraw = False
89.9389 	EXP 	text: height = 0.05
89.9389 	EXP 	text: height = 0.05
89.9389 	EXP 	text: height = 0.05
89.9389 	EXP 	text: text = 'GBP 67 today or  GBP 75 after 119 days'
89.9389 	EXP 	fixation: autoDraw = True
90.9231 	INFO 	Keyboard events cleared
90.9224 	EXP 	text: autoDraw = True
90.9387 	EXP 	fixation: autoDraw = False
91.9243 	EXP 	New trial (rep=6, index=3): <Trial 45 (3 in rep 6) data={'reward_today': 11, 'future_reward': 30, 'delay': 7, 'thisN': 45, 'thisTrialN': 3, 'thisRepN': 6}>
91.9339 	DATA 	Keypress: t
91.9444 	EXP 	fixation: autoDraw = False
91.9444 	EXP 	text: autoDraw = False
91.9444 	EXP 	text: height = 0.05
91.9444 	EXP 	text: height = 0.05
91.9444 	EXP 	text: height = 0.05
91.9444 	EXP 	text: text = 'GBP 11 today or  GBP 30 after 7 days'
91.9444 	EXP 	fixation: autoDraw = True
92.9318 	INFO 	Keyboard events cleared
92.9311 	EXP 	text: autoDraw = True
92.9476 	EXP 	fixation: autoDraw = False
93.4330 	EXP 	New trial (rep=6, index=4): <Trial 46 (4 in rep 6) data={'reward_today': 78, 'future_reward': 80, 'delay': 162, 'thisN': 46, 'thisTrialN': 4, 'thisRepN': 6}>
93.4429 	DATA 	Keypress: t
93.4557 	EXP 	fixation: autoDraw = False
93.4557 	EXP 	text: autoDraw = False
93.4557 	EXP 	text: height = 0.05
93.4557 	EXP 	text: height = 0.05
93.4557 	EXP 	text: height = 0.05
93.4557 	EXP 	text: text = 'GBP 78 today or  GBP 80 after 162 days'
93.4557 	EXP 	fixation: autoDraw = True
94.4395 	INFO 	Keyboard events cleared
94.4391 	EXP 	text: autoDraw = True
94.4557 	EXP 	fixation: autoDraw = False
96.0082 	EXP 	New trial (rep=6, index=5): <Trial 47 (5 in rep 6) data={'reward_today': 15, 'future_reward': 35, 'delay': 13, 'thisN': 47, 'thisTrialN': 5, 'thisRepN': 6}>
96.0175 	DATA 	Keypress: l
96.0276 	EXP 	fixation: autoDraw = False
96.0276 	EXP 	text: autoDraw = False
96.0276 	EXP 	text: height = 0.05
96.0276 	EXP 	text: height = 0.05
96.0276 	EXP 	text: height = 0.05
96.0276 	EXP 	text: text = 'GBP 15 today or  GBP 35 after 13 days'
96.0276 	EXP 	fixation: autoDraw = True
97.0152 	INFO 	Keyboard events cleared
97.0146 	EXP 	text: autoDraw = True
97.0312 	EXP 	fixation: autoDraw = False
97.4655 	EXP 	New trial (rep=6, index=6): <Trial 48 (6 in rep 6) data={'reward_today': 40, 'future_reward': 55, 'delay': 62, 'thisN': 48, 'thisTrialN': 6, 'thisRepN': 6}>
97.4704 	DATA 	Keypress: t
97.4809 	EXP 	fixation: autoDraw = False
97.4809 	EXP 	text: autoDraw = False
97.4809 	EXP 	text: height = 0.05
97.4809 	EXP 	text: height = 0.05
97.4809 	EXP 	text: height = 0.05
97.4809 	EXP 	text: text = 'GBP 40 today or  GBP 55 after 62 days'
97.4809 	EXP 	fixation: autoDraw = True
98.4819 	INFO 	Keyboard events cleared
98.4813 	EXP 	fixation: autoDraw = False
98.4813 	EXP 	text: autoDraw = True
99.3161 	EXP 	New trial (rep=7, index=0): <Trial 49 (0 in rep 7) data={'reward_today': 40, 'future_reward': 55, 'delay': 62, 'thisN': 49, 'thisTrialN': 0, 'thisRepN': 7}>
99.3179 	DATA 	Keypress: l
99.3310 	EXP 	fixation: autoDraw = False
99.3310 	EXP 	text: autoDraw = False
99.3310 	EXP 	text: text = 'GBP 40 today or  GBP 55 after 62 days'
99.3310 	EXP 	fixation: autoDraw = True
100.3320 	INFO 	Keyboard events cleared
100.3313 	EXP 	fixation: autoDraw = False
100.3313 	EXP 	text: autoDraw = True
101.0669 	EXP 	New trial (rep=7, index=1): <Trial 50 (1 in rep 7) data={'reward_today': 15, 'future_reward': 35, 'delay': 13, 'thisN': 50, 'thisTrialN': 1, 'thisRepN': 7}>
101.0773 	DATA 	Keypress: t
101.0892 	EXP 	fixation: autoDraw = False
101.0892 	EXP 	text: autoDraw = False
101.0892 	EXP 	text: height = 0.05
101.0892 	EXP 	text: height = 0.05
101.0892 	EXP 	text: height = 0.05
101.0892 	EXP 	text: text = 'GBP 15 today or  GBP 35 after 13 days'
101.0892 	EXP 	fixation: autoDraw = True
102.0735 	INFO 	Keyboard events cleared
102.0728 	EXP 	text: autoDraw = True
102.0895 	EXP 	fixation: autoDraw = False
103.6752 	EXP 	New trial (rep=7, index=2): <Trial 51 (2 in rep 7) data={'reward_today': 49, 'future_reward': 60, 'delay': 89, 'thisN': 51, 'thisTrialN': 2, 'thisRepN': 7}>
103.6840 	DATA 	Keypress: t
103.6942 	EXP 	fixation: autoDraw = False
103.6942 	EXP 	text: autoDraw = False
103.6942 	EXP 	text: height = 0.05
103.6942 	EXP 	text: height = 0.05
103.6942 	EXP 	text: height = 0.05
103.6942 	EXP 	text: text = 'GBP 49 today or  GBP 60 after 89 days'
103.6942 	EXP 	fixation: autoDraw = True
104.6823 	INFO 	Keyboard events cleared
104.6816 	EXP 	text: autoDraw = True
104.6982 	EXP 	fixation: autoDraw = False
104.9691 	DATA 	Keypress: l
104.9835 	EXP 	New trial (rep=7, index=3): <Trial 52 (3 in rep 7) data={'reward_today': 78, 'future_reward': 80, 'delay': 162, 'thisN': 52, 'thisTrialN': 3, 'thisRepN': 7}>
105.0062 	EXP 	fixation: autoDraw = False
105.0062 	EXP 	text: autoDraw = False
105.0062 	EXP 	text: height = 0.05
105.0062 	EXP 	text: height = 0.05
105.0062 	EXP 	text: height = 0.05
105.0062 	EXP 	text: text = 'GBP 78 today or  GBP 80 after 162 days'
105.0062 	EXP 	fixation: autoDraw = True
105.9904 	INFO 	Keyboard events cleared
105.9896 	EXP 	text: autoDraw = True
106.0063 	EXP 	fixation: autoDraw = False
106.6428 	EXP 	New trial (rep=7, index=4): <Trial 53 (4 in rep 7) data={'reward_today': 27, 'future_reward': 50, 'delay': 21, 'thisN': 53, 'thisTrialN': 4, 'thisRepN': 7}>
106.6515 	DATA 	Keypress: l
106.6617 	EXP 	fixation: autoDraw = False
106.6617 	EXP 	text: autoDraw = False
106.6617 	EXP 	text: height = 0.05
106.6617 	EXP 	text: height = 0.05
106.6617 	EXP 	text: height = 0.05
106.6617 	EXP 	text: text = 'GBP 27 today or  GBP 50 after 21 days'
106.6617 	EXP 	fixation: autoDraw = True
107.6491 	INFO 	Keyboard events cleared
107.6484 	EXP 	text: autoDraw = True
107.6650 	EXP 	fixation: autoDraw = False
108.2677 	EXP 	New trial (rep=7, index=5): <Trial 54 (5 in rep 7) data={'reward_today': 67, 'future_reward': 75, 'delay': 119, 'thisN': 54, 'thisTrialN': 5, 'thisRepN': 7}>
108.2774 	DATA 	Keypress: l
108.2898 	EXP 	fixation: autoDraw = False
108.2898 	EXP 	text: autoDraw = False
108.2898 	EXP 	text: height = 0.05
108.2898 	EXP 	text: height = 0.05
108.2898 	EXP 	text: height = 0.05
108.2898 	EXP 	text: text = 'GBP 67 today or  GBP 75 after 119 days'
108.2898 	EXP 	fixation: autoDraw = True
109.2740 	INFO 	Keyboard events cleared
109.2731 	EXP 	text: autoDraw = True
109.2899 	EXP 	fixation: autoDraw = False
109.5755 	EXP 	New trial (rep=7, index=6): <Trial 55 (6 in rep 7) data={'reward_today': 11, 'future_reward': 30, 'delay': 7, 'thisN': 55, 'thisTrialN': 6, 'thisRepN': 7}>
109.5877 	DATA 	Keypress: l
109.6065 	EXP 	fixation: autoDraw = False
109.6065 	EXP 	text: autoDraw = False
109.6065 	EXP 	text: height = 0.05
109.6065 	EXP 	text: height = 0.05
109.6065 	EXP 	text: height = 0.05
109.6065 	EXP 	text: text = 'GBP 11 today or  GBP 30 after 7 days'
109.6065 	EXP 	fixation: autoDraw = True
110.5906 	INFO 	Keyboard events cleared
110.5899 	EXP 	text: autoDraw = True
110.6065 	EXP 	fixation: autoDraw = False
111.2762 	EXP 	New trial (rep=8, index=0): <Trial 56 (0 in rep 8) data={'reward_today': 49, 'future_reward': 60, 'delay': 89, 'thisN': 56, 'thisTrialN': 0, 'thisRepN': 8}>
111.2850 	DATA 	Keypress: l
111.2952 	EXP 	fixation: autoDraw = False
111.2952 	EXP 	text: autoDraw = False
111.2952 	EXP 	text: height = 0.05
111.2952 	EXP 	text: height = 0.05
111.2952 	EXP 	text: height = 0.05
111.2952 	EXP 	text: text = 'GBP 49 today or  GBP 60 after 89 days'
111.2952 	EXP 	fixation: autoDraw = True
112.2828 	INFO 	Keyboard events cleared
112.2820 	EXP 	text: autoDraw = True
112.2986 	EXP 	fixation: autoDraw = False
112.7002 	EXP 	New trial (rep=8, index=1): <Trial 57 (1 in rep 8) data={'reward_today': 15, 'future_reward': 35, 'delay': 13, 'thisN': 57, 'thisTrialN': 1, 'thisRepN': 8}>
112.7108 	DATA 	Keypress: l
112.7233 	EXP 	fixation: autoDraw = False
112.7233 	EXP 	text: autoDraw = False
112.7233 	EXP 	text: height = 0.05
112.7233 	EXP 	text: height = 0.05
112.7233 	EXP 	text: height = 0.05
112.7233 	EXP 	text: text = 'GBP 15 today or  GBP 35 after 13 days'
112.7233 	EXP 	fixation: autoDraw = True
113.7074 	INFO 	Keyboard events cleared
113.7067 	EXP 	text: autoDraw = True
113.7233 	EXP 	fixation: autoDraw = False
114.2944 	DATA 	Keypress: l
114.3085 	EXP 	New trial (rep=8, index=2): <Trial 58 (2 in rep 8) data={'reward_today': 11, 'future_reward': 30, 'delay': 7, 'thisN': 58, 'thisTrialN': 2, 'thisRepN': 8}>
114.3288 	EXP 	fixation: autoDraw = False
114.3288 	EXP 	text: autoDraw = False
114.3288 	EXP 	text: height = 0.05
114.3288 	EXP 	text: height = 0.05
114.3288 	EXP 	text: height = 0.05
114.3288 	EXP 	text: text = 'GBP 11 today or  GBP 30 after 7 days'
114.3288 	EXP 	fixation: autoDraw = True
115.3161 	INFO 	Keyboard events cleared
115.3154 	EXP 	text: autoDraw = True
115.3320 	EXP 	fixation: autoDraw = False
116.4840 	EXP 	New trial (rep=8, index=3): <Trial 59 (3 in rep 8) data={'reward_today': 78, 'future_reward': 80, 'delay': 162, 'thisN': 59, 'thisTrialN': 3, 'thisRepN': 8}>
116.4939 	DATA 	Keypress: l
116.5069 	EXP 	fixation: autoDraw = False
116.5069 	EXP 	text: autoDraw = False
116.5069 	EXP 	text: height = 0.05
116.5069 	EXP 	text: height = 0.05
116.5069 	EXP 	text: height = 0.05
116.5069 	EXP 	text: text = 'GBP 78 today or  GBP 80 after 162 days'
116.5069 	EXP 	fixation: autoDraw = True
117.4909 	INFO 	Keyboard events cleared
117.4902 	EXP 	text: autoDraw = True
117.5069 	EXP 	fixation: autoDraw = False
121.1091 	EXP 	New trial (rep=8, index=4): <Trial 60 (4 in rep 8) data={'reward_today': 40, 'future_reward': 55, 'delay': 62, 'thisN': 60, 'thisTrialN': 4, 'thisRepN': 8}>
121.1186 	DATA 	Keypress: t
121.1287 	EXP 	fixation: autoDraw = False
121.1287 	EXP 	text: autoDraw = False
121.1287 	EXP 	text: height = 0.05
121.1287 	EXP 	text: height = 0.05
121.1287 	EXP 	text: height = 0.05
121.1287 	EXP 	text: text = 'GBP 40 today or  GBP 55 after 62 days'
121.1287 	EXP 	fixation: autoDraw = True
122.1165 	INFO 	Keyboard events cleared
122.1158 	EXP 	text: autoDraw = True
122.1323 	EXP 	fixation: autoDraw = False
122.5343 	EXP 	New trial (rep=8, index=5): <Trial 61 (5 in rep 8) data={'reward_today': 67, 'future_reward': 75, 'delay': 119, 'thisN': 61, 'thisTrialN': 5, 'thisRepN': 8}>
122.5438 	DATA 	Keypress: l
122.5570 	EXP 	fixation: autoDraw = False
122.5570 	EXP 	text: autoDraw = False
122.5570 	EXP 	text: height = 0.05
122.5570 	EXP 	text: height = 0.05
122.5570 	EXP 	text: height = 0.05
122.5570 	EXP 	text: text = 'GBP 67 today or  GBP 75 after 119 days'
122.5570 	EXP 	fixation: autoDraw = True
123.5408 	INFO 	Keyboard events cleared
123.5403 	EXP 	text: autoDraw = True
123.5570 	EXP 	fixation: autoDraw = False
123.5582 	EXP 	New trial (rep=8, index=6): <Trial 62 (6 in rep 8) data={'reward_today': 27, 'future_reward': 50, 'delay': 21, 'thisN': 62, 'thisTrialN': 6, 'thisRepN': 8}>
123.5627 	DATA 	Keypress: t
123.5736 	EXP 	fixation: autoDraw = False
123.5736 	EXP 	text: autoDraw = False
123.5736 	EXP 	text: height = 0.05
123.5736 	EXP 	text: height = 0.05
123.5736 	EXP 	text: height = 0.05
123.5736 	EXP 	text: text = 'GBP 27 today or  GBP 50 after 21 days'
123.5736 	EXP 	fixation: autoDraw = True
124.5581 	INFO 	Keyboard events cleared
124.5571 	EXP 	text: autoDraw = True
124.5739 	EXP 	fixation: autoDraw = False
124.9611 	DATA 	Keypress: l
124.9759 	EXP 	New trial (rep=9, index=0): <Trial 63 (0 in rep 9) data={'reward_today': 78, 'future_reward': 80, 'delay': 162, 'thisN': 63, 'thisTrialN': 0, 'thisRepN': 9}>
124.9943 	EXP 	fixation: autoDraw = False
124.9943 	EXP 	text: autoDraw = False
124.9943 	EXP 	text: height = 0.05
124.9943 	EXP 	text: height = 0.05
124.9943 	EXP 	text: height = 0.05
124.9943 	EXP 	text: text = 'GBP 78 today or  GBP 80 after 162 days'
124.9943 	EXP 	fixation: autoDraw = True
125.9913 	INFO 	Keyboard events cleared
125.9906 	EXP 	text: autoDraw = True
126.0073 	EXP 	fixation: autoDraw = False
126.3258 	EXP 	New trial (rep=9, index=1): <Trial 64 (1 in rep 9) data={'reward_today': 67, 'future_reward': 75, 'delay': 119, 'thisN': 64, 'thisTrialN': 1, 'thisRepN': 9}>
126.3351 	DATA 	Keypress: t
126.3456 	EXP 	fixation: autoDraw = False
126.3456 	EXP 	text: autoDraw = False
126.3456 	EXP 	text: height = 0.05
126.3456 	EXP 	text: height = 0.05
126.3456 	EXP 	text: height = 0.05
126.3456 	EXP 	text: text = 'GBP 67 today or  GBP 75 after 119 days'
126.3456 	EXP 	fixation: autoDraw = True
127.3334 	INFO 	Keyboard events cleared
127.3327 	EXP 	text: autoDraw = True
127.3492 	EXP 	fixation: autoDraw = False
131.6512 	EXP 	New trial (rep=9, index=2): <Trial 65 (2 in rep 9) data={'reward_today': 15, 'future_reward': 35, 'delay': 13, 'thisN': 65, 'thisTrialN': 2, 'thisRepN': 9}>
131.6624 	DATA 	Keypress: t
131.6742 	EXP 	fixation: autoDraw = False
131.6742 	EXP 	text: autoDraw = False
131.6742 	EXP 	text: height = 0.05
131.6742 	EXP 	text: height = 0.05
131.6742 	EXP 	text: height = 0.05
131.6742 	EXP 	text: text = 'GBP 15 today or  GBP 35 after 13 days'
131.6742 	EXP 	fixation: autoDraw = True
132.6584 	INFO 	Keyboard events cleared
132.6576 	EXP 	text: autoDraw = True
132.6742 	EXP 	fixation: autoDraw = False
133.3429 	EXP 	New trial (rep=9, index=3): <Trial 66 (3 in rep 9) data={'reward_today': 40, 'future_reward': 55, 'delay': 62, 'thisN': 66, 'thisTrialN': 3, 'thisRepN': 9}>
133.3526 	DATA 	Keypress: l
133.3627 	EXP 	fixation: autoDraw = False
133.3627 	EXP 	text: autoDraw = False
133.3627 	EXP 	text: height = 0.05
133.3627 	EXP 	text: height = 0.05
133.3627 	EXP 	text: height = 0.05
133.3627 	EXP 	text: text = 'GBP 40 today or  GBP 55 after 62 days'
133.3627 	EXP 	fixation: autoDraw = True
134.3502 	INFO 	Keyboard events cleared
134.3496 	EXP 	text: autoDraw = True
134.3662 	EXP 	fixation: autoDraw = False
136.0183 	EXP 	New trial (rep=9, index=4): <Trial 67 (4 in rep 9) data={'reward_today': 49, 'future_reward': 60, 'delay': 89, 'thisN': 67, 'thisTrialN': 4, 'thisRepN': 9}>
136.0277 	DATA 	Keypress: t
136.0411 	EXP 	fixation: autoDraw = False
136.0411 	EXP 	text: autoDraw = False
136.0411 	EXP 	text: height = 0.05
136.0411 	EXP 	text: height = 0.05
136.0411 	EXP 	text: height = 0.05
136.0411 	EXP 	text: text = 'GBP 49 today or  GBP 60 after 89 days'
136.0411 	EXP 	fixation: autoDraw = True
136.3939 	DATA 	Keypress: l
137.0251 	INFO 	Keyboard events cleared
137.0243 	EXP 	text: autoDraw = True
137.0411 	EXP 	fixation: autoDraw = False
138.4934 	EXP 	New trial (rep=9, index=5): <Trial 68 (5 in rep 9) data={'reward_today': 11, 'future_reward': 30, 'delay': 7, 'thisN': 68, 'thisTrialN': 5, 'thisRepN': 9}>
138.5036 	DATA 	Keypress: l
138.5139 	EXP 	fixation: autoDraw = False
138.5139 	EXP 	text: autoDraw = False
138.5139 	EXP 	text: height = 0.05
138.5139 	EXP 	text: height = 0.05
138.5139 	EXP 	text: height = 0.05
138.5139 	EXP 	text: text = 'GBP 11 today or  GBP 30 after 7 days'
138.5139 	EXP 	fixation: autoDraw = True
139.5006 	INFO 	Keyboard events cleared
139.4999 	EXP 	text: autoDraw = True
139.5165 	EXP 	fixation: autoDraw = False
140.5684 	EXP 	New trial (rep=9, index=6): <Trial 69 (6 in rep 9) data={'reward_today': 27, 'future_reward': 50, 'delay': 21, 'thisN': 69, 'thisTrialN': 6, 'thisRepN': 9}>
140.5776 	DATA 	Keypress: t
140.5912 	EXP 	fixation: autoDraw = False
140.5912 	EXP 	text: autoDraw = False
140.5912 	EXP 	text: height = 0.05
140.5912 	EXP 	text: height = 0.05
140.5912 	EXP 	text: height = 0.05
140.5912 	EXP 	text: text = 'GBP 27 today or  GBP 50 after 21 days'
140.5912 	EXP 	fixation: autoDraw = True
141.4608 	DATA 	Keypress: l
141.5755 	INFO 	Keyboard events cleared
141.5746 	EXP 	text: autoDraw = True
141.5913 	EXP 	fixation: autoDraw = False
142.5114 	DATA 	Keypress: l
142.5266 	EXP 	New trial (rep=10, index=0): <Trial 70 (0 in rep 10) data={'reward_today': 27, 'future_reward': 50, 'delay': 21, 'thisN': 70, 'thisTrialN': 0, 'thisRepN': 10}>
142.5413 	EXP 	fixation: autoDraw = False
142.5413 	EXP 	text: autoDraw = False
142.5413 	EXP 	text: text = 'GBP 27 today or  GBP 50 after 21 days'
142.5413 	EXP 	fixation: autoDraw = True
143.5424 	INFO 	Keyboard events cleared
143.5416 	EXP 	fixation: autoDraw = False
143.5416 	EXP 	text: autoDraw = True
143.9606 	EXP 	New trial (rep=10, index=1): <Trial 71 (1 in rep 10) data={'reward_today': 15, 'future_reward': 35, 'delay': 13, 'thisN': 71, 'thisTrialN': 1, 'thisRepN': 10}>
143.9693 	DATA 	Keypress: l
143.9795 	EXP 	fixation: autoDraw = False
143.9795 	EXP 	text: autoDraw = False
143.9795 	EXP 	text: height = 0.05
143.9795 	EXP 	text: height = 0.05
143.9795 	EXP 	text: height = 0.05
143.9795 	EXP 	text: text = 'GBP 15 today or  GBP 35 after 13 days'
143.9795 	EXP 	fixation: autoDraw = True
144.9674 	INFO 	Keyboard events cleared
144.9668 	EXP 	text: autoDraw = True
144.9833 	EXP 	fixation: autoDraw = False
147.1692 	EXP 	New trial (rep=10, index=2): <Trial 72 (2 in rep 10) data={'reward_today': 49, 'future_reward': 60, 'delay': 89, 'thisN': 72, 'thisTrialN': 2, 'thisRepN': 10}>
147.1775 	DATA 	Keypress: t
147.1915 	EXP 	fixation: autoDraw = False
147.1915 	EXP 	text: autoDraw = False
147.1915 	EXP 	text: height = 0.05
147.1915 	EXP 	text: height = 0.05
147.1915 	EXP 	text: height = 0.05
147.1915 	EXP 	text: text = 'GBP 49 today or  GBP 60 after 89 days'
147.1915 	EXP 	fixation: autoDraw = True
148.1757 	INFO 	Keyboard events cleared
148.1750 	EXP 	text: autoDraw = True
148.1916 	EXP 	fixation: autoDraw = False
150.1771 	EXP 	New trial (rep=10, index=3): <Trial 73 (3 in rep 10) data={'reward_today': 11, 'future_reward': 30, 'delay': 7, 'thisN': 73, 'thisTrialN': 3, 'thisRepN': 10}>
150.1865 	DATA 	Keypress: l
150.1968 	EXP 	fixation: autoDraw = False
150.1968 	EXP 	text: autoDraw = False
150.1968 	EXP 	text: height = 0.05
150.1968 	EXP 	text: height = 0.05
150.1968 	EXP 	text: height = 0.05
150.1968 	EXP 	text: text = 'GBP 11 today or  GBP 30 after 7 days'
150.1968 	EXP 	fixation: autoDraw = True
151.1844 	INFO 	Keyboard events cleared
151.1837 	EXP 	text: autoDraw = True
151.2003 	EXP 	fixation: autoDraw = False
153.5524 	EXP 	New trial (rep=10, index=4): <Trial 74 (4 in rep 10) data={'reward_today': 40, 'future_reward': 55, 'delay': 62, 'thisN': 74, 'thisTrialN': 4, 'thisRepN': 10}>
153.5630 	DATA 	Keypress: l
153.5752 	EXP 	fixation: autoDraw = False
153.5752 	EXP 	text: autoDraw = False
153.5752 	EXP 	text: height = 0.05
153.5752 	EXP 	text: height = 0.05
153.5752 	EXP 	text: height = 0.05
153.5752 	EXP 	text: text = 'GBP 40 today or  GBP 55 after 62 days'
153.5752 	EXP 	fixation: autoDraw = True
154.5592 	INFO 	Keyboard events cleared
154.5585 	EXP 	text: autoDraw = True
154.5752 	EXP 	fixation: autoDraw = False
154.9277 	EXP 	New trial (rep=10, index=5): <Trial 75 (5 in rep 10) data={'reward_today': 67, 'future_reward': 75, 'delay': 119, 'thisN': 75, 'thisTrialN': 5, 'thisRepN': 10}>
154.9366 	DATA 	Keypress: t
154.9467 	EXP 	fixation: autoDraw = False
154.9467 	EXP 	text: autoDraw = False
154.9467 	EXP 	text: height = 0.05
154.9467 	EXP 	text: height = 0.05
154.9467 	EXP 	text: height = 0.05
154.9467 	EXP 	text: text = 'GBP 67 today or  GBP 75 after 119 days'
154.9467 	EXP 	fixation: autoDraw = True
155.9346 	INFO 	Keyboard events cleared
155.9339 	EXP 	text: autoDraw = True
155.9505 	EXP 	fixation: autoDraw = False
156.8859 	EXP 	New trial (rep=10, index=6): <Trial 76 (6 in rep 10) data={'reward_today': 78, 'future_reward': 80, 'delay': 162, 'thisN': 76, 'thisTrialN': 6, 'thisRepN': 10}>
156.8956 	DATA 	Keypress: l
156.9087 	EXP 	fixation: autoDraw = False
156.9087 	EXP 	text: autoDraw = False
156.9087 	EXP 	text: height = 0.05
156.9087 	EXP 	text: height = 0.05
156.9087 	EXP 	text: height = 0.05
156.9087 	EXP 	text: text = 'GBP 78 today or  GBP 80 after 162 days'
156.9087 	EXP 	fixation: autoDraw = True
157.8928 	INFO 	Keyboard events cleared
157.8920 	EXP 	text: autoDraw = True
157.9087 	EXP 	fixation: autoDraw = False
158.6795 	DATA 	Keypress: t
158.6945 	EXP 	New trial (rep=11, index=0): <Trial 77 (0 in rep 11) data={'reward_today': 78, 'future_reward': 80, 'delay': 162, 'thisN': 77, 'thisTrialN': 0, 'thisRepN': 11}>
158.7087 	EXP 	fixation: autoDraw = False
158.7087 	EXP 	text: autoDraw = False
158.7087 	EXP 	text: text = 'GBP 78 today or  GBP 80 after 162 days'
158.7087 	EXP 	fixation: autoDraw = True
159.7095 	INFO 	Keyboard events cleared
159.7088 	EXP 	fixation: autoDraw = False
159.7088 	EXP 	text: autoDraw = True
160.2130 	DATA 	Keypress: l
160.2274 	EXP 	New trial (rep=11, index=1): <Trial 78 (1 in rep 11) data={'reward_today': 40, 'future_reward': 55, 'delay': 62, 'thisN': 78, 'thisTrialN': 1, 'thisRepN': 11}>
160.2460 	EXP 	fixation: autoDraw = False
160.2460 	EXP 	text: autoDraw = False
160.2460 	EXP 	text: height = 0.05
160.2460 	EXP 	text: height = 0.05
160.2460 	EXP 	text: height = 0.05
160.2460 	EXP 	text: text = 'GBP 40 today or  GBP 55 after 62 days'
160.2460 	EXP 	fixation: autoDraw = True
160.8114 	DATA 	Keypress: l
161.2429 	INFO 	Keyboard events cleared
161.2421 	EXP 	text: autoDraw = True
161.2588 	EXP 	fixation: autoDraw = False
161.5444 	EXP 	New trial (rep=11, index=2): <Trial 79 (2 in rep 11) data={'reward_today': 15, 'future_reward': 35, 'delay': 13, 'thisN': 79, 'thisTrialN': 2, 'thisRepN': 11}>
161.5539 	DATA 	Keypress: l
161.5643 	EXP 	fixation: autoDraw = False
161.5643 	EXP 	text: autoDraw = False
161.5643 	EXP 	text: height = 0.05
161.5643 	EXP 	text: height = 0.05
161.5643 	EXP 	text: height = 0.05
161.5643 	EXP 	text: text = 'GBP 15 today or  GBP 35 after 13 days'
161.5643 	EXP 	fixation: autoDraw = True
162.5516 	INFO 	Keyboard events cleared
162.5509 	EXP 	text: autoDraw = True
162.5675 	EXP 	fixation: autoDraw = False
162.9026 	EXP 	New trial (rep=11, index=3): <Trial 80 (3 in rep 11) data={'reward_today': 27, 'future_reward': 50, 'delay': 21, 'thisN': 80, 'thisTrialN': 3, 'thisRepN': 11}>
162.9121 	DATA 	Keypress: l
162.9256 	EXP 	fixation: autoDraw = False
162.9256 	EXP 	text: autoDraw = False
162.9256 	EXP 	text: height = 0.05
162.9256 	EXP 	text: height = 0.05
162.9256 	EXP 	text: height = 0.05
162.9256 	EXP 	text: text = 'GBP 27 today or  GBP 50 after 21 days'
162.9256 	EXP 	fixation: autoDraw = True
163.7784 	DATA 	Keypress: l
163.9097 	INFO 	Keyboard events cleared
163.9090 	EXP 	text: autoDraw = True
163.9256 	EXP 	fixation: autoDraw = False
164.6945 	EXP 	New trial (rep=11, index=4): <Trial 81 (4 in rep 11) data={'reward_today': 11, 'future_reward': 30, 'delay': 7, 'thisN': 81, 'thisTrialN': 4, 'thisRepN': 11}>
164.7044 	DATA 	Keypress: l
164.7146 	EXP 	fixation: autoDraw = False
164.7146 	EXP 	text: autoDraw = False
164.7146 	EXP 	text: height = 0.05
164.7146 	EXP 	text: height = 0.05
164.7146 	EXP 	text: height = 0.05
164.7146 	EXP 	text: text = 'GBP 11 today or  GBP 30 after 7 days'
164.7146 	EXP 	fixation: autoDraw = True
165.5700 	DATA 	Keypress: t
165.7017 	INFO 	Keyboard events cleared
165.7011 	EXP 	text: autoDraw = True
165.7176 	EXP 	fixation: autoDraw = False
166.8865 	EXP 	New trial (rep=11, index=5): <Trial 82 (5 in rep 11) data={'reward_today': 49, 'future_reward': 60, 'delay': 89, 'thisN': 82, 'thisTrialN': 5, 'thisRepN': 11}>
166.8960 	DATA 	Keypress: t
166.9090 	EXP 	fixation: autoDraw = False
166.9090 	EXP 	text: autoDraw = False
166.9090 	EXP 	text: height = 0.05
166.9090 	EXP 	text: height = 0.05
166.9090 	EXP 	text: height = 0.05
166.9090 	EXP 	text: text = 'GBP 49 today or  GBP 60 after 89 days'
166.9090 	EXP 	fixation: autoDraw = True
167.8932 	INFO 	Keyboard events cleared
167.8924 	EXP 	text: autoDraw = True
167.9091 	EXP 	fixation: autoDraw = False
168.2285 	EXP 	New trial (rep=11, index=6): <Trial 83 (6 in rep 11) data={'reward_today': 67, 'future_reward': 75, 'delay': 119, 'thisN': 83, 'thisTrialN': 6, 'thisRepN': 11}>
168.2380 	DATA 	Keypress: t
168.2482 	EXP 	fixation: autoDraw = False
168.2482 	EXP 	text: autoDraw = False
168.2482 	EXP 	text: height = 0.05
168.2482 	EXP 	text: height = 0.05
168.2482 	EXP 	text: height = 0.05
168.2482 	EXP 	text: text = 'GBP 67 today or  GBP 75 after 119 days'
168.2482 	EXP 	fixation: autoDraw = True
169.2353 	INFO 	Keyboard events cleared
169.2345 	EXP 	text: autoDraw = True
169.2512 	EXP 	fixation: autoDraw = False
170.0867 	EXP 	New trial (rep=12, index=0): <Trial 84 (0 in rep 12) data={'reward_today': 40, 'future_reward': 55, 'delay': 62, 'thisN': 84, 'thisTrialN': 0, 'thisRepN': 12}>
170.0960 	DATA 	Keypress: l
170.1092 	EXP 	fixation: autoDraw = False
170.1092 	EXP 	text: autoDraw = False
170.1092 	EXP 	text: height = 0.05
170.1092 	EXP 	text: height = 0.05
170.1092 	EXP 	text: height = 0.05
170.1092 	EXP 	text: text = 'GBP 40 today or  GBP 55 after 62 days'
170.1092 	EXP 	fixation: autoDraw = True
171.0934 	INFO 	Keyboard events cleared
171.0926 	EXP 	text: autoDraw = True
171.1093 	EXP 	fixation: autoDraw = False
172.1948 	EXP 	New trial (rep=12, index=1): <Trial 85 (1 in rep 12) data={'reward_today': 11, 'future_reward': 30, 'delay': 7, 'thisN': 85, 'thisTrialN': 1, 'thisRepN': 12}>
172.2046 	DATA 	Keypress: t
172.2148 	EXP 	fixation: autoDraw = False
172.2148 	EXP 	text: autoDraw = False
172.2148 	EXP 	text: height = 0.05
172.2148 	EXP 	text: height = 0.05
172.2148 	EXP 	text: height = 0.05
172.2148 	EXP 	text: text = 'GBP 11 today or  GBP 30 after 7 days'
172.2148 	EXP 	fixation: autoDraw = True
173.2022 	INFO 	Keyboard events cleared
173.2014 	EXP 	text: autoDraw = True
173.2180 	EXP 	fixation: autoDraw = False
173.5870 	EXP 	New trial (rep=12, index=2): <Trial 86 (2 in rep 12) data={'reward_today': 78, 'future_reward': 80, 'delay': 162, 'thisN': 86, 'thisTrialN': 2, 'thisRepN': 12}>
173.5966 	DATA 	Keypress: l
173.6093 	EXP 	fixation: autoDraw = False
173.6093 	EXP 	text: autoDraw = False
173.6093 	EXP 	text: height = 0.05
173.6093 	EXP 	text: height = 0.05
173.6093 	EXP 	text: height = 0.05
173.6093 	EXP 	text: text = 'GBP 78 today or  GBP 80 after 162 days'
173.6093 	EXP 	fixation: autoDraw = True
174.5936 	INFO 	Keyboard events cleared
174.5928 	EXP 	text: autoDraw = True
174.5970 	DATA 	Keypress: t
174.6094 	EXP 	fixation: autoDraw = False
174.8113 	EXP 	New trial (rep=12, index=3): <Trial 87 (3 in rep 12) data={'reward_today': 27, 'future_reward': 50, 'delay': 21, 'thisN': 87, 'thisTrialN': 3, 'thisRepN': 12}>
174.8306 	EXP 	fixation: autoDraw = False
174.8306 	EXP 	text: autoDraw = False
174.8306 	EXP 	text: height = 0.05
174.8306 	EXP 	text: height = 0.05
174.8306 	EXP 	text: height = 0.05
174.8306 	EXP 	text: text = 'GBP 27 today or  GBP 50 after 21 days'
174.8306 	EXP 	fixation: autoDraw = True
175.8188 	INFO 	Keyboard events cleared
175.8181 	EXP 	text: autoDraw = True
175.8348 	EXP 	fixation: autoDraw = False
179.6533 	EXP 	New trial (rep=12, index=4): <Trial 88 (4 in rep 12) data={'reward_today': 67, 'future_reward': 75, 'delay': 119, 'thisN': 88, 'thisTrialN': 4, 'thisRepN': 12}>
179.6631 	DATA 	Keypress: l
179.6763 	EXP 	fixation: autoDraw = False
179.6763 	EXP 	text: autoDraw = False
179.6763 	EXP 	text: height = 0.05
179.6763 	EXP 	text: height = 0.05
179.6763 	EXP 	text: height = 0.05
179.6763 	EXP 	text: text = 'GBP 67 today or  GBP 75 after 119 days'
179.6763 	EXP 	fixation: autoDraw = True
180.6604 	INFO 	Keyboard events cleared
180.6597 	EXP 	text: autoDraw = True
180.6764 	EXP 	fixation: autoDraw = False
181.4111 	EXP 	New trial (rep=12, index=5): <Trial 89 (5 in rep 12) data={'reward_today': 15, 'future_reward': 35, 'delay': 13, 'thisN': 89, 'thisTrialN': 5, 'thisRepN': 12}>
181.4171 	DATA 	Keypress: t
181.4271 	EXP 	fixation: autoDraw = False
181.4271 	EXP 	text: autoDraw = False
181.4271 	EXP 	text: height = 0.05
181.4271 	EXP 	text: height = 0.05
181.4271 	EXP 	text: height = 0.05
181.4271 	EXP 	text: text = 'GBP 15 today or  GBP 35 after 13 days'
181.4271 	EXP 	fixation: autoDraw = True
182.4273 	INFO 	Keyboard events cleared
182.4266 	EXP 	fixation: autoDraw = False
182.4266 	EXP 	text: autoDraw = True
182.7953 	EXP 	New trial (rep=12, index=6): <Trial 90 (6 in rep 12) data={'reward_today': 49, 'future_reward': 60, 'delay': 89, 'thisN': 90, 'thisTrialN': 6, 'thisRepN': 12}>
182.8043 	DATA 	Keypress: l
182.8148 	EXP 	fixation: autoDraw = False
182.8148 	EXP 	text: autoDraw = False
182.8148 	EXP 	text: height = 0.05
182.8148 	EXP 	text: height = 0.05
182.8148 	EXP 	text: height = 0.05
182.8148 	EXP 	text: text = 'GBP 49 today or  GBP 60 after 89 days'
182.8148 	EXP 	fixation: autoDraw = True
183.8025 	INFO 	Keyboard events cleared
183.8019 	EXP 	text: autoDraw = True
183.8184 	EXP 	fixation: autoDraw = False
184.1203 	EXP 	New trial (rep=13, index=0): <Trial 91 (0 in rep 13) data={'reward_today': 27, 'future_reward': 50, 'delay': 21, 'thisN': 91, 'thisTrialN': 0, 'thisRepN': 13}>
184.1300 	DATA 	Keypress: l
184.1432 	EXP 	fixation: autoDraw = False
184.1432 	EXP 	text: autoDraw = False
184.1432 	EXP 	text: height = 0.05
184.1432 	EXP 	text: height = 0.05
184.1432 	EXP 	text: height = 0.05
184.1432 	EXP 	text: text = 'GBP 27 today or  GBP 50 after 21 days'
184.1432 	EXP 	fixation: autoDraw = True
185.1273 	INFO 	Keyboard events cleared
185.1266 	EXP 	text: autoDraw = True
185.1432 	EXP 	fixation: autoDraw = False
185.2953 	EXP 	New trial (rep=13, index=1): <Trial 92 (1 in rep 13) data={'reward_today': 11, 'future_reward': 30, 'delay': 7, 'thisN': 92, 'thisTrialN': 1, 'thisRepN': 13}>
185.3045 	DATA 	Keypress: t
185.3149 	EXP 	fixation: autoDraw = False
185.3149 	EXP 	text: autoDraw = False
185.3149 	EXP 	text: height = 0.05
185.3149 	EXP 	text: height = 0.05
185.3149 	EXP 	text: height = 0.05
185.3149 	EXP 	text: text = 'GBP 11 today or  GBP 30 after 7 days'
185.3149 	EXP 	fixation: autoDraw = True
186.3026 	INFO 	Keyboard events cleared
186.3019 	EXP 	text: autoDraw = True
186.3186 	EXP 	fixation: autoDraw = False
186.7539 	EXP 	New trial (rep=13, index=2): <Trial 93 (2 in rep 13) data={'reward_today': 49, 'future_reward': 60, 'delay': 89, 'thisN': 93, 'thisTrialN': 2, 'thisRepN': 13}>
186.7646 	DATA 	Keypress: t
186.7767 	EXP 	fixation: autoDraw = False
186.7767 	EXP 	text: autoDraw = False
186.7767 	EXP 	text: height = 0.05
186.7767 	EXP 	text: height = 0.05
186.7767 	EXP 	text: height = 0.05
186.7767 	EXP 	text: text = 'GBP 49 today or  GBP 60 after 89 days'
186.7767 	EXP 	fixation: autoDraw = True
187.7608 	INFO 	Keyboard events cleared
187.7600 	EXP 	text: autoDraw = True
187.7767 	EXP 	fixation: autoDraw = False
188.6121 	EXP 	New trial (rep=13, index=3): <Trial 94 (3 in rep 13) data={'reward_today': 78, 'future_reward': 80, 'delay': 162, 'thisN': 94, 'thisTrialN': 3, 'thisRepN': 13}>
188.6213 	DATA 	Keypress: t
188.6314 	EXP 	fixation: autoDraw = False
188.6314 	EXP 	text: autoDraw = False
188.6314 	EXP 	text: height = 0.05
188.6314 	EXP 	text: height = 0.05
188.6314 	EXP 	text: height = 0.05
188.6314 	EXP 	text: text = 'GBP 78 today or  GBP 80 after 162 days'
188.6314 	EXP 	fixation: autoDraw = True
189.6195 	INFO 	Keyboard events cleared
189.6188 	EXP 	text: autoDraw = True
189.6354 	EXP 	fixation: autoDraw = False
190.0873 	EXP 	New trial (rep=13, index=4): <Trial 95 (4 in rep 13) data={'reward_today': 15, 'future_reward': 35, 'delay': 13, 'thisN': 95, 'thisTrialN': 4, 'thisRepN': 13}>
190.0969 	DATA 	Keypress: t
190.1101 	EXP 	fixation: autoDraw = False
190.1101 	EXP 	text: autoDraw = False
190.1101 	EXP 	text: height = 0.05
190.1101 	EXP 	text: height = 0.05
190.1101 	EXP 	text: height = 0.05
190.1101 	EXP 	text: text = 'GBP 15 today or  GBP 35 after 13 days'
190.1101 	EXP 	fixation: autoDraw = True
191.0944 	INFO 	Keyboard events cleared
191.0937 	EXP 	text: autoDraw = True
191.1101 	EXP 	fixation: autoDraw = False
191.6455 	EXP 	New trial (rep=13, index=5): <Trial 96 (5 in rep 13) data={'reward_today': 67, 'future_reward': 75, 'delay': 119, 'thisN': 96, 'thisTrialN': 5, 'thisRepN': 13}>
191.6543 	DATA 	Keypress: t
191.6646 	EXP 	fixation: autoDraw = False
191.6646 	EXP 	text: autoDraw = False
191.6646 	EXP 	text: height = 0.05
191.6646 	EXP 	text: height = 0.05
191.6646 	EXP 	text: height = 0.05
191.6646 	EXP 	text: text = 'GBP 67 today or  GBP 75 after 119 days'
191.6646 	EXP 	fixation: autoDraw = True
192.6530 	INFO 	Keyboard events cleared
192.6523 	EXP 	text: autoDraw = True
192.6689 	EXP 	fixation: autoDraw = False
194.3709 	EXP 	New trial (rep=13, index=6): <Trial 97 (6 in rep 13) data={'reward_today': 40, 'future_reward': 55, 'delay': 62, 'thisN': 97, 'thisTrialN': 6, 'thisRepN': 13}>
194.3809 	DATA 	Keypress: l
194.3937 	EXP 	fixation: autoDraw = False
194.3937 	EXP 	text: autoDraw = False
194.3937 	EXP 	text: height = 0.05
194.3937 	EXP 	text: height = 0.05
194.3937 	EXP 	text: height = 0.05
194.3937 	EXP 	text: text = 'GBP 40 today or  GBP 55 after 62 days'
194.3937 	EXP 	fixation: autoDraw = True
195.0966 	DATA 	Keypress: l
195.3778 	INFO 	Keyboard events cleared
195.3771 	EXP 	text: autoDraw = True
195.3937 	EXP 	fixation: autoDraw = False
195.9459 	EXP 	New trial (rep=14, index=0): <Trial 98 (0 in rep 14) data={'reward_today': 27, 'future_reward': 50, 'delay': 21, 'thisN': 98, 'thisTrialN': 0, 'thisRepN': 14}>
195.9546 	DATA 	Keypress: l
195.9648 	EXP 	fixation: autoDraw = False
195.9648 	EXP 	text: autoDraw = False
195.9648 	EXP 	text: height = 0.05
195.9648 	EXP 	text: height = 0.05
195.9648 	EXP 	text: height = 0.05
195.9648 	EXP 	text: text = 'GBP 27 today or  GBP 50 after 21 days'
195.9648 	EXP 	fixation: autoDraw = True
196.9531 	INFO 	Keyboard events cleared
196.9525 	EXP 	text: autoDraw = True
196.9690 	EXP 	fixation: autoDraw = False
197.4709 	EXP 	New trial (rep=14, index=1): <Trial 99 (1 in rep 14) data={'reward_today': 78, 'future_reward': 80, 'delay': 162, 'thisN': 99, 'thisTrialN': 1, 'thisRepN': 14}>
197.4806 	DATA 	Keypress: l
197.4937 	EXP 	fixation: autoDraw = False
197.4937 	EXP 	text: autoDraw = False
197.4937 	EXP 	text: height = 0.05
197.4937 	EXP 	text: height = 0.05
197.4937 	EXP 	text: height = 0.05
197.4937 	EXP 	text: text = 'GBP 78 today or  GBP 80 after 162 days'
197.4937 	EXP 	fixation: autoDraw = True
198.4785 	INFO 	Keyboard events cleared
198.4772 	EXP 	text: autoDraw = True
198.4814 	DATA 	Keypress: l
198.4938 	EXP 	fixation: autoDraw = False
200.1294 	EXP 	New trial (rep=14, index=2): <Trial 100 (2 in rep 14) data={'reward_today': 49, 'future_reward': 60, 'delay': 89, 'thisN': 100, 'thisTrialN': 2, 'thisRepN': 14}>
200.1388 	DATA 	Keypress: l
200.1490 	EXP 	fixation: autoDraw = False
200.1490 	EXP 	text: autoDraw = False
200.1490 	EXP 	text: height = 0.05
200.1490 	EXP 	text: height = 0.05
200.1490 	EXP 	text: height = 0.05
200.1490 	EXP 	text: text = 'GBP 49 today or  GBP 60 after 89 days'
200.1490 	EXP 	fixation: autoDraw = True
201.1366 	INFO 	Keyboard events cleared
201.1359 	EXP 	text: autoDraw = True
201.1526 	EXP 	fixation: autoDraw = False
202.6215 	EXP 	New trial (rep=14, index=3): <Trial 101 (3 in rep 14) data={'reward_today': 11, 'future_reward': 30, 'delay': 7, 'thisN': 101, 'thisTrialN': 3, 'thisRepN': 14}>
202.6322 	DATA 	Keypress: t
202.6440 	EXP 	fixation: autoDraw = False
202.6440 	EXP 	text: autoDraw = False
202.6440 	EXP 	text: height = 0.05
202.6440 	EXP 	text: height = 0.05
202.6440 	EXP 	text: height = 0.05
202.6440 	EXP 	text: text = 'GBP 11 today or  GBP 30 after 7 days'
202.6440 	EXP 	fixation: autoDraw = True
203.6283 	INFO 	Keyboard events cleared
203.6274 	EXP 	text: autoDraw = True
203.6440 	EXP 	fixation: autoDraw = False
207.2629 	EXP 	New trial (rep=14, index=4): <Trial 102 (4 in rep 14) data={'reward_today': 67, 'future_reward': 75, 'delay': 119, 'thisN': 102, 'thisTrialN': 4, 'thisRepN': 14}>
207.2723 	DATA 	Keypress: l
207.2826 	EXP 	fixation: autoDraw = False
207.2826 	EXP 	text: autoDraw = False
207.2826 	EXP 	text: height = 0.05
207.2826 	EXP 	text: height = 0.05
207.2826 	EXP 	text: height = 0.05
207.2826 	EXP 	text: text = 'GBP 67 today or  GBP 75 after 119 days'
207.2826 	EXP 	fixation: autoDraw = True
208.2703 	INFO 	Keyboard events cleared
208.2696 	EXP 	text: autoDraw = True
208.2862 	EXP 	fixation: autoDraw = False
208.5716 	EXP 	New trial (rep=14, index=5): <Trial 103 (5 in rep 14) data={'reward_today': 15, 'future_reward': 35, 'delay': 13, 'thisN': 103, 'thisTrialN': 5, 'thisRepN': 14}>
208.5816 	DATA 	Keypress: t
208.5943 	EXP 	fixation: autoDraw = False
208.5943 	EXP 	text: autoDraw = False
208.5943 	EXP 	text: height = 0.05
208.5943 	EXP 	text: height = 0.05
208.5943 	EXP 	text: height = 0.05
208.5943 	EXP 	text: text = 'GBP 15 today or  GBP 35 after 13 days'
208.5943 	EXP 	fixation: autoDraw = True
209.5785 	INFO 	Keyboard events cleared
209.5777 	EXP 	text: autoDraw = True
209.5944 	EXP 	fixation: autoDraw = False
209.9630 	EXP 	New trial (rep=14, index=6): <Trial 104 (6 in rep 14) data={'reward_today': 40, 'future_reward': 55, 'delay': 62, 'thisN': 104, 'thisTrialN': 6, 'thisRepN': 14}>
209.9715 	DATA 	Keypress: l
209.9816 	EXP 	fixation: autoDraw = False
209.9816 	EXP 	text: autoDraw = False
209.9816 	EXP 	text: height = 0.05
209.9816 	EXP 	text: height = 0.05
209.9816 	EXP 	text: height = 0.05
209.9816 	EXP 	text: text = 'GBP 40 today or  GBP 55 after 62 days'
209.9816 	EXP 	fixation: autoDraw = True
210.9785 	INFO 	Keyboard events cleared
210.9778 	EXP 	text: autoDraw = True
210.9944 	EXP 	fixation: autoDraw = False
211.2814 	DATA 	Keypress: t
211.2944 	EXP 	fixation: autoDraw = False
211.2944 	EXP 	text: autoDraw = False
211.2947 	EXP 	delay_discounting: status = STOPPED
211.3327 	INFO 	saved data to 'C:\\Users\\91931\\Desktop\\data/506308_delay_discounting_2024-11-18_12h05.59.129.csv'
211.3342 	INFO 	saved data to C:\Users\91931\Desktop\data/506308_delay_discounting_2024-11-18_12h05.59.129.psydat
211.4695 	EXP 	window1: mouseVisible = True
