12.5675 	INFO 	Loaded monitor calibration from ['2024_08_09 00:19']
12.5971 	WARNING 	User requested fullscreen with size [1024  768], but screen is actually [1920, 1080]. Using actual size
12.9783 	EXP 	Created window1 = Window(allowGUI=True, allowStencil=False, autoLog=True, backendConf=UNKNOWN, backgroundFit=<method-wrapper '__getattribute__' of attributeSetter object at 0x0000015B317D2080>, backgroundImage=<method-wrapper '__getattribute__' of attributeSetter object at 0x0000015B317D0B20>, bitsMode=UNKNOWN, blendMode='avg', bpc=(8, 8, 8), color=array([0, 0, 0]), colorSpace='rgb', depthBits=8, fullscr=<method-wrapper '__getattribute__' of attributeSetter object at 0x0000015B317D0760>, gamma=None, gammaErrorPolicy='raise', infoMsg=UNKNOWN, lms=UNKNOWN, monitor=<psychopy.monitors.calibTools.Monitor object at 0x0000015B38A3C760>, multiSample=False, name='window1', numSamples=2, pos=[0.0, 0.0], screen=0, size=array([1920, 1080]), stencilBits=0, stereo=False, title='PsychoPy', units='height', useFBO=True, useRetina=False, viewOri=0.0, viewPos=None, viewScale=None, waitBlanking=True, winType='pyglet')
12.9785 	EXP 	window1: backgroundImage = ''
12.9785 	EXP 	window1: backgroundFit = 'none'
12.9796 	EXP 	window1: mouseVisible = <method-wrapper '__getattribute__' of attributeSetter object at 0x0000015B317D21A0>
12.9807 	EXP 	window1: mouseVisible = <method-wrapper '__getattribute__' of attributeSetter object at 0x0000015B317D21A0>
12.9897 	EXP 	window1: mouseVisible = <method-wrapper '__getattribute__' of attributeSetter object at 0x0000015B317D21A0>
12.9912 	EXP 	window1: mouseVisible = <method-wrapper '__getattribute__' of attributeSetter object at 0x0000015B317D21A0>
13.0696 	EXP 	window1: mouseVisible = <method-wrapper '__getattribute__' of attributeSetter object at 0x0000015B317D21A0>
13.0707 	EXP 	window1: mouseVisible = <method-wrapper '__getattribute__' of attributeSetter object at 0x0000015B317D21A0>
13.0721 	EXP 	window1: mouseVisible = <method-wrapper '__getattribute__' of attributeSetter object at 0x0000015B317D21A0>
13.0741 	EXP 	window1: mouseVisible = <method-wrapper '__getattribute__' of attributeSetter object at 0x0000015B317D21A0>
13.0983 	EXP 	window1: Attempting to measure frame rate of screen (0) ...
13.0983 	EXP 	window1: recordFrameIntervals = False
13.4203 	EXP 	window1: recordFrameIntervals = True
13.6038 	EXP 	Screen (0) actual frame rate measured at 59.91Hz
13.6039 	EXP 	window1: recordFrameIntervals = False
13.6042 	EXP 	window1: mouseVisible = False
17.5164 	INFO 	keyboard.Keyboard is using iohub backend.
17.5165 	INFO 	keyboard.Keyboard is using iohub backend.
17.5165 	EXP 	delay_discounting: status = STARTED
17.5167 	EXP 	window1: mouseVisible = False
17.5226 	EXP 	Created fixation = ShapeStim(__class__=<class 'psychopy.visual.shape.ShapeStim'>, anchor=('center', 'center'), autoDraw=False, autoLog=True, closeShape=True, color=method-wrapper(...), colorSpace='rgb', contrast=None, depth=0.0, draggable=False, fillColor=array([1, 1, 1]), fillColorSpace='rgb', fillRGB=array([1, 1, 1]), interpolate=True, lineColor=array([1., 1., 1.]), lineColorSpace='rgb', lineRGB=array([1, 1, 1]), lineWidth=1.0, name='fixation', opacity=1, ori=0.0, pos=array([0., 0.]), size=array([0.05, 0.05]), units='height', vertices=ndarray(...), win=Window(...), windingRule=None)
17.5228 	EXP 	window1: mouseVisible = False
17.5691 	EXP 	Created text = TextStim(__class__=<class 'psychopy.visual.text.TextStim'>, alignHoriz=method-wrapper(...), alignText='center', alignVert=method-wrapper(...), anchorHoriz='center', anchorVert='center', antialias=True, autoDraw=False, autoLog=True, bold=False, color=array([1., 1., 1.]), colorSpace='rgb', contrast=1.0, depth=-1.0, draggable=False, flipHoriz=False, flipVert=False, font='Arial', fontFiles=[], height=0.05, italic=False, languageStyle='LTR', name='text', opacity=1, ori=0.0, pos=array([0., 0.]), rgb=UNKNOWN, text='', units='height', win=Window(...), wrapWidth=1)
0.0020 	DATA 	Mouse: Left button down, pos=(819,715)
0.0026 	DATA 	Mouse:  Left button up, pos=(819,715)
0.0368 	EXP 	Imported discounting.xlsx as conditions, 7 conditions, 3 params
0.0400 	EXP 	New trial (rep=0, index=0): <Trial 0 (0 in rep 0) data={'reward_today': 49, 'future_reward': 60, 'delay': 89, 'thisN': 0, 'thisTrialN': 0, 'thisRepN': 0}>
0.2363 	EXP 	text: height = 0.05
0.2363 	EXP 	text: height = 0.05
0.2363 	EXP 	text: height = 0.05
0.2363 	EXP 	text: text = 'GBP 49 today or  GBP 60 after 89 days'
0.2363 	EXP 	fixation: autoDraw = True
1.0018 	INFO 	Keyboard events cleared
1.0011 	EXP 	text: autoDraw = True
1.2512 	EXP 	fixation: autoDraw = False
5.9784 	EXP 	New trial (rep=0, index=1): <Trial 1 (1 in rep 0) data={'reward_today': 78, 'future_reward': 80, 'delay': 162, 'thisN': 1, 'thisTrialN': 1, 'thisRepN': 0}>
5.9922 	DATA 	Keypress: l
6.0026 	EXP 	fixation: autoDraw = False
6.0026 	EXP 	text: autoDraw = False
6.0026 	EXP 	text: height = 0.05
6.0026 	EXP 	text: height = 0.05
6.0026 	EXP 	text: height = 0.05
6.0026 	EXP 	text: text = 'GBP 78 today or  GBP 80 after 162 days'
6.0026 	EXP 	fixation: autoDraw = True
6.9857 	INFO 	Keyboard events cleared
6.9849 	EXP 	text: autoDraw = True
7.0016 	EXP 	fixation: autoDraw = False
7.3874 	EXP 	New trial (rep=0, index=2): <Trial 2 (2 in rep 0) data={'reward_today': 15, 'future_reward': 35, 'delay': 13, 'thisN': 2, 'thisTrialN': 2, 'thisRepN': 0}>
7.4001 	DATA 	Keypress: t
7.4183 	EXP 	fixation: autoDraw = False
7.4183 	EXP 	text: autoDraw = False
7.4183 	EXP 	text: height = 0.05
7.4183 	EXP 	text: height = 0.05
7.4183 	EXP 	text: height = 0.05
7.4183 	EXP 	text: text = 'GBP 15 today or  GBP 35 after 13 days'
7.4183 	EXP 	fixation: autoDraw = True
8.4024 	INFO 	Keyboard events cleared
8.4016 	EXP 	text: autoDraw = True
8.4183 	EXP 	fixation: autoDraw = False
9.1038 	EXP 	New trial (rep=0, index=3): <Trial 3 (3 in rep 0) data={'reward_today': 11, 'future_reward': 30, 'delay': 7, 'thisN': 3, 'thisTrialN': 3, 'thisRepN': 0}>
9.1134 	DATA 	Keypress: t
9.1236 	EXP 	fixation: autoDraw = False
9.1236 	EXP 	text: autoDraw = False
9.1236 	EXP 	text: height = 0.05
9.1236 	EXP 	text: height = 0.05
9.1236 	EXP 	text: height = 0.05
9.1236 	EXP 	text: text = 'GBP 11 today or  GBP 30 after 7 days'
9.1236 	EXP 	fixation: autoDraw = True
10.1111 	INFO 	Keyboard events cleared
10.1104 	EXP 	text: autoDraw = True
10.1270 	EXP 	fixation: autoDraw = False
10.4959 	EXP 	New trial (rep=0, index=4): <Trial 4 (4 in rep 0) data={'reward_today': 40, 'future_reward': 55, 'delay': 62, 'thisN': 4, 'thisTrialN': 4, 'thisRepN': 0}>
10.5057 	DATA 	Keypress: l
10.5184 	EXP 	fixation: autoDraw = False
10.5184 	EXP 	text: autoDraw = False
10.5184 	EXP 	text: height = 0.05
10.5184 	EXP 	text: height = 0.05
10.5184 	EXP 	text: height = 0.05
10.5184 	EXP 	text: text = 'GBP 40 today or  GBP 55 after 62 days'
10.5184 	EXP 	fixation: autoDraw = True
11.5026 	INFO 	Keyboard events cleared
11.5019 	EXP 	text: autoDraw = True
11.5186 	EXP 	fixation: autoDraw = False
11.8212 	EXP 	New trial (rep=0, index=5): <Trial 5 (5 in rep 0) data={'reward_today': 27, 'future_reward': 50, 'delay': 21, 'thisN': 5, 'thisTrialN': 5, 'thisRepN': 0}>
11.8303 	DATA 	Keypress: t
11.8408 	EXP 	fixation: autoDraw = False
11.8408 	EXP 	text: autoDraw = False
11.8408 	EXP 	text: height = 0.05
11.8408 	EXP 	text: height = 0.05
11.8408 	EXP 	text: height = 0.05
11.8408 	EXP 	text: text = 'GBP 27 today or  GBP 50 after 21 days'
11.8408 	EXP 	fixation: autoDraw = True
12.8279 	INFO 	Keyboard events cleared
12.8272 	EXP 	text: autoDraw = True
12.8438 	EXP 	fixation: autoDraw = False
13.1792 	EXP 	New trial (rep=0, index=6): <Trial 6 (6 in rep 0) data={'reward_today': 67, 'future_reward': 75, 'delay': 119, 'thisN': 6, 'thisTrialN': 6, 'thisRepN': 0}>
13.1893 	DATA 	Keypress: t
13.2019 	EXP 	fixation: autoDraw = False
13.2019 	EXP 	text: autoDraw = False
13.2019 	EXP 	text: height = 0.05
13.2019 	EXP 	text: height = 0.05
13.2019 	EXP 	text: height = 0.05
13.2019 	EXP 	text: text = 'GBP 67 today or  GBP 75 after 119 days'
13.2019 	EXP 	fixation: autoDraw = True
14.1860 	INFO 	Keyboard events cleared
14.1852 	EXP 	text: autoDraw = True
14.2019 	EXP 	fixation: autoDraw = False
14.6041 	EXP 	New trial (rep=1, index=0): <Trial 7 (0 in rep 1) data={'reward_today': 78, 'future_reward': 80, 'delay': 162, 'thisN': 7, 'thisTrialN': 0, 'thisRepN': 1}>
14.6136 	DATA 	Keypress: l
14.6240 	EXP 	fixation: autoDraw = False
14.6240 	EXP 	text: autoDraw = False
14.6240 	EXP 	text: height = 0.05
14.6240 	EXP 	text: height = 0.05
14.6240 	EXP 	text: height = 0.05
14.6240 	EXP 	text: text = 'GBP 78 today or  GBP 80 after 162 days'
14.6240 	EXP 	fixation: autoDraw = True
15.6114 	INFO 	Keyboard events cleared
15.6107 	EXP 	text: autoDraw = True
15.6273 	EXP 	fixation: autoDraw = False
15.9145 	DATA 	Keypress: l
15.9290 	EXP 	New trial (rep=1, index=1): <Trial 8 (1 in rep 1) data={'reward_today': 11, 'future_reward': 30, 'delay': 7, 'thisN': 8, 'thisTrialN': 1, 'thisRepN': 1}>
15.9520 	EXP 	fixation: autoDraw = False
15.9520 	EXP 	text: autoDraw = False
15.9520 	EXP 	text: height = 0.05
15.9520 	EXP 	text: height = 0.05
15.9520 	EXP 	text: height = 0.05
15.9520 	EXP 	text: text = 'GBP 11 today or  GBP 30 after 7 days'
15.9520 	EXP 	fixation: autoDraw = True
16.9361 	INFO 	Keyboard events cleared
16.9354 	EXP 	text: autoDraw = True
16.9521 	EXP 	fixation: autoDraw = False
17.1713 	EXP 	New trial (rep=1, index=2): <Trial 9 (2 in rep 1) data={'reward_today': 27, 'future_reward': 50, 'delay': 21, 'thisN': 9, 'thisTrialN': 2, 'thisRepN': 1}>
17.1810 	DATA 	Keypress: l
17.1912 	EXP 	fixation: autoDraw = False
17.1912 	EXP 	text: autoDraw = False
17.1912 	EXP 	text: height = 0.05
17.1912 	EXP 	text: height = 0.05
17.1912 	EXP 	text: height = 0.05
17.1912 	EXP 	text: text = 'GBP 27 today or  GBP 50 after 21 days'
17.1912 	EXP 	fixation: autoDraw = True
18.1782 	INFO 	Keyboard events cleared
18.1775 	EXP 	text: autoDraw = True
18.1941 	EXP 	fixation: autoDraw = False
18.4127 	EXP 	New trial (rep=1, index=3): <Trial 10 (3 in rep 1) data={'reward_today': 40, 'future_reward': 55, 'delay': 62, 'thisN': 10, 'thisTrialN': 3, 'thisRepN': 1}>
18.4225 	DATA 	Keypress: l
18.4355 	EXP 	fixation: autoDraw = False
18.4355 	EXP 	text: autoDraw = False
18.4355 	EXP 	text: height = 0.05
18.4355 	EXP 	text: height = 0.05
18.4355 	EXP 	text: height = 0.05
18.4355 	EXP 	text: text = 'GBP 40 today or  GBP 55 after 62 days'
18.4355 	EXP 	fixation: autoDraw = True
19.4196 	INFO 	Keyboard events cleared
19.4189 	EXP 	text: autoDraw = True
19.4356 	EXP 	fixation: autoDraw = False
19.7543 	EXP 	New trial (rep=1, index=4): <Trial 11 (4 in rep 1) data={'reward_today': 49, 'future_reward': 60, 'delay': 89, 'thisN': 11, 'thisTrialN': 4, 'thisRepN': 1}>
19.7628 	DATA 	Keypress: t
19.7730 	EXP 	fixation: autoDraw = False
19.7730 	EXP 	text: autoDraw = False
19.7730 	EXP 	text: height = 0.05
19.7730 	EXP 	text: height = 0.05
19.7730 	EXP 	text: height = 0.05
19.7730 	EXP 	text: text = 'GBP 49 today or  GBP 60 after 89 days'
19.7730 	EXP 	fixation: autoDraw = True
20.7617 	INFO 	Keyboard events cleared
20.7609 	EXP 	text: autoDraw = True
20.7775 	EXP 	fixation: autoDraw = False
21.1796 	EXP 	New trial (rep=1, index=5): <Trial 12 (5 in rep 1) data={'reward_today': 15, 'future_reward': 35, 'delay': 13, 'thisN': 12, 'thisTrialN': 5, 'thisRepN': 1}>
21.1899 	DATA 	Keypress: t
21.2023 	EXP 	fixation: autoDraw = False
21.2023 	EXP 	text: autoDraw = False
21.2023 	EXP 	text: height = 0.05
21.2023 	EXP 	text: height = 0.05
21.2023 	EXP 	text: height = 0.05
21.2023 	EXP 	text: text = 'GBP 15 today or  GBP 35 after 13 days'
21.2023 	EXP 	fixation: autoDraw = True
22.1864 	INFO 	Keyboard events cleared
22.1857 	EXP 	text: autoDraw = True
22.2023 	EXP 	fixation: autoDraw = False
22.4729 	DATA 	Keypress: l
22.4878 	EXP 	New trial (rep=1, index=6): <Trial 13 (6 in rep 1) data={'reward_today': 67, 'future_reward': 75, 'delay': 119, 'thisN': 13, 'thisTrialN': 6, 'thisRepN': 1}>
22.5062 	EXP 	fixation: autoDraw = False
22.5062 	EXP 	text: autoDraw = False
22.5062 	EXP 	text: height = 0.05
22.5062 	EXP 	text: height = 0.05
22.5062 	EXP 	text: height = 0.05
22.5062 	EXP 	text: text = 'GBP 67 today or  GBP 75 after 119 days'
22.5062 	EXP 	fixation: autoDraw = True
23.5031 	INFO 	Keyboard events cleared
23.5024 	EXP 	text: autoDraw = True
23.5191 	EXP 	fixation: autoDraw = False
23.6044 	EXP 	New trial (rep=2, index=0): <Trial 14 (0 in rep 2) data={'reward_today': 78, 'future_reward': 80, 'delay': 162, 'thisN': 14, 'thisTrialN': 0, 'thisRepN': 2}>
23.6139 	DATA 	Keypress: t
23.6240 	EXP 	fixation: autoDraw = False
23.6240 	EXP 	text: autoDraw = False
23.6240 	EXP 	text: height = 0.05
23.6240 	EXP 	text: height = 0.05
23.6240 	EXP 	text: height = 0.05
23.6240 	EXP 	text: text = 'GBP 78 today or  GBP 80 after 162 days'
23.6240 	EXP 	fixation: autoDraw = True
24.6118 	INFO 	Keyboard events cleared
24.6111 	EXP 	text: autoDraw = True
24.6277 	EXP 	fixation: autoDraw = False
24.8966 	EXP 	New trial (rep=2, index=1): <Trial 15 (1 in rep 2) data={'reward_today': 27, 'future_reward': 50, 'delay': 21, 'thisN': 15, 'thisTrialN': 1, 'thisRepN': 2}>
24.9060 	DATA 	Keypress: t
24.9191 	EXP 	fixation: autoDraw = False
24.9191 	EXP 	text: autoDraw = False
24.9191 	EXP 	text: height = 0.05
24.9191 	EXP 	text: height = 0.05
24.9191 	EXP 	text: height = 0.05
24.9191 	EXP 	text: text = 'GBP 27 today or  GBP 50 after 21 days'
24.9191 	EXP 	fixation: autoDraw = True
25.4717 	DATA 	Keypress: l
25.9026 	INFO 	Keyboard events cleared
25.9022 	EXP 	text: autoDraw = True
25.9191 	EXP 	fixation: autoDraw = False
27.2880 	EXP 	New trial (rep=2, index=2): <Trial 16 (2 in rep 2) data={'reward_today': 40, 'future_reward': 55, 'delay': 62, 'thisN': 16, 'thisTrialN': 2, 'thisRepN': 2}>
27.2986 	DATA 	Keypress: t
27.3091 	EXP 	fixation: autoDraw = False
27.3091 	EXP 	text: autoDraw = False
27.3091 	EXP 	text: height = 0.05
27.3091 	EXP 	text: height = 0.05
27.3091 	EXP 	text: height = 0.05
27.3091 	EXP 	text: text = 'GBP 40 today or  GBP 55 after 62 days'
27.3091 	EXP 	fixation: autoDraw = True
28.2953 	INFO 	Keyboard events cleared
28.2946 	EXP 	text: autoDraw = True
28.3112 	EXP 	fixation: autoDraw = False
28.8321 	DATA 	Keypress: l
28.8462 	EXP 	New trial (rep=2, index=3): <Trial 17 (3 in rep 2) data={'reward_today': 11, 'future_reward': 30, 'delay': 7, 'thisN': 17, 'thisTrialN': 3, 'thisRepN': 2}>
28.8693 	EXP 	fixation: autoDraw = False
28.8693 	EXP 	text: autoDraw = False
28.8693 	EXP 	text: height = 0.05
28.8693 	EXP 	text: height = 0.05
28.8693 	EXP 	text: height = 0.05
28.8693 	EXP 	text: text = 'GBP 11 today or  GBP 30 after 7 days'
28.8693 	EXP 	fixation: autoDraw = True
29.8534 	INFO 	Keyboard events cleared
29.8527 	EXP 	text: autoDraw = True
29.8693 	EXP 	fixation: autoDraw = False
30.1546 	EXP 	New trial (rep=2, index=4): <Trial 18 (4 in rep 2) data={'reward_today': 67, 'future_reward': 75, 'delay': 119, 'thisN': 18, 'thisTrialN': 4, 'thisRepN': 2}>
30.1643 	DATA 	Keypress: t
30.1744 	EXP 	fixation: autoDraw = False
30.1744 	EXP 	text: autoDraw = False
30.1744 	EXP 	text: height = 0.05
30.1744 	EXP 	text: height = 0.05
30.1744 	EXP 	text: height = 0.05
30.1744 	EXP 	text: text = 'GBP 67 today or  GBP 75 after 119 days'
30.1744 	EXP 	fixation: autoDraw = True
31.1621 	INFO 	Keyboard events cleared
31.1614 	EXP 	text: autoDraw = True
31.1780 	EXP 	fixation: autoDraw = False
31.4802 	EXP 	New trial (rep=2, index=5): <Trial 19 (5 in rep 2) data={'reward_today': 49, 'future_reward': 60, 'delay': 89, 'thisN': 19, 'thisTrialN': 5, 'thisRepN': 2}>
31.4927 	DATA 	Keypress: l
31.5028 	EXP 	fixation: autoDraw = False
31.5028 	EXP 	text: autoDraw = False
31.5028 	EXP 	text: height = 0.05
31.5028 	EXP 	text: height = 0.05
31.5028 	EXP 	text: height = 0.05
31.5028 	EXP 	text: text = 'GBP 49 today or  GBP 60 after 89 days'
31.5028 	EXP 	fixation: autoDraw = True
32.4872 	INFO 	Keyboard events cleared
32.4863 	EXP 	text: autoDraw = True
32.5029 	EXP 	fixation: autoDraw = False
32.8549 	EXP 	New trial (rep=2, index=6): <Trial 20 (6 in rep 2) data={'reward_today': 15, 'future_reward': 35, 'delay': 13, 'thisN': 20, 'thisTrialN': 6, 'thisRepN': 2}>
32.8641 	DATA 	Keypress: l
32.8744 	EXP 	fixation: autoDraw = False
32.8744 	EXP 	text: autoDraw = False
32.8744 	EXP 	text: height = 0.05
32.8744 	EXP 	text: height = 0.05
32.8744 	EXP 	text: height = 0.05
32.8744 	EXP 	text: text = 'GBP 15 today or  GBP 35 after 13 days'
32.8744 	EXP 	fixation: autoDraw = True
33.8622 	INFO 	Keyboard events cleared
33.8615 	EXP 	text: autoDraw = True
33.8781 	EXP 	fixation: autoDraw = False
34.0466 	EXP 	New trial (rep=3, index=0): <Trial 21 (0 in rep 3) data={'reward_today': 40, 'future_reward': 55, 'delay': 62, 'thisN': 21, 'thisTrialN': 0, 'thisRepN': 3}>
34.0561 	DATA 	Keypress: t
34.0695 	EXP 	fixation: autoDraw = False
34.0695 	EXP 	text: autoDraw = False
34.0695 	EXP 	text: height = 0.05
34.0695 	EXP 	text: height = 0.05
34.0695 	EXP 	text: height = 0.05
34.0695 	EXP 	text: text = 'GBP 40 today or  GBP 55 after 62 days'
34.0695 	EXP 	fixation: autoDraw = True
35.0536 	INFO 	Keyboard events cleared
35.0529 	EXP 	text: autoDraw = True
35.0695 	EXP 	fixation: autoDraw = False
35.5051 	EXP 	New trial (rep=3, index=1): <Trial 22 (1 in rep 3) data={'reward_today': 67, 'future_reward': 75, 'delay': 119, 'thisN': 22, 'thisTrialN': 1, 'thisRepN': 3}>
35.5142 	DATA 	Keypress: t
35.5247 	EXP 	fixation: autoDraw = False
35.5247 	EXP 	text: autoDraw = False
35.5247 	EXP 	text: height = 0.05
35.5247 	EXP 	text: height = 0.05
35.5247 	EXP 	text: height = 0.05
35.5247 	EXP 	text: text = 'GBP 67 today or  GBP 75 after 119 days'
35.5247 	EXP 	fixation: autoDraw = True
36.5123 	INFO 	Keyboard events cleared
36.5116 	EXP 	text: autoDraw = True
36.5282 	EXP 	fixation: autoDraw = False
36.8138 	EXP 	New trial (rep=3, index=2): <Trial 23 (2 in rep 3) data={'reward_today': 27, 'future_reward': 50, 'delay': 21, 'thisN': 23, 'thisTrialN': 2, 'thisRepN': 3}>
36.8232 	DATA 	Keypress: t
36.8363 	EXP 	fixation: autoDraw = False
36.8363 	EXP 	text: autoDraw = False
36.8363 	EXP 	text: height = 0.05
36.8363 	EXP 	text: height = 0.05
36.8363 	EXP 	text: height = 0.05
36.8363 	EXP 	text: text = 'GBP 27 today or  GBP 50 after 21 days'
36.8363 	EXP 	fixation: autoDraw = True
37.8204 	INFO 	Keyboard events cleared
37.8197 	EXP 	text: autoDraw = True
37.8364 	EXP 	fixation: autoDraw = False
38.2386 	EXP 	New trial (rep=3, index=3): <Trial 24 (3 in rep 3) data={'reward_today': 49, 'future_reward': 60, 'delay': 89, 'thisN': 24, 'thisTrialN': 3, 'thisRepN': 3}>
38.2482 	DATA 	Keypress: t
38.2588 	EXP 	fixation: autoDraw = False
38.2588 	EXP 	text: autoDraw = False
38.2588 	EXP 	text: height = 0.05
38.2588 	EXP 	text: height = 0.05
38.2588 	EXP 	text: height = 0.05
38.2588 	EXP 	text: text = 'GBP 49 today or  GBP 60 after 89 days'
38.2588 	EXP 	fixation: autoDraw = True
39.2458 	INFO 	Keyboard events cleared
39.2451 	EXP 	text: autoDraw = True
39.2618 	EXP 	fixation: autoDraw = False
39.5805 	EXP 	New trial (rep=3, index=4): <Trial 25 (4 in rep 3) data={'reward_today': 11, 'future_reward': 30, 'delay': 7, 'thisN': 25, 'thisTrialN': 4, 'thisRepN': 3}>
39.5907 	DATA 	Keypress: t
39.6031 	EXP 	fixation: autoDraw = False
39.6031 	EXP 	text: autoDraw = False
39.6031 	EXP 	text: height = 0.05
39.6031 	EXP 	text: height = 0.05
39.6031 	EXP 	text: height = 0.05
39.6031 	EXP 	text: text = 'GBP 11 today or  GBP 30 after 7 days'
39.6031 	EXP 	fixation: autoDraw = True
40.5872 	INFO 	Keyboard events cleared
40.5864 	EXP 	text: autoDraw = True
40.6032 	EXP 	fixation: autoDraw = False
40.9723 	EXP 	New trial (rep=3, index=5): <Trial 26 (5 in rep 3) data={'reward_today': 15, 'future_reward': 35, 'delay': 13, 'thisN': 26, 'thisTrialN': 5, 'thisRepN': 3}>
40.9816 	DATA 	Keypress: t
40.9918 	EXP 	fixation: autoDraw = False
40.9918 	EXP 	text: autoDraw = False
40.9918 	EXP 	text: height = 0.05
40.9918 	EXP 	text: height = 0.05
40.9918 	EXP 	text: height = 0.05
40.9918 	EXP 	text: text = 'GBP 15 today or  GBP 35 after 13 days'
40.9918 	EXP 	fixation: autoDraw = True
41.9792 	INFO 	Keyboard events cleared
41.9786 	EXP 	text: autoDraw = True
41.9951 	EXP 	fixation: autoDraw = False
42.0305 	EXP 	New trial (rep=3, index=6): <Trial 27 (6 in rep 3) data={'reward_today': 78, 'future_reward': 80, 'delay': 162, 'thisN': 27, 'thisTrialN': 6, 'thisRepN': 3}>
42.0399 	DATA 	Keypress: t
42.0532 	EXP 	fixation: autoDraw = False
42.0532 	EXP 	text: autoDraw = False
42.0532 	EXP 	text: height = 0.05
42.0532 	EXP 	text: height = 0.05
42.0532 	EXP 	text: height = 0.05
42.0532 	EXP 	text: text = 'GBP 78 today or  GBP 80 after 162 days'
42.0532 	EXP 	fixation: autoDraw = True
43.0373 	INFO 	Keyboard events cleared
43.0366 	EXP 	text: autoDraw = True
43.0533 	EXP 	fixation: autoDraw = False
43.0718 	EXP 	New trial (rep=4, index=0): <Trial 28 (0 in rep 4) data={'reward_today': 40, 'future_reward': 55, 'delay': 62, 'thisN': 28, 'thisTrialN': 0, 'thisRepN': 4}>
43.0812 	DATA 	Keypress: l
43.0915 	EXP 	fixation: autoDraw = False
43.0915 	EXP 	text: autoDraw = False
43.0915 	EXP 	text: height = 0.05
43.0915 	EXP 	text: height = 0.05
43.0915 	EXP 	text: height = 0.05
43.0915 	EXP 	text: text = 'GBP 40 today or  GBP 55 after 62 days'
43.0915 	EXP 	fixation: autoDraw = True
43.8645 	DATA 	Keypress: l
44.0794 	INFO 	Keyboard events cleared
44.0786 	EXP 	text: autoDraw = True
44.0953 	EXP 	fixation: autoDraw = False
44.7638 	EXP 	New trial (rep=4, index=1): <Trial 29 (1 in rep 4) data={'reward_today': 15, 'future_reward': 35, 'delay': 13, 'thisN': 29, 'thisTrialN': 1, 'thisRepN': 4}>
44.7734 	DATA 	Keypress: l
44.7867 	EXP 	fixation: autoDraw = False
44.7867 	EXP 	text: autoDraw = False
44.7867 	EXP 	text: height = 0.05
44.7867 	EXP 	text: height = 0.05
44.7867 	EXP 	text: height = 0.05
44.7867 	EXP 	text: text = 'GBP 15 today or  GBP 35 after 13 days'
44.7867 	EXP 	fixation: autoDraw = True
45.7708 	INFO 	Keyboard events cleared
45.7701 	EXP 	text: autoDraw = True
45.7867 	EXP 	fixation: autoDraw = False
46.3054 	EXP 	New trial (rep=4, index=2): <Trial 30 (2 in rep 4) data={'reward_today': 78, 'future_reward': 80, 'delay': 162, 'thisN': 30, 'thisTrialN': 2, 'thisRepN': 4}>
46.3147 	DATA 	Keypress: l
46.3251 	EXP 	fixation: autoDraw = False
46.3251 	EXP 	text: autoDraw = False
46.3251 	EXP 	text: height = 0.05
46.3251 	EXP 	text: height = 0.05
46.3251 	EXP 	text: height = 0.05
46.3251 	EXP 	text: text = 'GBP 78 today or  GBP 80 after 162 days'
46.3251 	EXP 	fixation: autoDraw = True
47.3130 	INFO 	Keyboard events cleared
47.3121 	EXP 	text: autoDraw = True
47.3287 	EXP 	fixation: autoDraw = False
47.7140 	EXP 	New trial (rep=4, index=3): <Trial 31 (3 in rep 4) data={'reward_today': 49, 'future_reward': 60, 'delay': 89, 'thisN': 31, 'thisTrialN': 3, 'thisRepN': 4}>
47.7234 	DATA 	Keypress: l
47.7368 	EXP 	fixation: autoDraw = False
47.7368 	EXP 	text: autoDraw = False
47.7368 	EXP 	text: height = 0.05
47.7368 	EXP 	text: height = 0.05
47.7368 	EXP 	text: height = 0.05
47.7368 	EXP 	text: text = 'GBP 49 today or  GBP 60 after 89 days'
47.7368 	EXP 	fixation: autoDraw = True
48.7209 	INFO 	Keyboard events cleared
48.7201 	EXP 	text: autoDraw = True
48.7368 	EXP 	fixation: autoDraw = False
49.0055 	EXP 	New trial (rep=4, index=4): <Trial 32 (4 in rep 4) data={'reward_today': 11, 'future_reward': 30, 'delay': 7, 'thisN': 32, 'thisTrialN': 4, 'thisRepN': 4}>
49.0160 	DATA 	Keypress: t
49.0266 	EXP 	fixation: autoDraw = False
49.0266 	EXP 	text: autoDraw = False
49.0266 	EXP 	text: height = 0.05
49.0266 	EXP 	text: height = 0.05
49.0266 	EXP 	text: height = 0.05
49.0266 	EXP 	text: text = 'GBP 11 today or  GBP 30 after 7 days'
49.0266 	EXP 	fixation: autoDraw = True
50.0129 	INFO 	Keyboard events cleared
50.0122 	EXP 	text: autoDraw = True
50.0288 	EXP 	fixation: autoDraw = False
50.5810 	EXP 	New trial (rep=4, index=5): <Trial 33 (5 in rep 4) data={'reward_today': 27, 'future_reward': 50, 'delay': 21, 'thisN': 33, 'thisTrialN': 5, 'thisRepN': 4}>
50.5904 	DATA 	Keypress: t
50.6037 	EXP 	fixation: autoDraw = False
50.6037 	EXP 	text: autoDraw = False
50.6037 	EXP 	text: height = 0.05
50.6037 	EXP 	text: height = 0.05
50.6037 	EXP 	text: height = 0.05
50.6037 	EXP 	text: text = 'GBP 27 today or  GBP 50 after 21 days'
50.6037 	EXP 	fixation: autoDraw = True
51.5879 	INFO 	Keyboard events cleared
51.5870 	EXP 	text: autoDraw = True
51.6038 	EXP 	fixation: autoDraw = False
52.1390 	EXP 	New trial (rep=4, index=6): <Trial 34 (6 in rep 4) data={'reward_today': 67, 'future_reward': 75, 'delay': 119, 'thisN': 34, 'thisTrialN': 6, 'thisRepN': 4}>
52.1488 	DATA 	Keypress: l
52.1589 	EXP 	fixation: autoDraw = False
52.1589 	EXP 	text: autoDraw = False
52.1589 	EXP 	text: height = 0.05
52.1589 	EXP 	text: height = 0.05
52.1589 	EXP 	text: height = 0.05
52.1589 	EXP 	text: text = 'GBP 67 today or  GBP 75 after 119 days'
52.1589 	EXP 	fixation: autoDraw = True
53.1464 	INFO 	Keyboard events cleared
53.1458 	EXP 	text: autoDraw = True
53.1623 	EXP 	fixation: autoDraw = False
53.8142 	EXP 	New trial (rep=5, index=0): <Trial 35 (0 in rep 5) data={'reward_today': 78, 'future_reward': 80, 'delay': 162, 'thisN': 35, 'thisTrialN': 0, 'thisRepN': 5}>
53.8237 	DATA 	Keypress: l
53.8371 	EXP 	fixation: autoDraw = False
53.8371 	EXP 	text: autoDraw = False
53.8371 	EXP 	text: height = 0.05
53.8371 	EXP 	text: height = 0.05
53.8371 	EXP 	text: height = 0.05
53.8371 	EXP 	text: text = 'GBP 78 today or  GBP 80 after 162 days'
53.8371 	EXP 	fixation: autoDraw = True
54.8214 	INFO 	Keyboard events cleared
54.8206 	EXP 	text: autoDraw = True
54.8371 	EXP 	fixation: autoDraw = False
55.0892 	EXP 	New trial (rep=5, index=1): <Trial 36 (1 in rep 5) data={'reward_today': 40, 'future_reward': 55, 'delay': 62, 'thisN': 36, 'thisTrialN': 1, 'thisRepN': 5}>
55.0990 	DATA 	Keypress: t
55.1094 	EXP 	fixation: autoDraw = False
55.1094 	EXP 	text: autoDraw = False
55.1094 	EXP 	text: height = 0.05
55.1094 	EXP 	text: height = 0.05
55.1094 	EXP 	text: height = 0.05
55.1094 	EXP 	text: text = 'GBP 40 today or  GBP 55 after 62 days'
55.1094 	EXP 	fixation: autoDraw = True
56.0965 	INFO 	Keyboard events cleared
56.0959 	EXP 	text: autoDraw = True
56.1124 	EXP 	fixation: autoDraw = False
56.5479 	EXP 	New trial (rep=5, index=2): <Trial 37 (2 in rep 5) data={'reward_today': 27, 'future_reward': 50, 'delay': 21, 'thisN': 37, 'thisTrialN': 2, 'thisRepN': 5}>
56.5575 	DATA 	Keypress: t
56.5705 	EXP 	fixation: autoDraw = False
56.5705 	EXP 	text: autoDraw = False
56.5705 	EXP 	text: height = 0.05
56.5705 	EXP 	text: height = 0.05
56.5705 	EXP 	text: height = 0.05
56.5705 	EXP 	text: text = 'GBP 27 today or  GBP 50 after 21 days'
56.5705 	EXP 	fixation: autoDraw = True
57.5545 	INFO 	Keyboard events cleared
57.5539 	EXP 	text: autoDraw = True
57.5706 	EXP 	fixation: autoDraw = False
58.4387 	EXP 	New trial (rep=5, index=3): <Trial 38 (3 in rep 5) data={'reward_today': 49, 'future_reward': 60, 'delay': 89, 'thisN': 38, 'thisTrialN': 3, 'thisRepN': 5}>
58.4460 	DATA 	Keypress: t
58.4560 	EXP 	fixation: autoDraw = False
58.4560 	EXP 	text: autoDraw = False
58.4560 	EXP 	text: height = 0.05
58.4560 	EXP 	text: height = 0.05
58.4560 	EXP 	text: height = 0.05
58.4560 	EXP 	text: text = 'GBP 49 today or  GBP 60 after 89 days'
58.4560 	EXP 	fixation: autoDraw = True
59.4546 	INFO 	Keyboard events cleared
59.4541 	EXP 	text: autoDraw = True
59.4706 	EXP 	fixation: autoDraw = False
59.5388 	EXP 	New trial (rep=5, index=4): <Trial 39 (4 in rep 5) data={'reward_today': 15, 'future_reward': 35, 'delay': 13, 'thisN': 39, 'thisTrialN': 4, 'thisRepN': 5}>
59.5454 	DATA 	Keypress: t
59.5556 	EXP 	fixation: autoDraw = False
59.5556 	EXP 	text: autoDraw = False
59.5556 	EXP 	text: height = 0.05
59.5556 	EXP 	text: height = 0.05
59.5556 	EXP 	text: height = 0.05
59.5556 	EXP 	text: text = 'GBP 15 today or  GBP 35 after 13 days'
59.5556 	EXP 	fixation: autoDraw = True
60.5549 	INFO 	Keyboard events cleared
60.5541 	EXP 	text: autoDraw = True
60.5707 	EXP 	fixation: autoDraw = False
60.7396 	EXP 	New trial (rep=5, index=5): <Trial 40 (5 in rep 5) data={'reward_today': 11, 'future_reward': 30, 'delay': 7, 'thisN': 40, 'thisTrialN': 5, 'thisRepN': 5}>
60.7502 	DATA 	Keypress: l
60.7606 	EXP 	fixation: autoDraw = False
60.7606 	EXP 	text: autoDraw = False
60.7606 	EXP 	text: height = 0.05
60.7606 	EXP 	text: height = 0.05
60.7606 	EXP 	text: height = 0.05
60.7606 	EXP 	text: text = 'GBP 11 today or  GBP 30 after 7 days'
60.7606 	EXP 	fixation: autoDraw = True
60.9319 	DATA 	Keypress: l
61.7465 	INFO 	Keyboard events cleared
61.7460 	EXP 	text: autoDraw = True
61.7627 	EXP 	fixation: autoDraw = False
62.3642 	EXP 	New trial (rep=5, index=6): <Trial 41 (6 in rep 5) data={'reward_today': 67, 'future_reward': 75, 'delay': 119, 'thisN': 41, 'thisTrialN': 6, 'thisRepN': 5}>
62.3687 	DATA 	Keypress: t
62.3791 	EXP 	fixation: autoDraw = False
62.3791 	EXP 	text: autoDraw = False
62.3791 	EXP 	text: height = 0.05
62.3791 	EXP 	text: height = 0.05
62.3791 	EXP 	text: height = 0.05
62.3791 	EXP 	text: text = 'GBP 67 today or  GBP 75 after 119 days'
62.3791 	EXP 	fixation: autoDraw = True
63.3801 	INFO 	Keyboard events cleared
63.3795 	EXP 	fixation: autoDraw = False
63.3795 	EXP 	text: autoDraw = True
63.9817 	EXP 	New trial (rep=6, index=0): <Trial 42 (0 in rep 6) data={'reward_today': 11, 'future_reward': 30, 'delay': 7, 'thisN': 42, 'thisTrialN': 0, 'thisRepN': 6}>
63.9923 	DATA 	Keypress: t
64.0042 	EXP 	fixation: autoDraw = False
64.0042 	EXP 	text: autoDraw = False
64.0042 	EXP 	text: height = 0.05
64.0042 	EXP 	text: height = 0.05
64.0042 	EXP 	text: height = 0.05
64.0042 	EXP 	text: text = 'GBP 11 today or  GBP 30 after 7 days'
64.0042 	EXP 	fixation: autoDraw = True
64.9884 	INFO 	Keyboard events cleared
64.9877 	EXP 	text: autoDraw = True
65.0043 	EXP 	fixation: autoDraw = False
65.6396 	EXP 	New trial (rep=6, index=1): <Trial 43 (1 in rep 6) data={'reward_today': 15, 'future_reward': 35, 'delay': 13, 'thisN': 43, 'thisTrialN': 1, 'thisRepN': 6}>
65.6483 	DATA 	Keypress: t
65.6585 	EXP 	fixation: autoDraw = False
65.6585 	EXP 	text: autoDraw = False
65.6585 	EXP 	text: height = 0.05
65.6585 	EXP 	text: height = 0.05
65.6585 	EXP 	text: height = 0.05
65.6585 	EXP 	text: text = 'GBP 15 today or  GBP 35 after 13 days'
65.6585 	EXP 	fixation: autoDraw = True
66.6470 	INFO 	Keyboard events cleared
66.6463 	EXP 	text: autoDraw = True
66.6629 	EXP 	fixation: autoDraw = False
66.9151 	EXP 	New trial (rep=6, index=2): <Trial 44 (2 in rep 6) data={'reward_today': 78, 'future_reward': 80, 'delay': 162, 'thisN': 44, 'thisTrialN': 2, 'thisRepN': 6}>
66.9260 	DATA 	Keypress: l
66.9377 	EXP 	fixation: autoDraw = False
66.9377 	EXP 	text: autoDraw = False
66.9377 	EXP 	text: height = 0.05
66.9377 	EXP 	text: height = 0.05
66.9377 	EXP 	text: height = 0.05
66.9377 	EXP 	text: text = 'GBP 78 today or  GBP 80 after 162 days'
66.9377 	EXP 	fixation: autoDraw = True
67.9220 	INFO 	Keyboard events cleared
67.9210 	EXP 	text: autoDraw = True
67.9378 	EXP 	fixation: autoDraw = False
69.1254 	DATA 	Keypress: t
69.1397 	EXP 	New trial (rep=6, index=3): <Trial 45 (3 in rep 6) data={'reward_today': 49, 'future_reward': 60, 'delay': 89, 'thisN': 45, 'thisTrialN': 3, 'thisRepN': 6}>
69.1587 	EXP 	fixation: autoDraw = False
69.1587 	EXP 	text: autoDraw = False
69.1587 	EXP 	text: height = 0.05
69.1587 	EXP 	text: height = 0.05
69.1587 	EXP 	text: height = 0.05
69.1587 	EXP 	text: text = 'GBP 49 today or  GBP 60 after 89 days'
69.1587 	EXP 	fixation: autoDraw = True
70.1472 	INFO 	Keyboard events cleared
70.1465 	EXP 	text: autoDraw = True
70.1631 	EXP 	fixation: autoDraw = False
70.5484 	EXP 	New trial (rep=6, index=4): <Trial 46 (4 in rep 6) data={'reward_today': 27, 'future_reward': 50, 'delay': 21, 'thisN': 46, 'thisTrialN': 4, 'thisRepN': 6}>
70.5582 	DATA 	Keypress: t
70.5711 	EXP 	fixation: autoDraw = False
70.5711 	EXP 	text: autoDraw = False
70.5711 	EXP 	text: height = 0.05
70.5711 	EXP 	text: height = 0.05
70.5711 	EXP 	text: height = 0.05
70.5711 	EXP 	text: text = 'GBP 27 today or  GBP 50 after 21 days'
70.5711 	EXP 	fixation: autoDraw = True
71.5552 	INFO 	Keyboard events cleared
71.5545 	EXP 	text: autoDraw = True
71.5712 	EXP 	fixation: autoDraw = False
72.6566 	EXP 	New trial (rep=6, index=5): <Trial 47 (5 in rep 6) data={'reward_today': 40, 'future_reward': 55, 'delay': 62, 'thisN': 47, 'thisTrialN': 5, 'thisRepN': 6}>
72.6658 	DATA 	Keypress: t
72.6760 	EXP 	fixation: autoDraw = False
72.6760 	EXP 	text: autoDraw = False
72.6760 	EXP 	text: height = 0.05
72.6760 	EXP 	text: height = 0.05
72.6760 	EXP 	text: height = 0.05
72.6760 	EXP 	text: text = 'GBP 40 today or  GBP 55 after 62 days'
72.6760 	EXP 	fixation: autoDraw = True
73.5826 	DATA 	Keypress: l
73.6640 	INFO 	Keyboard events cleared
73.6633 	EXP 	text: autoDraw = True
73.6799 	EXP 	fixation: autoDraw = False
74.2819 	EXP 	New trial (rep=6, index=6): <Trial 48 (6 in rep 6) data={'reward_today': 67, 'future_reward': 75, 'delay': 119, 'thisN': 48, 'thisTrialN': 6, 'thisRepN': 6}>
74.2916 	DATA 	Keypress: l
74.3047 	EXP 	fixation: autoDraw = False
74.3047 	EXP 	text: autoDraw = False
74.3047 	EXP 	text: height = 0.05
74.3047 	EXP 	text: height = 0.05
74.3047 	EXP 	text: height = 0.05
74.3047 	EXP 	text: text = 'GBP 67 today or  GBP 75 after 119 days'
74.3047 	EXP 	fixation: autoDraw = True
74.8573 	DATA 	Keypress: l
75.2888 	INFO 	Keyboard events cleared
75.2880 	EXP 	text: autoDraw = True
75.3048 	EXP 	fixation: autoDraw = False
75.6575 	EXP 	New trial (rep=7, index=0): <Trial 49 (0 in rep 7) data={'reward_today': 40, 'future_reward': 55, 'delay': 62, 'thisN': 49, 'thisTrialN': 0, 'thisRepN': 7}>
75.6661 	DATA 	Keypress: l
75.6763 	EXP 	fixation: autoDraw = False
75.6763 	EXP 	text: autoDraw = False
75.6763 	EXP 	text: height = 0.05
75.6763 	EXP 	text: height = 0.05
75.6763 	EXP 	text: height = 0.05
75.6763 	EXP 	text: text = 'GBP 40 today or  GBP 55 after 62 days'
75.6763 	EXP 	fixation: autoDraw = True
76.6641 	INFO 	Keyboard events cleared
76.6635 	EXP 	text: autoDraw = True
76.6801 	EXP 	fixation: autoDraw = False
77.1652 	EXP 	New trial (rep=7, index=1): <Trial 50 (1 in rep 7) data={'reward_today': 11, 'future_reward': 30, 'delay': 7, 'thisN': 50, 'thisTrialN': 1, 'thisRepN': 7}>
77.1762 	DATA 	Keypress: l
77.1882 	EXP 	fixation: autoDraw = False
77.1882 	EXP 	text: autoDraw = False
77.1882 	EXP 	text: height = 0.05
77.1882 	EXP 	text: height = 0.05
77.1882 	EXP 	text: height = 0.05
77.1882 	EXP 	text: text = 'GBP 11 today or  GBP 30 after 7 days'
77.1882 	EXP 	fixation: autoDraw = True
78.1722 	INFO 	Keyboard events cleared
78.1715 	EXP 	text: autoDraw = True
78.1882 	EXP 	fixation: autoDraw = False
79.0411 	EXP 	New trial (rep=7, index=2): <Trial 51 (2 in rep 7) data={'reward_today': 49, 'future_reward': 60, 'delay': 89, 'thisN': 51, 'thisTrialN': 2, 'thisRepN': 7}>
79.0498 	DATA 	Keypress: l
79.0600 	EXP 	fixation: autoDraw = False
79.0600 	EXP 	text: autoDraw = False
79.0600 	EXP 	text: height = 0.05
79.0600 	EXP 	text: height = 0.05
79.0600 	EXP 	text: height = 0.05
79.0600 	EXP 	text: text = 'GBP 49 today or  GBP 60 after 89 days'
79.0600 	EXP 	fixation: autoDraw = True
80.0476 	INFO 	Keyboard events cleared
80.0470 	EXP 	text: autoDraw = True
80.0636 	EXP 	fixation: autoDraw = False
80.8487 	EXP 	New trial (rep=7, index=3): <Trial 52 (3 in rep 7) data={'reward_today': 27, 'future_reward': 50, 'delay': 21, 'thisN': 52, 'thisTrialN': 3, 'thisRepN': 7}>
80.8590 	DATA 	Keypress: t
80.8717 	EXP 	fixation: autoDraw = False
80.8717 	EXP 	text: autoDraw = False
80.8717 	EXP 	text: height = 0.05
80.8717 	EXP 	text: height = 0.05
80.8717 	EXP 	text: height = 0.05
80.8717 	EXP 	text: text = 'GBP 27 today or  GBP 50 after 21 days'
80.8717 	EXP 	fixation: autoDraw = True
81.8557 	INFO 	Keyboard events cleared
81.8551 	EXP 	text: autoDraw = True
81.8716 	EXP 	fixation: autoDraw = False
82.4239 	EXP 	New trial (rep=7, index=4): <Trial 53 (4 in rep 7) data={'reward_today': 78, 'future_reward': 80, 'delay': 162, 'thisN': 53, 'thisTrialN': 4, 'thisRepN': 7}>
82.4328 	DATA 	Keypress: l
82.4431 	EXP 	fixation: autoDraw = False
82.4431 	EXP 	text: autoDraw = False
82.4431 	EXP 	text: height = 0.05
82.4431 	EXP 	text: height = 0.05
82.4431 	EXP 	text: height = 0.05
82.4431 	EXP 	text: text = 'GBP 78 today or  GBP 80 after 162 days'
82.4431 	EXP 	fixation: autoDraw = True
83.4311 	INFO 	Keyboard events cleared
83.4304 	EXP 	text: autoDraw = True
83.4470 	EXP 	fixation: autoDraw = False
84.2156 	EXP 	New trial (rep=7, index=5): <Trial 54 (5 in rep 7) data={'reward_today': 15, 'future_reward': 35, 'delay': 13, 'thisN': 54, 'thisTrialN': 5, 'thisRepN': 7}>
84.2253 	DATA 	Keypress: l
84.2384 	EXP 	fixation: autoDraw = False
84.2384 	EXP 	text: autoDraw = False
84.2384 	EXP 	text: height = 0.05
84.2384 	EXP 	text: height = 0.05
84.2384 	EXP 	text: height = 0.05
84.2384 	EXP 	text: text = 'GBP 15 today or  GBP 35 after 13 days'
84.2384 	EXP 	fixation: autoDraw = True
85.2225 	INFO 	Keyboard events cleared
85.2218 	EXP 	text: autoDraw = True
85.2385 	EXP 	fixation: autoDraw = False
86.1088 	EXP 	New trial (rep=7, index=6): <Trial 55 (6 in rep 7) data={'reward_today': 67, 'future_reward': 75, 'delay': 119, 'thisN': 55, 'thisTrialN': 6, 'thisRepN': 7}>
86.1177 	DATA 	Keypress: l
86.1280 	EXP 	fixation: autoDraw = False
86.1280 	EXP 	text: autoDraw = False
86.1280 	EXP 	text: height = 0.05
86.1280 	EXP 	text: height = 0.05
86.1280 	EXP 	text: height = 0.05
86.1280 	EXP 	text: text = 'GBP 67 today or  GBP 75 after 119 days'
86.1280 	EXP 	fixation: autoDraw = True
87.1143 	INFO 	Keyboard events cleared
87.1139 	EXP 	text: autoDraw = True
87.1305 	EXP 	fixation: autoDraw = False
87.3991 	EXP 	New trial (rep=8, index=0): <Trial 56 (0 in rep 8) data={'reward_today': 67, 'future_reward': 75, 'delay': 119, 'thisN': 56, 'thisTrialN': 0, 'thisRepN': 8}>
87.4013 	DATA 	Keypress: t
87.4137 	EXP 	fixation: autoDraw = False
87.4137 	EXP 	text: autoDraw = False
87.4137 	EXP 	text: text = 'GBP 67 today or  GBP 75 after 119 days'
87.4137 	EXP 	fixation: autoDraw = True
88.0174 	DATA 	Keypress: l
88.4147 	INFO 	Keyboard events cleared
88.4139 	EXP 	fixation: autoDraw = False
88.4139 	EXP 	text: autoDraw = True
89.1162 	EXP 	New trial (rep=8, index=1): <Trial 57 (1 in rep 8) data={'reward_today': 27, 'future_reward': 50, 'delay': 21, 'thisN': 57, 'thisTrialN': 1, 'thisRepN': 8}>
89.1273 	DATA 	Keypress: t
89.1388 	EXP 	fixation: autoDraw = False
89.1388 	EXP 	text: autoDraw = False
89.1388 	EXP 	text: height = 0.05
89.1388 	EXP 	text: height = 0.05
89.1388 	EXP 	text: height = 0.05
89.1388 	EXP 	text: text = 'GBP 27 today or  GBP 50 after 21 days'
89.1388 	EXP 	fixation: autoDraw = True
90.1232 	INFO 	Keyboard events cleared
90.1223 	EXP 	text: autoDraw = True
90.1387 	EXP 	fixation: autoDraw = False
91.3744 	EXP 	New trial (rep=8, index=2): <Trial 58 (2 in rep 8) data={'reward_today': 78, 'future_reward': 80, 'delay': 162, 'thisN': 58, 'thisTrialN': 2, 'thisRepN': 8}>
91.3834 	DATA 	Keypress: t
91.3939 	EXP 	fixation: autoDraw = False
91.3939 	EXP 	text: autoDraw = False
91.3939 	EXP 	text: height = 0.05
91.3939 	EXP 	text: height = 0.05
91.3939 	EXP 	text: height = 0.05
91.3939 	EXP 	text: text = 'GBP 78 today or  GBP 80 after 162 days'
91.3939 	EXP 	fixation: autoDraw = True
92.3815 	INFO 	Keyboard events cleared
92.3809 	EXP 	text: autoDraw = True
92.3974 	EXP 	fixation: autoDraw = False
93.5831 	EXP 	New trial (rep=8, index=3): <Trial 59 (3 in rep 8) data={'reward_today': 15, 'future_reward': 35, 'delay': 13, 'thisN': 59, 'thisTrialN': 3, 'thisRepN': 8}>
93.5928 	DATA 	Keypress: t
93.6055 	EXP 	fixation: autoDraw = False
93.6055 	EXP 	text: autoDraw = False
93.6055 	EXP 	text: height = 0.05
93.6055 	EXP 	text: height = 0.05
93.6055 	EXP 	text: height = 0.05
93.6055 	EXP 	text: text = 'GBP 15 today or  GBP 35 after 13 days'
93.6055 	EXP 	fixation: autoDraw = True
94.5896 	INFO 	Keyboard events cleared
94.5889 	EXP 	text: autoDraw = True
94.6056 	EXP 	fixation: autoDraw = False
96.9571 	EXP 	New trial (rep=8, index=4): <Trial 60 (4 in rep 8) data={'reward_today': 40, 'future_reward': 55, 'delay': 62, 'thisN': 60, 'thisTrialN': 4, 'thisRepN': 8}>
96.9627 	DATA 	Keypress: l
96.9726 	EXP 	fixation: autoDraw = False
96.9726 	EXP 	text: autoDraw = False
96.9726 	EXP 	text: height = 0.05
96.9726 	EXP 	text: height = 0.05
96.9726 	EXP 	text: height = 0.05
96.9726 	EXP 	text: text = 'GBP 40 today or  GBP 55 after 62 days'
96.9726 	EXP 	fixation: autoDraw = True
97.8918 	DATA 	Keypress: l
97.9728 	INFO 	Keyboard events cleared
97.9723 	EXP 	fixation: autoDraw = False
97.9723 	EXP 	text: autoDraw = True
99.4582 	EXP 	New trial (rep=8, index=5): <Trial 61 (5 in rep 8) data={'reward_today': 11, 'future_reward': 30, 'delay': 7, 'thisN': 61, 'thisTrialN': 5, 'thisRepN': 8}>
99.4676 	DATA 	Keypress: l
99.4779 	EXP 	fixation: autoDraw = False
99.4779 	EXP 	text: autoDraw = False
99.4779 	EXP 	text: height = 0.05
99.4779 	EXP 	text: height = 0.05
99.4779 	EXP 	text: height = 0.05
99.4779 	EXP 	text: text = 'GBP 11 today or  GBP 30 after 7 days'
99.4779 	EXP 	fixation: autoDraw = True
100.4650 	INFO 	Keyboard events cleared
100.4645 	EXP 	text: autoDraw = True
100.4811 	EXP 	fixation: autoDraw = False
101.4500 	EXP 	New trial (rep=8, index=6): <Trial 62 (6 in rep 8) data={'reward_today': 49, 'future_reward': 60, 'delay': 89, 'thisN': 62, 'thisTrialN': 6, 'thisRepN': 8}>
101.4594 	DATA 	Keypress: l
101.4725 	EXP 	fixation: autoDraw = False
101.4725 	EXP 	text: autoDraw = False
101.4725 	EXP 	text: height = 0.05
101.4725 	EXP 	text: height = 0.05
101.4725 	EXP 	text: height = 0.05
101.4725 	EXP 	text: text = 'GBP 49 today or  GBP 60 after 89 days'
101.4725 	EXP 	fixation: autoDraw = True
102.4569 	INFO 	Keyboard events cleared
102.4561 	EXP 	text: autoDraw = True
102.4726 	EXP 	fixation: autoDraw = False
103.7079 	EXP 	New trial (rep=9, index=0): <Trial 63 (0 in rep 9) data={'reward_today': 27, 'future_reward': 50, 'delay': 21, 'thisN': 63, 'thisTrialN': 0, 'thisRepN': 9}>
103.7172 	DATA 	Keypress: t
103.7281 	EXP 	fixation: autoDraw = False
103.7281 	EXP 	text: autoDraw = False
103.7281 	EXP 	text: height = 0.05
103.7281 	EXP 	text: height = 0.05
103.7281 	EXP 	text: height = 0.05
103.7281 	EXP 	text: text = 'GBP 27 today or  GBP 50 after 21 days'
103.7281 	EXP 	fixation: autoDraw = True
104.7153 	INFO 	Keyboard events cleared
104.7147 	EXP 	text: autoDraw = True
104.7313 	EXP 	fixation: autoDraw = False
105.9334 	EXP 	New trial (rep=9, index=1): <Trial 64 (1 in rep 9) data={'reward_today': 78, 'future_reward': 80, 'delay': 162, 'thisN': 64, 'thisTrialN': 1, 'thisRepN': 9}>
105.9428 	DATA 	Keypress: t
105.9561 	EXP 	fixation: autoDraw = False
105.9561 	EXP 	text: autoDraw = False
105.9561 	EXP 	text: height = 0.05
105.9561 	EXP 	text: height = 0.05
105.9561 	EXP 	text: height = 0.05
105.9561 	EXP 	text: text = 'GBP 78 today or  GBP 80 after 162 days'
105.9561 	EXP 	fixation: autoDraw = True
106.9402 	INFO 	Keyboard events cleared
106.9395 	EXP 	text: autoDraw = True
106.9561 	EXP 	fixation: autoDraw = False
108.0609 	DATA 	Keypress: t
108.0747 	EXP 	New trial (rep=9, index=2): <Trial 65 (2 in rep 9) data={'reward_today': 67, 'future_reward': 75, 'delay': 119, 'thisN': 65, 'thisTrialN': 2, 'thisRepN': 9}>
108.0944 	EXP 	fixation: autoDraw = False
108.0944 	EXP 	text: autoDraw = False
108.0944 	EXP 	text: height = 0.05
108.0944 	EXP 	text: height = 0.05
108.0944 	EXP 	text: height = 0.05
108.0944 	EXP 	text: text = 'GBP 67 today or  GBP 75 after 119 days'
108.0944 	EXP 	fixation: autoDraw = True
109.0821 	INFO 	Keyboard events cleared
109.0815 	EXP 	text: autoDraw = True
109.0982 	EXP 	fixation: autoDraw = False
112.4017 	DATA 	Keypress: l
112.4170 	EXP 	New trial (rep=9, index=3): <Trial 66 (3 in rep 9) data={'reward_today': 49, 'future_reward': 60, 'delay': 89, 'thisN': 66, 'thisTrialN': 3, 'thisRepN': 9}>
112.4397 	EXP 	fixation: autoDraw = False
112.4397 	EXP 	text: autoDraw = False
112.4397 	EXP 	text: height = 0.05
112.4397 	EXP 	text: height = 0.05
112.4397 	EXP 	text: height = 0.05
112.4397 	EXP 	text: text = 'GBP 49 today or  GBP 60 after 89 days'
112.4397 	EXP 	fixation: autoDraw = True
113.4238 	INFO 	Keyboard events cleared
113.4231 	EXP 	text: autoDraw = True
113.4398 	EXP 	fixation: autoDraw = False
115.0244 	EXP 	New trial (rep=9, index=4): <Trial 67 (4 in rep 9) data={'reward_today': 40, 'future_reward': 55, 'delay': 62, 'thisN': 67, 'thisTrialN': 4, 'thisRepN': 9}>
115.0300 	DATA 	Keypress: t
115.0400 	EXP 	fixation: autoDraw = False
115.0400 	EXP 	text: autoDraw = False
115.0400 	EXP 	text: height = 0.05
115.0400 	EXP 	text: height = 0.05
115.0400 	EXP 	text: height = 0.05
115.0400 	EXP 	text: text = 'GBP 40 today or  GBP 55 after 62 days'
115.0400 	EXP 	fixation: autoDraw = True
116.0407 	INFO 	Keyboard events cleared
116.0399 	EXP 	fixation: autoDraw = False
116.0399 	EXP 	text: autoDraw = True
118.4587 	EXP 	New trial (rep=9, index=5): <Trial 68 (5 in rep 9) data={'reward_today': 15, 'future_reward': 35, 'delay': 13, 'thisN': 68, 'thisTrialN': 5, 'thisRepN': 9}>
118.4681 	DATA 	Keypress: l
118.4784 	EXP 	fixation: autoDraw = False
118.4784 	EXP 	text: autoDraw = False
118.4784 	EXP 	text: height = 0.05
118.4784 	EXP 	text: height = 0.05
118.4784 	EXP 	text: height = 0.05
118.4784 	EXP 	text: text = 'GBP 15 today or  GBP 35 after 13 days'
118.4784 	EXP 	fixation: autoDraw = True
119.0845 	DATA 	Keypress: t
119.4661 	INFO 	Keyboard events cleared
119.4654 	EXP 	text: autoDraw = True
119.4820 	EXP 	fixation: autoDraw = False
122.4674 	EXP 	New trial (rep=9, index=6): <Trial 69 (6 in rep 9) data={'reward_today': 11, 'future_reward': 30, 'delay': 7, 'thisN': 69, 'thisTrialN': 6, 'thisRepN': 9}>
122.4783 	DATA 	Keypress: t
122.4901 	EXP 	fixation: autoDraw = False
122.4901 	EXP 	text: autoDraw = False
122.4901 	EXP 	text: height = 0.05
122.4901 	EXP 	text: height = 0.05
122.4901 	EXP 	text: height = 0.05
122.4901 	EXP 	text: text = 'GBP 11 today or  GBP 30 after 7 days'
122.4901 	EXP 	fixation: autoDraw = True
123.4743 	INFO 	Keyboard events cleared
123.4736 	EXP 	text: autoDraw = True
123.4902 	EXP 	fixation: autoDraw = False
123.9423 	EXP 	New trial (rep=10, index=0): <Trial 70 (0 in rep 10) data={'reward_today': 40, 'future_reward': 55, 'delay': 62, 'thisN': 70, 'thisTrialN': 0, 'thisRepN': 10}>
123.9512 	DATA 	Keypress: t
123.9613 	EXP 	fixation: autoDraw = False
123.9613 	EXP 	text: autoDraw = False
123.9613 	EXP 	text: height = 0.05
123.9613 	EXP 	text: height = 0.05
123.9613 	EXP 	text: height = 0.05
123.9613 	EXP 	text: text = 'GBP 40 today or  GBP 55 after 62 days'
123.9613 	EXP 	fixation: autoDraw = True
124.9496 	INFO 	Keyboard events cleared
124.9490 	EXP 	text: autoDraw = True
124.9655 	EXP 	fixation: autoDraw = False
127.9343 	EXP 	New trial (rep=10, index=1): <Trial 71 (1 in rep 10) data={'reward_today': 67, 'future_reward': 75, 'delay': 119, 'thisN': 71, 'thisTrialN': 1, 'thisRepN': 10}>
127.9447 	DATA 	Keypress: t
127.9570 	EXP 	fixation: autoDraw = False
127.9570 	EXP 	text: autoDraw = False
127.9570 	EXP 	text: height = 0.05
127.9570 	EXP 	text: height = 0.05
127.9570 	EXP 	text: height = 0.05
127.9570 	EXP 	text: text = 'GBP 67 today or  GBP 75 after 119 days'
127.9570 	EXP 	fixation: autoDraw = True
128.9413 	INFO 	Keyboard events cleared
128.9406 	EXP 	text: autoDraw = True
128.9571 	EXP 	fixation: autoDraw = False
130.9428 	EXP 	New trial (rep=10, index=2): <Trial 72 (2 in rep 10) data={'reward_today': 78, 'future_reward': 80, 'delay': 162, 'thisN': 72, 'thisTrialN': 2, 'thisRepN': 10}>
130.9519 	DATA 	Keypress: l
130.9624 	EXP 	fixation: autoDraw = False
130.9624 	EXP 	text: autoDraw = False
130.9624 	EXP 	text: height = 0.05
130.9624 	EXP 	text: height = 0.05
130.9624 	EXP 	text: height = 0.05
130.9624 	EXP 	text: text = 'GBP 78 today or  GBP 80 after 162 days'
130.9624 	EXP 	fixation: autoDraw = True
131.9500 	INFO 	Keyboard events cleared
131.9493 	EXP 	text: autoDraw = True
131.9659 	EXP 	fixation: autoDraw = False
132.5183 	EXP 	New trial (rep=10, index=3): <Trial 73 (3 in rep 10) data={'reward_today': 49, 'future_reward': 60, 'delay': 89, 'thisN': 73, 'thisTrialN': 3, 'thisRepN': 10}>
132.5287 	DATA 	Keypress: t
132.5406 	EXP 	fixation: autoDraw = False
132.5406 	EXP 	text: autoDraw = False
132.5406 	EXP 	text: height = 0.05
132.5406 	EXP 	text: height = 0.05
132.5406 	EXP 	text: height = 0.05
132.5406 	EXP 	text: text = 'GBP 49 today or  GBP 60 after 89 days'
132.5406 	EXP 	fixation: autoDraw = True
133.5248 	INFO 	Keyboard events cleared
133.5241 	EXP 	text: autoDraw = True
133.5407 	EXP 	fixation: autoDraw = False
134.3085 	EXP 	New trial (rep=10, index=4): <Trial 74 (4 in rep 10) data={'reward_today': 15, 'future_reward': 35, 'delay': 13, 'thisN': 74, 'thisTrialN': 4, 'thisRepN': 10}>
134.3140 	DATA 	Keypress: t
134.3240 	EXP 	fixation: autoDraw = False
134.3240 	EXP 	text: autoDraw = False
134.3240 	EXP 	text: height = 0.05
134.3240 	EXP 	text: height = 0.05
134.3240 	EXP 	text: height = 0.05
134.3240 	EXP 	text: text = 'GBP 15 today or  GBP 35 after 13 days'
134.3240 	EXP 	fixation: autoDraw = True
135.3079 	INFO 	Keyboard events cleared
135.3073 	EXP 	text: autoDraw = True
135.3241 	EXP 	fixation: autoDraw = False
135.7088 	EXP 	New trial (rep=10, index=5): <Trial 75 (5 in rep 10) data={'reward_today': 11, 'future_reward': 30, 'delay': 7, 'thisN': 75, 'thisTrialN': 5, 'thisRepN': 10}>
135.7154 	DATA 	Keypress: l
135.7255 	EXP 	fixation: autoDraw = False
135.7255 	EXP 	text: autoDraw = False
135.7255 	EXP 	text: height = 0.05
135.7255 	EXP 	text: height = 0.05
135.7255 	EXP 	text: height = 0.05
135.7255 	EXP 	text: text = 'GBP 11 today or  GBP 30 after 7 days'
135.7255 	EXP 	fixation: autoDraw = True
136.7244 	INFO 	Keyboard events cleared
136.7239 	EXP 	text: autoDraw = True
136.7406 	EXP 	fixation: autoDraw = False
137.1932 	EXP 	New trial (rep=10, index=6): <Trial 76 (6 in rep 10) data={'reward_today': 27, 'future_reward': 50, 'delay': 21, 'thisN': 76, 'thisTrialN': 6, 'thisRepN': 10}>
137.2025 	DATA 	Keypress: t
137.2128 	EXP 	fixation: autoDraw = False
137.2128 	EXP 	text: autoDraw = False
137.2128 	EXP 	text: height = 0.05
137.2128 	EXP 	text: height = 0.05
137.2128 	EXP 	text: height = 0.05
137.2128 	EXP 	text: text = 'GBP 27 today or  GBP 50 after 21 days'
137.2128 	EXP 	fixation: autoDraw = True
138.2001 	INFO 	Keyboard events cleared
138.1995 	EXP 	text: autoDraw = True
138.2161 	EXP 	fixation: autoDraw = False
139.1016 	EXP 	New trial (rep=11, index=0): <Trial 77 (0 in rep 11) data={'reward_today': 40, 'future_reward': 55, 'delay': 62, 'thisN': 77, 'thisTrialN': 0, 'thisRepN': 11}>
139.1120 	DATA 	Keypress: l
139.1242 	EXP 	fixation: autoDraw = False
139.1242 	EXP 	text: autoDraw = False
139.1242 	EXP 	text: height = 0.05
139.1242 	EXP 	text: height = 0.05
139.1242 	EXP 	text: height = 0.05
139.1242 	EXP 	text: text = 'GBP 40 today or  GBP 55 after 62 days'
139.1242 	EXP 	fixation: autoDraw = True
140.1084 	INFO 	Keyboard events cleared
140.1077 	EXP 	text: autoDraw = True
140.1243 	EXP 	fixation: autoDraw = False
141.7101 	EXP 	New trial (rep=11, index=1): <Trial 78 (1 in rep 11) data={'reward_today': 49, 'future_reward': 60, 'delay': 89, 'thisN': 78, 'thisTrialN': 1, 'thisRepN': 11}>
141.7191 	DATA 	Keypress: t
141.7296 	EXP 	fixation: autoDraw = False
141.7296 	EXP 	text: autoDraw = False
141.7296 	EXP 	text: height = 0.05
141.7296 	EXP 	text: height = 0.05
141.7296 	EXP 	text: height = 0.05
141.7296 	EXP 	text: text = 'GBP 49 today or  GBP 60 after 89 days'
141.7296 	EXP 	fixation: autoDraw = True
142.7171 	INFO 	Keyboard events cleared
142.7164 	EXP 	text: autoDraw = True
142.7330 	EXP 	fixation: autoDraw = False
143.6038 	DATA 	Keypress: t
143.6182 	EXP 	New trial (rep=11, index=2): <Trial 79 (2 in rep 11) data={'reward_today': 11, 'future_reward': 30, 'delay': 7, 'thisN': 79, 'thisTrialN': 2, 'thisRepN': 11}>
143.6411 	EXP 	fixation: autoDraw = False
143.6411 	EXP 	text: autoDraw = False
143.6411 	EXP 	text: height = 0.05
143.6411 	EXP 	text: height = 0.05
143.6411 	EXP 	text: height = 0.05
143.6411 	EXP 	text: text = 'GBP 11 today or  GBP 30 after 7 days'
143.6411 	EXP 	fixation: autoDraw = True
144.6252 	INFO 	Keyboard events cleared
144.6245 	EXP 	text: autoDraw = True
144.6411 	EXP 	fixation: autoDraw = False
145.6287 	DATA 	Keypress: l
145.6431 	EXP 	New trial (rep=11, index=3): <Trial 80 (3 in rep 11) data={'reward_today': 67, 'future_reward': 75, 'delay': 119, 'thisN': 80, 'thisTrialN': 3, 'thisRepN': 11}>
145.6618 	EXP 	fixation: autoDraw = False
145.6618 	EXP 	text: autoDraw = False
145.6618 	EXP 	text: height = 0.05
145.6618 	EXP 	text: height = 0.05
145.6618 	EXP 	text: height = 0.05
145.6618 	EXP 	text: text = 'GBP 67 today or  GBP 75 after 119 days'
145.6618 	EXP 	fixation: autoDraw = True
146.6586 	INFO 	Keyboard events cleared
146.6579 	EXP 	text: autoDraw = True
146.6746 	EXP 	fixation: autoDraw = False
147.6435 	EXP 	New trial (rep=11, index=4): <Trial 81 (4 in rep 11) data={'reward_today': 78, 'future_reward': 80, 'delay': 162, 'thisN': 81, 'thisTrialN': 4, 'thisRepN': 11}>
147.6523 	DATA 	Keypress: t
147.6625 	EXP 	fixation: autoDraw = False
147.6625 	EXP 	text: autoDraw = False
147.6625 	EXP 	text: height = 0.05
147.6625 	EXP 	text: height = 0.05
147.6625 	EXP 	text: height = 0.05
147.6625 	EXP 	text: text = 'GBP 78 today or  GBP 80 after 162 days'
147.6625 	EXP 	fixation: autoDraw = True
148.6507 	INFO 	Keyboard events cleared
148.6500 	EXP 	text: autoDraw = True
148.6667 	EXP 	fixation: autoDraw = False
149.6520 	EXP 	New trial (rep=11, index=5): <Trial 82 (5 in rep 11) data={'reward_today': 15, 'future_reward': 35, 'delay': 13, 'thisN': 82, 'thisTrialN': 5, 'thisRepN': 11}>
149.6617 	DATA 	Keypress: l
149.6747 	EXP 	fixation: autoDraw = False
149.6747 	EXP 	text: autoDraw = False
149.6747 	EXP 	text: height = 0.05
149.6747 	EXP 	text: height = 0.05
149.6747 	EXP 	text: height = 0.05
149.6747 	EXP 	text: text = 'GBP 15 today or  GBP 35 after 13 days'
149.6747 	EXP 	fixation: autoDraw = True
150.6587 	INFO 	Keyboard events cleared
150.6580 	EXP 	text: autoDraw = True
150.6750 	EXP 	fixation: autoDraw = False
151.2784 	EXP 	New trial (rep=11, index=6): <Trial 83 (6 in rep 11) data={'reward_today': 27, 'future_reward': 50, 'delay': 21, 'thisN': 83, 'thisTrialN': 6, 'thisRepN': 11}>
151.2875 	DATA 	Keypress: t
151.2977 	EXP 	fixation: autoDraw = False
151.2977 	EXP 	text: autoDraw = False
151.2977 	EXP 	text: height = 0.05
151.2977 	EXP 	text: height = 0.05
151.2977 	EXP 	text: height = 0.05
151.2977 	EXP 	text: text = 'GBP 27 today or  GBP 50 after 21 days'
151.2977 	EXP 	fixation: autoDraw = True
152.2843 	INFO 	Keyboard events cleared
152.2835 	EXP 	text: autoDraw = True
152.3001 	EXP 	fixation: autoDraw = False
152.8023 	EXP 	New trial (rep=12, index=0): <Trial 84 (0 in rep 12) data={'reward_today': 40, 'future_reward': 55, 'delay': 62, 'thisN': 84, 'thisTrialN': 0, 'thisRepN': 12}>
152.8122 	DATA 	Keypress: t
152.8249 	EXP 	fixation: autoDraw = False
152.8249 	EXP 	text: autoDraw = False
152.8249 	EXP 	text: height = 0.05
152.8249 	EXP 	text: height = 0.05
152.8249 	EXP 	text: height = 0.05
152.8249 	EXP 	text: text = 'GBP 40 today or  GBP 55 after 62 days'
152.8249 	EXP 	fixation: autoDraw = True
153.8091 	INFO 	Keyboard events cleared
153.8084 	EXP 	text: autoDraw = True
153.8250 	EXP 	fixation: autoDraw = False
156.7940 	EXP 	New trial (rep=12, index=1): <Trial 85 (1 in rep 12) data={'reward_today': 49, 'future_reward': 60, 'delay': 89, 'thisN': 85, 'thisTrialN': 1, 'thisRepN': 12}>
156.8031 	DATA 	Keypress: l
156.8134 	EXP 	fixation: autoDraw = False
156.8134 	EXP 	text: autoDraw = False
156.8134 	EXP 	text: height = 0.05
156.8134 	EXP 	text: height = 0.05
156.8134 	EXP 	text: height = 0.05
156.8134 	EXP 	text: text = 'GBP 49 today or  GBP 60 after 89 days'
156.8134 	EXP 	fixation: autoDraw = True
157.8011 	INFO 	Keyboard events cleared
157.8005 	EXP 	text: autoDraw = True
157.8171 	EXP 	fixation: autoDraw = False
159.2525 	EXP 	New trial (rep=12, index=2): <Trial 86 (2 in rep 12) data={'reward_today': 15, 'future_reward': 35, 'delay': 13, 'thisN': 86, 'thisTrialN': 2, 'thisRepN': 12}>
159.2624 	DATA 	Keypress: l
159.2751 	EXP 	fixation: autoDraw = False
159.2751 	EXP 	text: autoDraw = False
159.2751 	EXP 	text: height = 0.05
159.2751 	EXP 	text: height = 0.05
159.2751 	EXP 	text: height = 0.05
159.2751 	EXP 	text: text = 'GBP 15 today or  GBP 35 after 13 days'
159.2751 	EXP 	fixation: autoDraw = True
160.2594 	INFO 	Keyboard events cleared
160.2586 	EXP 	text: autoDraw = True
160.2752 	EXP 	fixation: autoDraw = False
164.2107 	EXP 	New trial (rep=12, index=3): <Trial 87 (3 in rep 12) data={'reward_today': 67, 'future_reward': 75, 'delay': 119, 'thisN': 87, 'thisTrialN': 3, 'thisRepN': 12}>
164.2195 	DATA 	Keypress: t
164.2302 	EXP 	fixation: autoDraw = False
164.2302 	EXP 	text: autoDraw = False
164.2302 	EXP 	text: height = 0.05
164.2302 	EXP 	text: height = 0.05
164.2302 	EXP 	text: height = 0.05
164.2302 	EXP 	text: text = 'GBP 67 today or  GBP 75 after 119 days'
164.2302 	EXP 	fixation: autoDraw = True
165.2182 	INFO 	Keyboard events cleared
165.2175 	EXP 	text: autoDraw = True
165.2341 	EXP 	fixation: autoDraw = False
165.5363 	EXP 	New trial (rep=12, index=4): <Trial 88 (4 in rep 12) data={'reward_today': 27, 'future_reward': 50, 'delay': 21, 'thisN': 88, 'thisTrialN': 4, 'thisRepN': 12}>
165.5489 	DATA 	Keypress: t
165.5593 	EXP 	fixation: autoDraw = False
165.5593 	EXP 	text: autoDraw = False
165.5593 	EXP 	text: height = 0.05
165.5593 	EXP 	text: height = 0.05
165.5593 	EXP 	text: height = 0.05
165.5593 	EXP 	text: text = 'GBP 27 today or  GBP 50 after 21 days'
165.5593 	EXP 	fixation: autoDraw = True
166.5430 	INFO 	Keyboard events cleared
166.5423 	EXP 	text: autoDraw = True
166.5588 	EXP 	fixation: autoDraw = False
167.0108 	EXP 	New trial (rep=12, index=5): <Trial 89 (5 in rep 12) data={'reward_today': 78, 'future_reward': 80, 'delay': 162, 'thisN': 89, 'thisTrialN': 5, 'thisRepN': 12}>
167.0203 	DATA 	Keypress: l
167.0308 	EXP 	fixation: autoDraw = False
167.0308 	EXP 	text: autoDraw = False
167.0308 	EXP 	text: height = 0.05
167.0308 	EXP 	text: height = 0.05
167.0308 	EXP 	text: height = 0.05
167.0308 	EXP 	text: text = 'GBP 78 today or  GBP 80 after 162 days'
167.0308 	EXP 	fixation: autoDraw = True
168.0183 	INFO 	Keyboard events cleared
168.0176 	EXP 	text: autoDraw = True
168.0343 	EXP 	fixation: autoDraw = False
168.5696 	EXP 	New trial (rep=12, index=6): <Trial 90 (6 in rep 12) data={'reward_today': 11, 'future_reward': 30, 'delay': 7, 'thisN': 90, 'thisTrialN': 6, 'thisRepN': 12}>
168.5795 	DATA 	Keypress: l
168.5931 	EXP 	fixation: autoDraw = False
168.5931 	EXP 	text: autoDraw = False
168.5931 	EXP 	text: height = 0.05
168.5931 	EXP 	text: height = 0.05
168.5931 	EXP 	text: height = 0.05
168.5931 	EXP 	text: text = 'GBP 11 today or  GBP 30 after 7 days'
168.5931 	EXP 	fixation: autoDraw = True
169.5765 	INFO 	Keyboard events cleared
169.5757 	EXP 	text: autoDraw = True
169.5924 	EXP 	fixation: autoDraw = False
169.9777 	EXP 	New trial (rep=13, index=0): <Trial 91 (0 in rep 13) data={'reward_today': 78, 'future_reward': 80, 'delay': 162, 'thisN': 91, 'thisTrialN': 0, 'thisRepN': 13}>
169.9867 	DATA 	Keypress: t
169.9969 	EXP 	fixation: autoDraw = False
169.9969 	EXP 	text: autoDraw = False
169.9969 	EXP 	text: height = 0.05
169.9969 	EXP 	text: height = 0.05
169.9969 	EXP 	text: height = 0.05
169.9969 	EXP 	text: text = 'GBP 78 today or  GBP 80 after 162 days'
169.9969 	EXP 	fixation: autoDraw = True
170.9851 	INFO 	Keyboard events cleared
170.9844 	EXP 	text: autoDraw = True
171.0010 	EXP 	fixation: autoDraw = False
171.3365 	EXP 	New trial (rep=13, index=1): <Trial 92 (1 in rep 13) data={'reward_today': 15, 'future_reward': 35, 'delay': 13, 'thisN': 92, 'thisTrialN': 1, 'thisRepN': 13}>
171.3462 	DATA 	Keypress: l
171.3591 	EXP 	fixation: autoDraw = False
171.3591 	EXP 	text: autoDraw = False
171.3591 	EXP 	text: height = 0.05
171.3591 	EXP 	text: height = 0.05
171.3591 	EXP 	text: height = 0.05
171.3591 	EXP 	text: text = 'GBP 15 today or  GBP 35 after 13 days'
171.3591 	EXP 	fixation: autoDraw = True
172.3429 	INFO 	Keyboard events cleared
172.3422 	EXP 	text: autoDraw = True
172.3589 	EXP 	fixation: autoDraw = False
172.4777 	EXP 	New trial (rep=13, index=2): <Trial 93 (2 in rep 13) data={'reward_today': 11, 'future_reward': 30, 'delay': 7, 'thisN': 93, 'thisTrialN': 2, 'thisRepN': 13}>
172.4855 	DATA 	Keypress: t
172.4955 	EXP 	fixation: autoDraw = False
172.4955 	EXP 	text: autoDraw = False
172.4955 	EXP 	text: height = 0.05
172.4955 	EXP 	text: height = 0.05
172.4955 	EXP 	text: height = 0.05
172.4955 	EXP 	text: text = 'GBP 11 today or  GBP 30 after 7 days'
172.4955 	EXP 	fixation: autoDraw = True
173.4107 	DATA 	Keypress: t
173.4934 	INFO 	Keyboard events cleared
173.4924 	EXP 	text: autoDraw = True
173.5090 	EXP 	fixation: autoDraw = False
175.5446 	EXP 	New trial (rep=13, index=3): <Trial 94 (3 in rep 13) data={'reward_today': 49, 'future_reward': 60, 'delay': 89, 'thisN': 94, 'thisTrialN': 3, 'thisRepN': 13}>
175.5539 	DATA 	Keypress: t
175.5642 	EXP 	fixation: autoDraw = False
175.5642 	EXP 	text: autoDraw = False
175.5642 	EXP 	text: height = 0.05
175.5642 	EXP 	text: height = 0.05
175.5642 	EXP 	text: height = 0.05
175.5642 	EXP 	text: text = 'GBP 49 today or  GBP 60 after 89 days'
175.5642 	EXP 	fixation: autoDraw = True
176.5518 	INFO 	Keyboard events cleared
176.5513 	EXP 	text: autoDraw = True
176.5678 	EXP 	fixation: autoDraw = False
177.1698 	EXP 	New trial (rep=13, index=4): <Trial 95 (4 in rep 13) data={'reward_today': 27, 'future_reward': 50, 'delay': 21, 'thisN': 95, 'thisTrialN': 4, 'thisRepN': 13}>
177.1802 	DATA 	Keypress: l
177.1927 	EXP 	fixation: autoDraw = False
177.1927 	EXP 	text: autoDraw = False
177.1927 	EXP 	text: height = 0.05
177.1927 	EXP 	text: height = 0.05
177.1927 	EXP 	text: height = 0.05
177.1927 	EXP 	text: text = 'GBP 27 today or  GBP 50 after 21 days'
177.1927 	EXP 	fixation: autoDraw = True
178.1767 	INFO 	Keyboard events cleared
178.1760 	EXP 	text: autoDraw = True
178.1927 	EXP 	fixation: autoDraw = False
178.6615 	EXP 	New trial (rep=13, index=5): <Trial 96 (5 in rep 13) data={'reward_today': 67, 'future_reward': 75, 'delay': 119, 'thisN': 96, 'thisTrialN': 5, 'thisRepN': 13}>
178.6705 	DATA 	Keypress: l
178.6811 	EXP 	fixation: autoDraw = False
178.6811 	EXP 	text: autoDraw = False
178.6811 	EXP 	text: height = 0.05
178.6811 	EXP 	text: height = 0.05
178.6811 	EXP 	text: height = 0.05
178.6811 	EXP 	text: text = 'GBP 67 today or  GBP 75 after 119 days'
178.6811 	EXP 	fixation: autoDraw = True
179.6689 	INFO 	Keyboard events cleared
179.6681 	EXP 	text: autoDraw = True
179.6847 	EXP 	fixation: autoDraw = False
180.1880 	DATA 	Keypress: t
180.2033 	EXP 	New trial (rep=13, index=6): <Trial 97 (6 in rep 13) data={'reward_today': 40, 'future_reward': 55, 'delay': 62, 'thisN': 97, 'thisTrialN': 6, 'thisRepN': 13}>
180.2261 	EXP 	fixation: autoDraw = False
180.2261 	EXP 	text: autoDraw = False
180.2261 	EXP 	text: height = 0.05
180.2261 	EXP 	text: height = 0.05
180.2261 	EXP 	text: height = 0.05
180.2261 	EXP 	text: text = 'GBP 40 today or  GBP 55 after 62 days'
180.2261 	EXP 	fixation: autoDraw = True
181.2103 	INFO 	Keyboard events cleared
181.2095 	EXP 	text: autoDraw = True
181.2262 	EXP 	fixation: autoDraw = False
181.6452 	EXP 	New trial (rep=14, index=0): <Trial 98 (0 in rep 14) data={'reward_today': 15, 'future_reward': 35, 'delay': 13, 'thisN': 98, 'thisTrialN': 0, 'thisRepN': 14}>
181.6547 	DATA 	Keypress: t
181.6651 	EXP 	fixation: autoDraw = False
181.6651 	EXP 	text: autoDraw = False
181.6651 	EXP 	text: height = 0.05
181.6651 	EXP 	text: height = 0.05
181.6651 	EXP 	text: height = 0.05
181.6651 	EXP 	text: text = 'GBP 15 today or  GBP 35 after 13 days'
181.6651 	EXP 	fixation: autoDraw = True
182.6522 	INFO 	Keyboard events cleared
182.6515 	EXP 	text: autoDraw = True
182.6682 	EXP 	fixation: autoDraw = False
182.7202 	EXP 	New trial (rep=14, index=1): <Trial 99 (1 in rep 14) data={'reward_today': 67, 'future_reward': 75, 'delay': 119, 'thisN': 99, 'thisTrialN': 1, 'thisRepN': 14}>
182.7299 	DATA 	Keypress: t
182.7429 	EXP 	fixation: autoDraw = False
182.7429 	EXP 	text: autoDraw = False
182.7429 	EXP 	text: height = 0.05
182.7429 	EXP 	text: height = 0.05
182.7429 	EXP 	text: height = 0.05
182.7429 	EXP 	text: text = 'GBP 67 today or  GBP 75 after 119 days'
182.7429 	EXP 	fixation: autoDraw = True
183.7271 	INFO 	Keyboard events cleared
183.7262 	EXP 	text: autoDraw = True
183.7430 	EXP 	fixation: autoDraw = False
184.2618 	EXP 	New trial (rep=14, index=2): <Trial 100 (2 in rep 14) data={'reward_today': 78, 'future_reward': 80, 'delay': 162, 'thisN': 100, 'thisTrialN': 2, 'thisRepN': 14}>
184.2713 	DATA 	Keypress: t
184.2816 	EXP 	fixation: autoDraw = False
184.2816 	EXP 	text: autoDraw = False
184.2816 	EXP 	text: height = 0.05
184.2816 	EXP 	text: height = 0.05
184.2816 	EXP 	text: height = 0.05
184.2816 	EXP 	text: text = 'GBP 78 today or  GBP 80 after 162 days'
184.2816 	EXP 	fixation: autoDraw = True
185.2690 	INFO 	Keyboard events cleared
185.2684 	EXP 	text: autoDraw = True
185.2850 	EXP 	fixation: autoDraw = False
185.9204 	EXP 	New trial (rep=14, index=3): <Trial 101 (3 in rep 14) data={'reward_today': 49, 'future_reward': 60, 'delay': 89, 'thisN': 101, 'thisTrialN': 3, 'thisRepN': 14}>
185.9299 	DATA 	Keypress: l
185.9431 	EXP 	fixation: autoDraw = False
185.9431 	EXP 	text: autoDraw = False
185.9431 	EXP 	text: height = 0.05
185.9431 	EXP 	text: height = 0.05
185.9431 	EXP 	text: height = 0.05
185.9431 	EXP 	text: text = 'GBP 49 today or  GBP 60 after 89 days'
185.9431 	EXP 	fixation: autoDraw = True
186.9272 	INFO 	Keyboard events cleared
186.9264 	EXP 	text: autoDraw = True
186.9431 	EXP 	fixation: autoDraw = False
188.2451 	EXP 	New trial (rep=14, index=4): <Trial 102 (4 in rep 14) data={'reward_today': 40, 'future_reward': 55, 'delay': 62, 'thisN': 102, 'thisTrialN': 4, 'thisRepN': 14}>
188.2548 	DATA 	Keypress: t
188.2651 	EXP 	fixation: autoDraw = False
188.2651 	EXP 	text: autoDraw = False
188.2651 	EXP 	text: height = 0.05
188.2651 	EXP 	text: height = 0.05
188.2651 	EXP 	text: height = 0.05
188.2651 	EXP 	text: text = 'GBP 40 today or  GBP 55 after 62 days'
188.2651 	EXP 	fixation: autoDraw = True
189.2526 	INFO 	Keyboard events cleared
189.2519 	EXP 	text: autoDraw = True
189.2684 	EXP 	fixation: autoDraw = False
190.3540 	EXP 	New trial (rep=14, index=5): <Trial 103 (5 in rep 14) data={'reward_today': 27, 'future_reward': 50, 'delay': 21, 'thisN': 103, 'thisTrialN': 5, 'thisRepN': 14}>
190.3634 	DATA 	Keypress: t
190.3769 	EXP 	fixation: autoDraw = False
190.3769 	EXP 	text: autoDraw = False
190.3769 	EXP 	text: height = 0.05
190.3769 	EXP 	text: height = 0.05
190.3769 	EXP 	text: height = 0.05
190.3769 	EXP 	text: text = 'GBP 27 today or  GBP 50 after 21 days'
190.3769 	EXP 	fixation: autoDraw = True
191.3607 	INFO 	Keyboard events cleared
191.3599 	EXP 	text: autoDraw = True
191.3766 	EXP 	fixation: autoDraw = False
192.0456 	EXP 	New trial (rep=14, index=6): <Trial 104 (6 in rep 14) data={'reward_today': 11, 'future_reward': 30, 'delay': 7, 'thisN': 104, 'thisTrialN': 6, 'thisRepN': 14}>
192.0554 	DATA 	Keypress: l
192.0658 	EXP 	fixation: autoDraw = False
192.0658 	EXP 	text: autoDraw = False
192.0658 	EXP 	text: height = 0.05
192.0658 	EXP 	text: height = 0.05
192.0658 	EXP 	text: height = 0.05
192.0658 	EXP 	text: text = 'GBP 11 today or  GBP 30 after 7 days'
192.0658 	EXP 	fixation: autoDraw = True
193.0527 	INFO 	Keyboard events cleared
193.0520 	EXP 	text: autoDraw = True
193.0686 	EXP 	fixation: autoDraw = False
193.6720 	DATA 	Keypress: l
193.6851 	EXP 	fixation: autoDraw = False
193.6851 	EXP 	text: autoDraw = False
193.6853 	EXP 	delay_discounting: status = STOPPED
193.7241 	INFO 	saved data to 'C:\\Users\\91931\\Desktop\\data/467938_delay_discounting_2024-11-18_11h57.56.947.csv'
193.7262 	INFO 	saved data to C:\Users\91931\Desktop\data/467938_delay_discounting_2024-11-18_11h57.56.947.psydat
193.8450 	EXP 	window1: mouseVisible = True
