10.9477 	INFO 	Loaded monitor calibration from ['2024_08_09 00:19']
10.9972 	WARNING 	User requested fullscreen with size [1024  768], but screen is actually [1920, 1080]. Using actual size
11.6912 	EXP 	Created window1 = Window(allowGUI=True, allowStencil=False, autoLog=True, backendConf=UNKNOWN, backgroundFit=<method-wrapper '__getattribute__' of attributeSetter object at 0x000001F4427F0730>, backgroundImage=<method-wrapper '__getattribute__' of attributeSetter object at 0x000001F4427F06D0>, bitsMode=UNKNOWN, blendMode='avg', bpc=(8, 8, 8), color=array([0, 0, 0]), colorSpace='rgb', depthBits=8, fullscr=<method-wrapper '__getattribute__' of attributeSetter object at 0x000001F4427F00A0>, gamma=None, gammaErrorPolicy='raise', infoMsg=UNKNOWN, lms=UNKNOWN, monitor=<psychopy.monitors.calibTools.Monitor object at 0x000001F4435A46A0>, multiSample=False, name='window1', numSamples=2, pos=[0.0, 0.0], screen=0, size=array([1920, 1080]), stencilBits=0, stereo=False, title='PsychoPy', units='height', useFBO=True, useRetina=False, viewOri=0.0, viewPos=None, viewScale=None, waitBlanking=True, winType='pyglet')
11.6914 	EXP 	window1: backgroundImage = ''
11.6914 	EXP 	window1: backgroundFit = 'none'
11.6918 	EXP 	window1: mouseVisible = <method-wrapper '__getattribute__' of attributeSetter object at 0x000001F4427F0850>
11.6921 	EXP 	window1: mouseVisible = <method-wrapper '__getattribute__' of attributeSetter object at 0x000001F4427F0850>
11.7072 	EXP 	window1: mouseVisible = <method-wrapper '__getattribute__' of attributeSetter object at 0x000001F4427F0850>
11.7092 	EXP 	window1: mouseVisible = <method-wrapper '__getattribute__' of attributeSetter object at 0x000001F4427F0850>
11.7882 	EXP 	window1: mouseVisible = <method-wrapper '__getattribute__' of attributeSetter object at 0x000001F4427F0850>
11.7884 	EXP 	window1: mouseVisible = <method-wrapper '__getattribute__' of attributeSetter object at 0x000001F4427F0850>
11.7894 	EXP 	window1: mouseVisible = <method-wrapper '__getattribute__' of attributeSetter object at 0x000001F4427F0850>
11.7905 	EXP 	window1: mouseVisible = <method-wrapper '__getattribute__' of attributeSetter object at 0x000001F4427F0850>
11.8155 	EXP 	window1: Attempting to measure frame rate of screen (0) ...
11.8155 	EXP 	window1: recordFrameIntervals = False
12.2218 	EXP 	window1: recordFrameIntervals = True
12.4047 	EXP 	Screen (0) actual frame rate measured at 60.89Hz
12.4049 	EXP 	window1: recordFrameIntervals = False
12.4054 	EXP 	window1: mouseVisible = False
17.4125 	INFO 	keyboard.Keyboard is using iohub backend.
17.4126 	INFO 	keyboard.Keyboard is using iohub backend.
17.4127 	EXP 	delay_discounting: status = STARTED
17.4129 	EXP 	window1: mouseVisible = False
17.4282 	EXP 	Created fixation = ShapeStim(__class__=<class 'psychopy.visual.shape.ShapeStim'>, anchor=('center', 'center'), autoDraw=False, autoLog=True, closeShape=True, color=method-wrapper(...), colorSpace='rgb', contrast=None, depth=0.0, draggable=False, fillColor=array([1, 1, 1]), fillColorSpace='rgb', fillRGB=array([1, 1, 1]), interpolate=True, lineColor=array([1., 1., 1.]), lineColorSpace='rgb', lineRGB=array([1, 1, 1]), lineWidth=1.0, name='fixation', opacity=1, ori=0.0, pos=array([0., 0.]), size=array([0.05, 0.05]), units='height', vertices=ndarray(...), win=Window(...), windingRule=None)
17.4284 	EXP 	window1: mouseVisible = False
17.5000 	EXP 	Created text = TextStim(__class__=<class 'psychopy.visual.text.TextStim'>, alignHoriz=method-wrapper(...), alignText='center', alignVert=method-wrapper(...), anchorHoriz='center', anchorVert='center', antialias=True, autoDraw=False, autoLog=True, bold=False, color=array([1., 1., 1.]), colorSpace='rgb', contrast=1.0, depth=-1.0, draggable=False, flipHoriz=False, flipVert=False, font='Arial', fontFiles=[], height=0.05, italic=False, languageStyle='LTR', name='text', opacity=1, ori=0.0, pos=array([0., 0.]), rgb=UNKNOWN, text='', units='height', win=Window(...), wrapWidth=1)
0.0267 	EXP 	Imported discounting.xlsx as conditions, 7 conditions, 3 params
0.0315 	EXP 	New trial (rep=0, index=0): <Trial 0 (0 in rep 0) data={'reward_today': 49, 'future_reward': 60, 'delay': 89, 'thisN': 0, 'thisTrialN': 0, 'thisRepN': 0}>
0.3786 	EXP 	text: height = 0.05
0.3786 	EXP 	text: height = 0.05
0.3786 	EXP 	text: height = 0.05
0.3786 	EXP 	text: text = 'GBP 49 today or  GBP 60 after 89 days'
0.3786 	EXP 	fixation: autoDraw = True
1.0219 	INFO 	Keyboard events cleared
1.0212 	EXP 	text: autoDraw = True
1.3879 	EXP 	fixation: autoDraw = False
4.2517 	EXP 	New trial (rep=0, index=1): <Trial 1 (1 in rep 0) data={'reward_today': 15, 'future_reward': 35, 'delay': 13, 'thisN': 1, 'thisTrialN': 1, 'thisRepN': 0}>
4.2612 	DATA 	Keypress: l
4.2712 	EXP 	fixation: autoDraw = False
4.2712 	EXP 	text: autoDraw = False
4.2712 	EXP 	text: height = 0.05
4.2712 	EXP 	text: height = 0.05
4.2712 	EXP 	text: height = 0.05
4.2712 	EXP 	text: text = 'GBP 15 today or  GBP 35 after 13 days'
4.2712 	EXP 	fixation: autoDraw = True
5.2556 	INFO 	Keyboard events cleared
5.2548 	EXP 	text: autoDraw = True
5.2714 	EXP 	fixation: autoDraw = False
6.7406 	EXP 	New trial (rep=0, index=2): <Trial 2 (2 in rep 0) data={'reward_today': 78, 'future_reward': 80, 'delay': 162, 'thisN': 2, 'thisTrialN': 2, 'thisRepN': 0}>
6.7543 	DATA 	Keypress: t
6.7716 	EXP 	fixation: autoDraw = False
6.7716 	EXP 	text: autoDraw = False
6.7716 	EXP 	text: height = 0.05
6.7716 	EXP 	text: height = 0.05
6.7716 	EXP 	text: height = 0.05
6.7716 	EXP 	text: text = 'GBP 78 today or  GBP 80 after 162 days'
6.7716 	EXP 	fixation: autoDraw = True
7.7556 	INFO 	Keyboard events cleared
7.7549 	EXP 	text: autoDraw = True
7.7716 	EXP 	fixation: autoDraw = False
8.6065 	EXP 	New trial (rep=0, index=3): <Trial 3 (3 in rep 0) data={'reward_today': 27, 'future_reward': 50, 'delay': 21, 'thisN': 3, 'thisTrialN': 3, 'thisRepN': 0}>
8.6116 	DATA 	Keypress: l
8.6217 	EXP 	fixation: autoDraw = False
8.6217 	EXP 	text: autoDraw = False
8.6217 	EXP 	text: height = 0.05
8.6217 	EXP 	text: height = 0.05
8.6217 	EXP 	text: height = 0.05
8.6217 	EXP 	text: text = 'GBP 27 today or  GBP 50 after 21 days'
8.6217 	EXP 	fixation: autoDraw = True
9.6223 	INFO 	Keyboard events cleared
9.6216 	EXP 	fixation: autoDraw = False
9.6216 	EXP 	text: autoDraw = True
10.7736 	EXP 	New trial (rep=0, index=4): <Trial 4 (4 in rep 0) data={'reward_today': 40, 'future_reward': 55, 'delay': 62, 'thisN': 4, 'thisTrialN': 4, 'thisRepN': 0}>
10.7810 	DATA 	Keypress: t
10.7912 	EXP 	fixation: autoDraw = False
10.7912 	EXP 	text: autoDraw = False
10.7912 	EXP 	text: height = 0.05
10.7912 	EXP 	text: height = 0.05
10.7912 	EXP 	text: height = 0.05
10.7912 	EXP 	text: text = 'GBP 40 today or  GBP 55 after 62 days'
10.7912 	EXP 	fixation: autoDraw = True
11.7893 	INFO 	Keyboard events cleared
11.7886 	EXP 	text: autoDraw = True
11.8050 	EXP 	fixation: autoDraw = False
13.0907 	EXP 	New trial (rep=0, index=5): <Trial 5 (5 in rep 0) data={'reward_today': 11, 'future_reward': 30, 'delay': 7, 'thisN': 5, 'thisTrialN': 5, 'thisRepN': 0}>
13.1007 	DATA 	Keypress: l
13.1114 	EXP 	fixation: autoDraw = False
13.1114 	EXP 	text: autoDraw = False
13.1114 	EXP 	text: height = 0.05
13.1114 	EXP 	text: height = 0.05
13.1114 	EXP 	text: height = 0.05
13.1114 	EXP 	text: text = 'GBP 11 today or  GBP 30 after 7 days'
13.1114 	EXP 	fixation: autoDraw = True
14.0976 	INFO 	Keyboard events cleared
14.0971 	EXP 	text: autoDraw = True
14.1136 	EXP 	fixation: autoDraw = False
15.0844 	DATA 	Keypress: t
15.0988 	EXP 	New trial (rep=0, index=6): <Trial 6 (6 in rep 0) data={'reward_today': 67, 'future_reward': 75, 'delay': 119, 'thisN': 6, 'thisTrialN': 6, 'thisRepN': 0}>
15.1216 	EXP 	fixation: autoDraw = False
15.1216 	EXP 	text: autoDraw = False
15.1216 	EXP 	text: height = 0.05
15.1216 	EXP 	text: height = 0.05
15.1216 	EXP 	text: height = 0.05
15.1216 	EXP 	text: text = 'GBP 67 today or  GBP 75 after 119 days'
15.1216 	EXP 	fixation: autoDraw = True
16.1055 	INFO 	Keyboard events cleared
16.1051 	EXP 	text: autoDraw = True
16.1218 	EXP 	fixation: autoDraw = False
18.5409 	EXP 	New trial (rep=1, index=0): <Trial 7 (0 in rep 1) data={'reward_today': 27, 'future_reward': 50, 'delay': 21, 'thisN': 7, 'thisTrialN': 0, 'thisRepN': 1}>
18.5512 	DATA 	Keypress: l
18.5613 	EXP 	fixation: autoDraw = False
18.5613 	EXP 	text: autoDraw = False
18.5613 	EXP 	text: height = 0.05
18.5613 	EXP 	text: height = 0.05
18.5613 	EXP 	text: height = 0.05
18.5613 	EXP 	text: text = 'GBP 27 today or  GBP 50 after 21 days'
18.5613 	EXP 	fixation: autoDraw = True
19.5481 	INFO 	Keyboard events cleared
19.5474 	EXP 	text: autoDraw = True
19.5640 	EXP 	fixation: autoDraw = False
20.2495 	EXP 	New trial (rep=1, index=1): <Trial 8 (1 in rep 1) data={'reward_today': 78, 'future_reward': 80, 'delay': 162, 'thisN': 8, 'thisTrialN': 1, 'thisRepN': 1}>
20.2600 	DATA 	Keypress: t
20.2719 	EXP 	fixation: autoDraw = False
20.2719 	EXP 	text: autoDraw = False
20.2719 	EXP 	text: height = 0.05
20.2719 	EXP 	text: height = 0.05
20.2719 	EXP 	text: height = 0.05
20.2719 	EXP 	text: text = 'GBP 78 today or  GBP 80 after 162 days'
20.2719 	EXP 	fixation: autoDraw = True
21.2562 	INFO 	Keyboard events cleared
21.2555 	EXP 	text: autoDraw = True
21.2722 	EXP 	fixation: autoDraw = False
21.7741 	EXP 	New trial (rep=1, index=2): <Trial 9 (2 in rep 1) data={'reward_today': 11, 'future_reward': 30, 'delay': 7, 'thisN': 9, 'thisTrialN': 2, 'thisRepN': 1}>
21.7834 	DATA 	Keypress: l
21.7938 	EXP 	fixation: autoDraw = False
21.7938 	EXP 	text: autoDraw = False
21.7938 	EXP 	text: height = 0.05
21.7938 	EXP 	text: height = 0.05
21.7938 	EXP 	text: height = 0.05
21.7938 	EXP 	text: text = 'GBP 11 today or  GBP 30 after 7 days'
21.7938 	EXP 	fixation: autoDraw = True
22.7815 	INFO 	Keyboard events cleared
22.7808 	EXP 	text: autoDraw = True
22.7975 	EXP 	fixation: autoDraw = False
23.1995 	EXP 	New trial (rep=1, index=3): <Trial 10 (3 in rep 1) data={'reward_today': 40, 'future_reward': 55, 'delay': 62, 'thisN': 10, 'thisTrialN': 3, 'thisRepN': 1}>
23.2098 	DATA 	Keypress: t
23.2223 	EXP 	fixation: autoDraw = False
23.2223 	EXP 	text: autoDraw = False
23.2223 	EXP 	text: height = 0.05
23.2223 	EXP 	text: height = 0.05
23.2223 	EXP 	text: height = 0.05
23.2223 	EXP 	text: text = 'GBP 40 today or  GBP 55 after 62 days'
23.2223 	EXP 	fixation: autoDraw = True
24.2065 	INFO 	Keyboard events cleared
24.2056 	EXP 	text: autoDraw = True
24.2223 	EXP 	fixation: autoDraw = False
24.7255 	DATA 	Keypress: l
24.7408 	EXP 	New trial (rep=1, index=4): <Trial 11 (4 in rep 1) data={'reward_today': 49, 'future_reward': 60, 'delay': 89, 'thisN': 11, 'thisTrialN': 4, 'thisRepN': 1}>
24.7594 	EXP 	fixation: autoDraw = False
24.7594 	EXP 	text: autoDraw = False
24.7594 	EXP 	text: height = 0.05
24.7594 	EXP 	text: height = 0.05
24.7594 	EXP 	text: height = 0.05
24.7594 	EXP 	text: text = 'GBP 49 today or  GBP 60 after 89 days'
24.7594 	EXP 	fixation: autoDraw = True
25.7564 	INFO 	Keyboard events cleared
25.7557 	EXP 	text: autoDraw = True
25.7724 	EXP 	fixation: autoDraw = False
26.0421 	EXP 	New trial (rep=1, index=5): <Trial 12 (5 in rep 1) data={'reward_today': 67, 'future_reward': 75, 'delay': 119, 'thisN': 12, 'thisTrialN': 5, 'thisRepN': 1}>
26.0511 	DATA 	Keypress: t
26.0615 	EXP 	fixation: autoDraw = False
26.0615 	EXP 	text: autoDraw = False
26.0615 	EXP 	text: height = 0.05
26.0615 	EXP 	text: height = 0.05
26.0615 	EXP 	text: height = 0.05
26.0615 	EXP 	text: text = 'GBP 67 today or  GBP 75 after 119 days'
26.0615 	EXP 	fixation: autoDraw = True
27.0484 	INFO 	Keyboard events cleared
27.0477 	EXP 	text: autoDraw = True
27.0643 	EXP 	fixation: autoDraw = False
28.0999 	EXP 	New trial (rep=1, index=6): <Trial 13 (6 in rep 1) data={'reward_today': 15, 'future_reward': 35, 'delay': 13, 'thisN': 13, 'thisTrialN': 6, 'thisRepN': 1}>
28.1098 	DATA 	Keypress: l
28.1224 	EXP 	fixation: autoDraw = False
28.1224 	EXP 	text: autoDraw = False
28.1224 	EXP 	text: height = 0.05
28.1224 	EXP 	text: height = 0.05
28.1224 	EXP 	text: height = 0.05
28.1224 	EXP 	text: text = 'GBP 15 today or  GBP 35 after 13 days'
28.1224 	EXP 	fixation: autoDraw = True
29.1066 	INFO 	Keyboard events cleared
29.1058 	EXP 	text: autoDraw = True
29.1227 	EXP 	fixation: autoDraw = False
30.0746 	EXP 	New trial (rep=2, index=0): <Trial 14 (0 in rep 2) data={'reward_today': 78, 'future_reward': 80, 'delay': 162, 'thisN': 14, 'thisTrialN': 0, 'thisRepN': 2}>
30.0841 	DATA 	Keypress: t
30.0943 	EXP 	fixation: autoDraw = False
30.0943 	EXP 	text: autoDraw = False
30.0943 	EXP 	text: height = 0.05
30.0943 	EXP 	text: height = 0.05
30.0943 	EXP 	text: height = 0.05
30.0943 	EXP 	text: text = 'GBP 78 today or  GBP 80 after 162 days'
30.0943 	EXP 	fixation: autoDraw = True
31.0819 	INFO 	Keyboard events cleared
31.0814 	EXP 	text: autoDraw = True
31.0978 	EXP 	fixation: autoDraw = False
33.6189 	DATA 	Keypress: t
33.6329 	EXP 	New trial (rep=2, index=1): <Trial 15 (1 in rep 2) data={'reward_today': 67, 'future_reward': 75, 'delay': 119, 'thisN': 15, 'thisTrialN': 1, 'thisRepN': 2}>
33.6560 	EXP 	fixation: autoDraw = False
33.6560 	EXP 	text: autoDraw = False
33.6560 	EXP 	text: height = 0.05
33.6560 	EXP 	text: height = 0.05
33.6560 	EXP 	text: height = 0.05
33.6560 	EXP 	text: text = 'GBP 67 today or  GBP 75 after 119 days'
33.6560 	EXP 	fixation: autoDraw = True
34.6401 	INFO 	Keyboard events cleared
34.6393 	EXP 	text: autoDraw = True
34.6561 	EXP 	fixation: autoDraw = False
37.7253 	EXP 	New trial (rep=2, index=2): <Trial 16 (2 in rep 2) data={'reward_today': 11, 'future_reward': 30, 'delay': 7, 'thisN': 16, 'thisTrialN': 2, 'thisRepN': 2}>
37.7357 	DATA 	Keypress: l
37.7458 	EXP 	fixation: autoDraw = False
37.7458 	EXP 	text: autoDraw = False
37.7458 	EXP 	text: height = 0.05
37.7458 	EXP 	text: height = 0.05
37.7458 	EXP 	text: height = 0.05
37.7458 	EXP 	text: text = 'GBP 11 today or  GBP 30 after 7 days'
37.7458 	EXP 	fixation: autoDraw = True
38.7323 	INFO 	Keyboard events cleared
38.7316 	EXP 	text: autoDraw = True
38.7481 	EXP 	fixation: autoDraw = False
40.4005 	EXP 	New trial (rep=2, index=3): <Trial 17 (3 in rep 2) data={'reward_today': 15, 'future_reward': 35, 'delay': 13, 'thisN': 17, 'thisTrialN': 3, 'thisRepN': 2}>
40.4097 	DATA 	Keypress: l
40.4230 	EXP 	fixation: autoDraw = False
40.4230 	EXP 	text: autoDraw = False
40.4230 	EXP 	text: height = 0.05
40.4230 	EXP 	text: height = 0.05
40.4230 	EXP 	text: height = 0.05
40.4230 	EXP 	text: text = 'GBP 15 today or  GBP 35 after 13 days'
40.4230 	EXP 	fixation: autoDraw = True
41.4072 	INFO 	Keyboard events cleared
41.4064 	EXP 	text: autoDraw = True
41.4230 	EXP 	fixation: autoDraw = False
42.9943 	DATA 	Keypress: l
43.0094 	EXP 	New trial (rep=2, index=4): <Trial 18 (4 in rep 2) data={'reward_today': 40, 'future_reward': 55, 'delay': 62, 'thisN': 18, 'thisTrialN': 4, 'thisRepN': 2}>
43.0282 	EXP 	fixation: autoDraw = False
43.0282 	EXP 	text: autoDraw = False
43.0282 	EXP 	text: height = 0.05
43.0282 	EXP 	text: height = 0.05
43.0282 	EXP 	text: height = 0.05
43.0282 	EXP 	text: text = 'GBP 40 today or  GBP 55 after 62 days'
43.0282 	EXP 	fixation: autoDraw = True
44.0155 	INFO 	Keyboard events cleared
44.0151 	EXP 	text: autoDraw = True
44.0316 	EXP 	fixation: autoDraw = False
46.9505 	EXP 	New trial (rep=2, index=5): <Trial 19 (5 in rep 2) data={'reward_today': 49, 'future_reward': 60, 'delay': 89, 'thisN': 19, 'thisTrialN': 5, 'thisRepN': 2}>
46.9597 	DATA 	Keypress: t
46.9733 	EXP 	fixation: autoDraw = False
46.9733 	EXP 	text: autoDraw = False
46.9733 	EXP 	text: height = 0.05
46.9733 	EXP 	text: height = 0.05
46.9733 	EXP 	text: height = 0.05
46.9733 	EXP 	text: text = 'GBP 49 today or  GBP 60 after 89 days'
46.9733 	EXP 	fixation: autoDraw = True
47.9574 	INFO 	Keyboard events cleared
47.9566 	EXP 	text: autoDraw = True
47.9733 	EXP 	fixation: autoDraw = False
49.5086 	EXP 	New trial (rep=2, index=6): <Trial 20 (6 in rep 2) data={'reward_today': 27, 'future_reward': 50, 'delay': 21, 'thisN': 20, 'thisTrialN': 6, 'thisRepN': 2}>
49.5182 	DATA 	Keypress: t
49.5283 	EXP 	fixation: autoDraw = False
49.5283 	EXP 	text: autoDraw = False
49.5283 	EXP 	text: height = 0.05
49.5283 	EXP 	text: height = 0.05
49.5283 	EXP 	text: height = 0.05
49.5283 	EXP 	text: text = 'GBP 27 today or  GBP 50 after 21 days'
49.5283 	EXP 	fixation: autoDraw = True
50.5163 	INFO 	Keyboard events cleared
50.5155 	EXP 	text: autoDraw = True
50.5321 	EXP 	fixation: autoDraw = False
52.0690 	DATA 	Keypress: l
52.0841 	EXP 	New trial (rep=3, index=0): <Trial 21 (0 in rep 3) data={'reward_today': 49, 'future_reward': 60, 'delay': 89, 'thisN': 21, 'thisTrialN': 0, 'thisRepN': 3}>
52.1068 	EXP 	fixation: autoDraw = False
52.1068 	EXP 	text: autoDraw = False
52.1068 	EXP 	text: height = 0.05
52.1068 	EXP 	text: height = 0.05
52.1068 	EXP 	text: height = 0.05
52.1068 	EXP 	text: text = 'GBP 49 today or  GBP 60 after 89 days'
52.1068 	EXP 	fixation: autoDraw = True
53.0908 	INFO 	Keyboard events cleared
53.0903 	EXP 	text: autoDraw = True
53.1067 	EXP 	fixation: autoDraw = False
55.1418 	EXP 	New trial (rep=3, index=1): <Trial 22 (1 in rep 3) data={'reward_today': 11, 'future_reward': 30, 'delay': 7, 'thisN': 22, 'thisTrialN': 1, 'thisRepN': 3}>
55.1507 	DATA 	Keypress: t
55.1609 	EXP 	fixation: autoDraw = False
55.1609 	EXP 	text: autoDraw = False
55.1609 	EXP 	text: height = 0.05
55.1609 	EXP 	text: height = 0.05
55.1609 	EXP 	text: height = 0.05
55.1609 	EXP 	text: text = 'GBP 11 today or  GBP 30 after 7 days'
55.1609 	EXP 	fixation: autoDraw = True
56.1577 	INFO 	Keyboard events cleared
56.1570 	EXP 	text: autoDraw = True
56.1737 	EXP 	fixation: autoDraw = False
56.7759 	EXP 	New trial (rep=3, index=2): <Trial 23 (2 in rep 3) data={'reward_today': 78, 'future_reward': 80, 'delay': 162, 'thisN': 23, 'thisTrialN': 2, 'thisRepN': 3}>
56.7833 	DATA 	Keypress: l
56.7934 	EXP 	fixation: autoDraw = False
56.7934 	EXP 	text: autoDraw = False
56.7934 	EXP 	text: height = 0.05
56.7934 	EXP 	text: height = 0.05
56.7934 	EXP 	text: height = 0.05
56.7934 	EXP 	text: text = 'GBP 78 today or  GBP 80 after 162 days'
56.7934 	EXP 	fixation: autoDraw = True
57.7913 	INFO 	Keyboard events cleared
57.7905 	EXP 	text: autoDraw = True
57.8081 	EXP 	fixation: autoDraw = False
58.1430 	EXP 	New trial (rep=3, index=3): <Trial 24 (3 in rep 3) data={'reward_today': 40, 'future_reward': 55, 'delay': 62, 'thisN': 24, 'thisTrialN': 3, 'thisRepN': 3}>
58.1521 	DATA 	Keypress: t
58.1623 	EXP 	fixation: autoDraw = False
58.1623 	EXP 	text: autoDraw = False
58.1623 	EXP 	text: height = 0.05
58.1623 	EXP 	text: height = 0.05
58.1623 	EXP 	text: height = 0.05
58.1623 	EXP 	text: text = 'GBP 40 today or  GBP 55 after 62 days'
58.1623 	EXP 	fixation: autoDraw = True
59.1498 	INFO 	Keyboard events cleared
59.1492 	EXP 	text: autoDraw = True
59.1658 	EXP 	fixation: autoDraw = False
59.9181 	EXP 	New trial (rep=3, index=4): <Trial 25 (4 in rep 3) data={'reward_today': 27, 'future_reward': 50, 'delay': 21, 'thisN': 25, 'thisTrialN': 4, 'thisRepN': 3}>
59.9285 	DATA 	Keypress: l
59.9405 	EXP 	fixation: autoDraw = False
59.9405 	EXP 	text: autoDraw = False
59.9405 	EXP 	text: height = 0.05
59.9405 	EXP 	text: height = 0.05
59.9405 	EXP 	text: height = 0.05
59.9405 	EXP 	text: text = 'GBP 27 today or  GBP 50 after 21 days'
59.9405 	EXP 	fixation: autoDraw = True
60.9247 	INFO 	Keyboard events cleared
60.9240 	EXP 	text: autoDraw = True
60.9404 	EXP 	fixation: autoDraw = False
61.2105 	DATA 	Keypress: l
61.2258 	EXP 	New trial (rep=3, index=5): <Trial 26 (5 in rep 3) data={'reward_today': 15, 'future_reward': 35, 'delay': 13, 'thisN': 26, 'thisTrialN': 5, 'thisRepN': 3}>
61.2449 	EXP 	fixation: autoDraw = False
61.2449 	EXP 	text: autoDraw = False
61.2449 	EXP 	text: height = 0.05
61.2449 	EXP 	text: height = 0.05
61.2449 	EXP 	text: height = 0.05
61.2449 	EXP 	text: text = 'GBP 15 today or  GBP 35 after 13 days'
61.2449 	EXP 	fixation: autoDraw = True
62.2333 	INFO 	Keyboard events cleared
62.2326 	EXP 	text: autoDraw = True
62.2492 	EXP 	fixation: autoDraw = False
62.6181 	EXP 	New trial (rep=3, index=6): <Trial 27 (6 in rep 3) data={'reward_today': 67, 'future_reward': 75, 'delay': 119, 'thisN': 27, 'thisTrialN': 6, 'thisRepN': 3}>
62.6278 	DATA 	Keypress: l
62.6407 	EXP 	fixation: autoDraw = False
62.6407 	EXP 	text: autoDraw = False
62.6407 	EXP 	text: height = 0.05
62.6407 	EXP 	text: height = 0.05
62.6407 	EXP 	text: height = 0.05
62.6407 	EXP 	text: text = 'GBP 67 today or  GBP 75 after 119 days'
62.6407 	EXP 	fixation: autoDraw = True
63.6248 	INFO 	Keyboard events cleared
63.6241 	EXP 	text: autoDraw = True
63.6422 	EXP 	fixation: autoDraw = False
63.9596 	EXP 	New trial (rep=4, index=0): <Trial 28 (0 in rep 4) data={'reward_today': 27, 'future_reward': 50, 'delay': 21, 'thisN': 28, 'thisTrialN': 0, 'thisRepN': 4}>
63.9683 	DATA 	Keypress: l
63.9785 	EXP 	fixation: autoDraw = False
63.9785 	EXP 	text: autoDraw = False
63.9785 	EXP 	text: height = 0.05
63.9785 	EXP 	text: height = 0.05
63.9785 	EXP 	text: height = 0.05
63.9785 	EXP 	text: text = 'GBP 27 today or  GBP 50 after 21 days'
63.9785 	EXP 	fixation: autoDraw = True
64.9668 	INFO 	Keyboard events cleared
64.9661 	EXP 	text: autoDraw = True
64.9827 	EXP 	fixation: autoDraw = False
65.6515 	EXP 	New trial (rep=4, index=1): <Trial 29 (1 in rep 4) data={'reward_today': 67, 'future_reward': 75, 'delay': 119, 'thisN': 29, 'thisTrialN': 1, 'thisRepN': 4}>
65.6609 	DATA 	Keypress: t
65.6742 	EXP 	fixation: autoDraw = False
65.6742 	EXP 	text: autoDraw = False
65.6742 	EXP 	text: height = 0.05
65.6742 	EXP 	text: height = 0.05
65.6742 	EXP 	text: height = 0.05
65.6742 	EXP 	text: text = 'GBP 67 today or  GBP 75 after 119 days'
65.6742 	EXP 	fixation: autoDraw = True
66.6584 	INFO 	Keyboard events cleared
66.6575 	EXP 	text: autoDraw = True
66.6743 	EXP 	fixation: autoDraw = False
67.3112 	DATA 	Keypress: t
67.3271 	EXP 	New trial (rep=4, index=2): <Trial 30 (2 in rep 4) data={'reward_today': 15, 'future_reward': 35, 'delay': 13, 'thisN': 30, 'thisTrialN': 2, 'thisRepN': 4}>
67.3453 	EXP 	fixation: autoDraw = False
67.3453 	EXP 	text: autoDraw = False
67.3453 	EXP 	text: height = 0.05
67.3453 	EXP 	text: height = 0.05
67.3453 	EXP 	text: height = 0.05
67.3453 	EXP 	text: text = 'GBP 15 today or  GBP 35 after 13 days'
67.3453 	EXP 	fixation: autoDraw = True
68.3336 	INFO 	Keyboard events cleared
68.3329 	EXP 	text: autoDraw = True
68.3495 	EXP 	fixation: autoDraw = False
69.3351 	EXP 	New trial (rep=4, index=3): <Trial 31 (3 in rep 4) data={'reward_today': 49, 'future_reward': 60, 'delay': 89, 'thisN': 31, 'thisTrialN': 3, 'thisRepN': 4}>
69.3447 	DATA 	Keypress: t
69.3577 	EXP 	fixation: autoDraw = False
69.3577 	EXP 	text: autoDraw = False
69.3577 	EXP 	text: height = 0.05
69.3577 	EXP 	text: height = 0.05
69.3577 	EXP 	text: height = 0.05
69.3577 	EXP 	text: text = 'GBP 49 today or  GBP 60 after 89 days'
69.3577 	EXP 	fixation: autoDraw = True
70.3419 	INFO 	Keyboard events cleared
70.3411 	EXP 	text: autoDraw = True
70.3577 	EXP 	fixation: autoDraw = False
70.9434 	EXP 	New trial (rep=4, index=4): <Trial 32 (4 in rep 4) data={'reward_today': 78, 'future_reward': 80, 'delay': 162, 'thisN': 32, 'thisTrialN': 4, 'thisRepN': 4}>
70.9528 	DATA 	Keypress: l
70.9634 	EXP 	fixation: autoDraw = False
70.9634 	EXP 	text: autoDraw = False
70.9634 	EXP 	text: height = 0.05
70.9634 	EXP 	text: height = 0.05
70.9634 	EXP 	text: height = 0.05
70.9634 	EXP 	text: text = 'GBP 78 today or  GBP 80 after 162 days'
70.9634 	EXP 	fixation: autoDraw = True
71.9504 	INFO 	Keyboard events cleared
71.9498 	EXP 	text: autoDraw = True
71.9664 	EXP 	fixation: autoDraw = False
72.4685 	EXP 	New trial (rep=4, index=5): <Trial 33 (5 in rep 4) data={'reward_today': 40, 'future_reward': 55, 'delay': 62, 'thisN': 33, 'thisTrialN': 5, 'thisRepN': 4}>
72.4786 	DATA 	Keypress: t
72.4919 	EXP 	fixation: autoDraw = False
72.4919 	EXP 	text: autoDraw = False
72.4919 	EXP 	text: height = 0.05
72.4919 	EXP 	text: height = 0.05
72.4919 	EXP 	text: height = 0.05
72.4919 	EXP 	text: text = 'GBP 40 today or  GBP 55 after 62 days'
72.4919 	EXP 	fixation: autoDraw = True
73.4753 	INFO 	Keyboard events cleared
73.4745 	EXP 	text: autoDraw = True
73.4911 	EXP 	fixation: autoDraw = False
73.8931 	EXP 	New trial (rep=4, index=6): <Trial 34 (6 in rep 4) data={'reward_today': 11, 'future_reward': 30, 'delay': 7, 'thisN': 34, 'thisTrialN': 6, 'thisRepN': 4}>
73.9021 	DATA 	Keypress: t
73.9125 	EXP 	fixation: autoDraw = False
73.9125 	EXP 	text: autoDraw = False
73.9125 	EXP 	text: height = 0.05
73.9125 	EXP 	text: height = 0.05
73.9125 	EXP 	text: height = 0.05
73.9125 	EXP 	text: text = 'GBP 11 today or  GBP 30 after 7 days'
73.9125 	EXP 	fixation: autoDraw = True
74.9006 	INFO 	Keyboard events cleared
74.8999 	EXP 	text: autoDraw = True
74.9165 	EXP 	fixation: autoDraw = False
75.2186 	EXP 	New trial (rep=5, index=0): <Trial 35 (0 in rep 5) data={'reward_today': 11, 'future_reward': 30, 'delay': 7, 'thisN': 35, 'thisTrialN': 0, 'thisRepN': 5}>
75.2209 	DATA 	Keypress: l
75.2330 	EXP 	fixation: autoDraw = False
75.2330 	EXP 	text: autoDraw = False
75.2330 	EXP 	text: text = 'GBP 11 today or  GBP 30 after 7 days'
75.2330 	EXP 	fixation: autoDraw = True
76.2338 	INFO 	Keyboard events cleared
76.2332 	EXP 	fixation: autoDraw = False
76.2332 	EXP 	text: autoDraw = True
76.9685 	EXP 	New trial (rep=5, index=1): <Trial 36 (1 in rep 5) data={'reward_today': 78, 'future_reward': 80, 'delay': 162, 'thisN': 36, 'thisTrialN': 1, 'thisRepN': 5}>
76.9790 	DATA 	Keypress: l
76.9913 	EXP 	fixation: autoDraw = False
76.9913 	EXP 	text: autoDraw = False
76.9913 	EXP 	text: height = 0.05
76.9913 	EXP 	text: height = 0.05
76.9913 	EXP 	text: height = 0.05
76.9913 	EXP 	text: text = 'GBP 78 today or  GBP 80 after 162 days'
76.9913 	EXP 	fixation: autoDraw = True
77.9750 	INFO 	Keyboard events cleared
77.9745 	EXP 	text: autoDraw = True
77.9912 	EXP 	fixation: autoDraw = False
78.0945 	DATA 	Keypress: t
78.1096 	EXP 	New trial (rep=5, index=2): <Trial 37 (2 in rep 5) data={'reward_today': 40, 'future_reward': 55, 'delay': 62, 'thisN': 37, 'thisTrialN': 2, 'thisRepN': 5}>
78.1274 	EXP 	fixation: autoDraw = False
78.1274 	EXP 	text: autoDraw = False
78.1274 	EXP 	text: height = 0.05
78.1274 	EXP 	text: height = 0.05
78.1274 	EXP 	text: height = 0.05
78.1274 	EXP 	text: text = 'GBP 40 today or  GBP 55 after 62 days'
78.1274 	EXP 	fixation: autoDraw = True
79.1251 	INFO 	Keyboard events cleared
79.1246 	EXP 	text: autoDraw = True
79.1412 	EXP 	fixation: autoDraw = False
79.2766 	EXP 	New trial (rep=5, index=3): <Trial 38 (3 in rep 5) data={'reward_today': 27, 'future_reward': 50, 'delay': 21, 'thisN': 38, 'thisTrialN': 3, 'thisRepN': 5}>
79.2844 	DATA 	Keypress: t
79.2945 	EXP 	fixation: autoDraw = False
79.2945 	EXP 	text: autoDraw = False
79.2945 	EXP 	text: height = 0.05
79.2945 	EXP 	text: height = 0.05
79.2945 	EXP 	text: height = 0.05
79.2945 	EXP 	text: text = 'GBP 27 today or  GBP 50 after 21 days'
79.2945 	EXP 	fixation: autoDraw = True
80.2918 	INFO 	Keyboard events cleared
80.2913 	EXP 	text: autoDraw = True
80.3079 	EXP 	fixation: autoDraw = False
80.4261 	EXP 	New trial (rep=5, index=4): <Trial 39 (4 in rep 5) data={'reward_today': 15, 'future_reward': 35, 'delay': 13, 'thisN': 39, 'thisTrialN': 4, 'thisRepN': 5}>
80.4328 	DATA 	Keypress: l
80.4429 	EXP 	fixation: autoDraw = False
80.4429 	EXP 	text: autoDraw = False
80.4429 	EXP 	text: height = 0.05
80.4429 	EXP 	text: height = 0.05
80.4429 	EXP 	text: height = 0.05
80.4429 	EXP 	text: text = 'GBP 15 today or  GBP 35 after 13 days'
80.4429 	EXP 	fixation: autoDraw = True
80.7763 	DATA 	Keypress: t
81.4420 	INFO 	Keyboard events cleared
81.4413 	EXP 	text: autoDraw = True
81.4580 	EXP 	fixation: autoDraw = False
81.8099 	EXP 	New trial (rep=5, index=5): <Trial 40 (5 in rep 5) data={'reward_today': 67, 'future_reward': 75, 'delay': 119, 'thisN': 40, 'thisTrialN': 5, 'thisRepN': 5}>
81.8179 	DATA 	Keypress: t
81.8278 	EXP 	fixation: autoDraw = False
81.8278 	EXP 	text: autoDraw = False
81.8278 	EXP 	text: height = 0.05
81.8278 	EXP 	text: height = 0.05
81.8278 	EXP 	text: height = 0.05
81.8278 	EXP 	text: text = 'GBP 67 today or  GBP 75 after 119 days'
81.8278 	EXP 	fixation: autoDraw = True
82.8252 	INFO 	Keyboard events cleared
82.8247 	EXP 	text: autoDraw = True
82.8414 	EXP 	fixation: autoDraw = False
83.5105 	EXP 	New trial (rep=5, index=6): <Trial 41 (6 in rep 5) data={'reward_today': 49, 'future_reward': 60, 'delay': 89, 'thisN': 41, 'thisTrialN': 6, 'thisRepN': 5}>
83.5201 	DATA 	Keypress: l
83.5302 	EXP 	fixation: autoDraw = False
83.5302 	EXP 	text: autoDraw = False
83.5302 	EXP 	text: height = 0.05
83.5302 	EXP 	text: height = 0.05
83.5302 	EXP 	text: height = 0.05
83.5302 	EXP 	text: text = 'GBP 49 today or  GBP 60 after 89 days'
83.5302 	EXP 	fixation: autoDraw = True
84.5177 	INFO 	Keyboard events cleared
84.5170 	EXP 	text: autoDraw = True
84.5336 	EXP 	fixation: autoDraw = False
84.9861 	EXP 	New trial (rep=6, index=0): <Trial 42 (0 in rep 6) data={'reward_today': 15, 'future_reward': 35, 'delay': 13, 'thisN': 42, 'thisTrialN': 0, 'thisRepN': 6}>
84.9970 	DATA 	Keypress: t
85.0082 	EXP 	fixation: autoDraw = False
85.0082 	EXP 	text: autoDraw = False
85.0082 	EXP 	text: height = 0.05
85.0082 	EXP 	text: height = 0.05
85.0082 	EXP 	text: height = 0.05
85.0082 	EXP 	text: text = 'GBP 15 today or  GBP 35 after 13 days'
85.0082 	EXP 	fixation: autoDraw = True
85.9921 	INFO 	Keyboard events cleared
85.9917 	EXP 	text: autoDraw = True
86.0082 	EXP 	fixation: autoDraw = False
86.9598 	EXP 	New trial (rep=6, index=1): <Trial 43 (1 in rep 6) data={'reward_today': 11, 'future_reward': 30, 'delay': 7, 'thisN': 43, 'thisTrialN': 1, 'thisRepN': 6}>
86.9662 	DATA 	Keypress: l
86.9763 	EXP 	fixation: autoDraw = False
86.9763 	EXP 	text: autoDraw = False
86.9763 	EXP 	text: height = 0.05
86.9763 	EXP 	text: height = 0.05
86.9763 	EXP 	text: height = 0.05
86.9763 	EXP 	text: text = 'GBP 11 today or  GBP 30 after 7 days'
86.9763 	EXP 	fixation: autoDraw = True
87.9756 	INFO 	Keyboard events cleared
87.9750 	EXP 	text: autoDraw = True
87.9916 	EXP 	fixation: autoDraw = False
88.7104 	EXP 	New trial (rep=6, index=2): <Trial 44 (2 in rep 6) data={'reward_today': 40, 'future_reward': 55, 'delay': 62, 'thisN': 44, 'thisTrialN': 2, 'thisRepN': 6}>
88.7198 	DATA 	Keypress: l
88.7301 	EXP 	fixation: autoDraw = False
88.7301 	EXP 	text: autoDraw = False
88.7301 	EXP 	text: height = 0.05
88.7301 	EXP 	text: height = 0.05
88.7301 	EXP 	text: height = 0.05
88.7301 	EXP 	text: text = 'GBP 40 today or  GBP 55 after 62 days'
88.7301 	EXP 	fixation: autoDraw = True
89.7178 	INFO 	Keyboard events cleared
89.7172 	EXP 	text: autoDraw = True
89.7337 	EXP 	fixation: autoDraw = False
90.3023 	EXP 	New trial (rep=6, index=3): <Trial 45 (3 in rep 6) data={'reward_today': 67, 'future_reward': 75, 'delay': 119, 'thisN': 45, 'thisTrialN': 3, 'thisRepN': 6}>
90.3077 	DATA 	Keypress: t
90.3251 	EXP 	fixation: autoDraw = False
90.3251 	EXP 	text: autoDraw = False
90.3251 	EXP 	text: height = 0.05
90.3251 	EXP 	text: height = 0.05
90.3251 	EXP 	text: height = 0.05
90.3251 	EXP 	text: text = 'GBP 67 today or  GBP 75 after 119 days'
90.3251 	EXP 	fixation: autoDraw = True
91.3090 	INFO 	Keyboard events cleared
91.3085 	EXP 	text: autoDraw = True
91.3251 	EXP 	fixation: autoDraw = False
92.1933 	EXP 	New trial (rep=6, index=4): <Trial 46 (4 in rep 6) data={'reward_today': 27, 'future_reward': 50, 'delay': 21, 'thisN': 46, 'thisTrialN': 4, 'thisRepN': 6}>
92.2000 	DATA 	Keypress: t
92.2100 	EXP 	fixation: autoDraw = False
92.2100 	EXP 	text: autoDraw = False
92.2100 	EXP 	text: height = 0.05
92.2100 	EXP 	text: height = 0.05
92.2100 	EXP 	text: height = 0.05
92.2100 	EXP 	text: text = 'GBP 27 today or  GBP 50 after 21 days'
92.2100 	EXP 	fixation: autoDraw = True
93.2093 	INFO 	Keyboard events cleared
93.2087 	EXP 	text: autoDraw = True
93.2254 	EXP 	fixation: autoDraw = False
93.5103 	EXP 	New trial (rep=6, index=5): <Trial 47 (5 in rep 6) data={'reward_today': 78, 'future_reward': 80, 'delay': 162, 'thisN': 47, 'thisTrialN': 5, 'thisRepN': 6}>
93.5208 	DATA 	Keypress: l
93.5309 	EXP 	fixation: autoDraw = False
93.5309 	EXP 	text: autoDraw = False
93.5309 	EXP 	text: height = 0.05
93.5309 	EXP 	text: height = 0.05
93.5309 	EXP 	text: height = 0.05
93.5309 	EXP 	text: text = 'GBP 78 today or  GBP 80 after 162 days'
93.5309 	EXP 	fixation: autoDraw = True
94.0880 	DATA 	Keypress: t
94.5179 	INFO 	Keyboard events cleared
94.5174 	EXP 	text: autoDraw = True
94.5339 	EXP 	fixation: autoDraw = False
95.0025 	EXP 	New trial (rep=6, index=6): <Trial 48 (6 in rep 6) data={'reward_today': 49, 'future_reward': 60, 'delay': 89, 'thisN': 48, 'thisTrialN': 6, 'thisRepN': 6}>
95.0092 	DATA 	Keypress: t
95.0253 	EXP 	fixation: autoDraw = False
95.0253 	EXP 	text: autoDraw = False
95.0253 	EXP 	text: height = 0.05
95.0253 	EXP 	text: height = 0.05
95.0253 	EXP 	text: height = 0.05
95.0253 	EXP 	text: text = 'GBP 49 today or  GBP 60 after 89 days'
95.0253 	EXP 	fixation: autoDraw = True
95.4104 	DATA 	Keypress: l
96.0093 	INFO 	Keyboard events cleared
96.0087 	EXP 	text: autoDraw = True
96.0255 	EXP 	fixation: autoDraw = False
96.2943 	EXP 	New trial (rep=7, index=0): <Trial 49 (0 in rep 7) data={'reward_today': 27, 'future_reward': 50, 'delay': 21, 'thisN': 49, 'thisTrialN': 0, 'thisRepN': 7}>
96.3006 	DATA 	Keypress: l
96.3106 	EXP 	fixation: autoDraw = False
96.3106 	EXP 	text: autoDraw = False
96.3106 	EXP 	text: height = 0.05
96.3106 	EXP 	text: height = 0.05
96.3106 	EXP 	text: height = 0.05
96.3106 	EXP 	text: text = 'GBP 27 today or  GBP 50 after 21 days'
96.3106 	EXP 	fixation: autoDraw = True
97.2954 	DATA 	Keypress: t
97.3091 	INFO 	Keyboard events cleared
97.3086 	EXP 	text: autoDraw = True
97.3254 	EXP 	fixation: autoDraw = False
98.4610 	EXP 	New trial (rep=7, index=1): <Trial 50 (1 in rep 7) data={'reward_today': 67, 'future_reward': 75, 'delay': 119, 'thisN': 50, 'thisTrialN': 1, 'thisRepN': 7}>
98.4709 	DATA 	Keypress: t
98.4811 	EXP 	fixation: autoDraw = False
98.4811 	EXP 	text: autoDraw = False
98.4811 	EXP 	text: height = 0.05
98.4811 	EXP 	text: height = 0.05
98.4811 	EXP 	text: height = 0.05
98.4811 	EXP 	text: text = 'GBP 67 today or  GBP 75 after 119 days'
98.4811 	EXP 	fixation: autoDraw = True
99.4684 	INFO 	Keyboard events cleared
99.4677 	EXP 	text: autoDraw = True
99.4842 	EXP 	fixation: autoDraw = False
100.0355 	EXP 	New trial (rep=7, index=2): <Trial 51 (2 in rep 7) data={'reward_today': 11, 'future_reward': 30, 'delay': 7, 'thisN': 51, 'thisTrialN': 2, 'thisRepN': 7}>
100.0416 	DATA 	Keypress: l
100.0588 	EXP 	fixation: autoDraw = False
100.0588 	EXP 	text: autoDraw = False
100.0588 	EXP 	text: height = 0.05
100.0588 	EXP 	text: height = 0.05
100.0588 	EXP 	text: height = 0.05
100.0588 	EXP 	text: text = 'GBP 11 today or  GBP 30 after 7 days'
100.0588 	EXP 	fixation: autoDraw = True
101.0430 	INFO 	Keyboard events cleared
101.0422 	EXP 	text: autoDraw = True
101.0590 	EXP 	fixation: autoDraw = False
101.5604 	EXP 	New trial (rep=7, index=3): <Trial 52 (3 in rep 7) data={'reward_today': 15, 'future_reward': 35, 'delay': 13, 'thisN': 52, 'thisTrialN': 3, 'thisRepN': 7}>
101.5673 	DATA 	Keypress: t
101.5776 	EXP 	fixation: autoDraw = False
101.5776 	EXP 	text: autoDraw = False
101.5776 	EXP 	text: height = 0.05
101.5776 	EXP 	text: height = 0.05
101.5776 	EXP 	text: height = 0.05
101.5776 	EXP 	text: text = 'GBP 15 today or  GBP 35 after 13 days'
101.5776 	EXP 	fixation: autoDraw = True
102.5601 	INFO 	Keyboard events cleared
102.5592 	EXP 	text: autoDraw = True
102.5925 	EXP 	fixation: autoDraw = False
103.4106 	EXP 	New trial (rep=7, index=4): <Trial 53 (4 in rep 7) data={'reward_today': 49, 'future_reward': 60, 'delay': 89, 'thisN': 53, 'thisTrialN': 4, 'thisRepN': 7}>
103.4180 	DATA 	Keypress: t
103.4285 	EXP 	fixation: autoDraw = False
103.4285 	EXP 	text: autoDraw = False
103.4285 	EXP 	text: height = 0.05
103.4285 	EXP 	text: height = 0.05
103.4285 	EXP 	text: height = 0.05
103.4285 	EXP 	text: text = 'GBP 49 today or  GBP 60 after 89 days'
103.4285 	EXP 	fixation: autoDraw = True
104.4266 	INFO 	Keyboard events cleared
104.4259 	EXP 	text: autoDraw = True
104.4426 	EXP 	fixation: autoDraw = False
107.1950 	EXP 	New trial (rep=7, index=5): <Trial 54 (5 in rep 7) data={'reward_today': 40, 'future_reward': 55, 'delay': 62, 'thisN': 54, 'thisTrialN': 5, 'thisRepN': 7}>
107.2040 	DATA 	Keypress: t
107.2144 	EXP 	fixation: autoDraw = False
107.2144 	EXP 	text: autoDraw = False
107.2144 	EXP 	text: height = 0.05
107.2144 	EXP 	text: height = 0.05
107.2144 	EXP 	text: height = 0.05
107.2144 	EXP 	text: text = 'GBP 40 today or  GBP 55 after 62 days'
107.2144 	EXP 	fixation: autoDraw = True
108.2020 	INFO 	Keyboard events cleared
108.2014 	EXP 	text: autoDraw = True
108.2180 	EXP 	fixation: autoDraw = False
108.9873 	EXP 	New trial (rep=7, index=6): <Trial 55 (6 in rep 7) data={'reward_today': 78, 'future_reward': 80, 'delay': 162, 'thisN': 55, 'thisTrialN': 6, 'thisRepN': 7}>
108.9977 	DATA 	Keypress: t
109.0094 	EXP 	fixation: autoDraw = False
109.0094 	EXP 	text: autoDraw = False
109.0094 	EXP 	text: height = 0.05
109.0094 	EXP 	text: height = 0.05
109.0094 	EXP 	text: height = 0.05
109.0094 	EXP 	text: text = 'GBP 78 today or  GBP 80 after 162 days'
109.0094 	EXP 	fixation: autoDraw = True
109.7622 	DATA 	Keypress: t
109.9935 	INFO 	Keyboard events cleared
109.9928 	EXP 	text: autoDraw = True
110.0095 	EXP 	fixation: autoDraw = False
110.6133 	DATA 	Keypress: t
110.6279 	EXP 	New trial (rep=8, index=0): <Trial 56 (0 in rep 8) data={'reward_today': 78, 'future_reward': 80, 'delay': 162, 'thisN': 56, 'thisTrialN': 0, 'thisRepN': 8}>
110.6428 	EXP 	fixation: autoDraw = False
110.6428 	EXP 	text: autoDraw = False
110.6428 	EXP 	text: text = 'GBP 78 today or  GBP 80 after 162 days'
110.6428 	EXP 	fixation: autoDraw = True
111.6439 	INFO 	Keyboard events cleared
111.6430 	EXP 	fixation: autoDraw = False
111.6430 	EXP 	text: autoDraw = True
111.8791 	EXP 	New trial (rep=8, index=1): <Trial 57 (1 in rep 8) data={'reward_today': 49, 'future_reward': 60, 'delay': 89, 'thisN': 57, 'thisTrialN': 1, 'thisRepN': 8}>
111.8886 	DATA 	Keypress: l
111.8991 	EXP 	fixation: autoDraw = False
111.8991 	EXP 	text: autoDraw = False
111.8991 	EXP 	text: height = 0.05
111.8991 	EXP 	text: height = 0.05
111.8991 	EXP 	text: height = 0.05
111.8991 	EXP 	text: text = 'GBP 49 today or  GBP 60 after 89 days'
111.8991 	EXP 	fixation: autoDraw = True
112.8858 	INFO 	Keyboard events cleared
112.8849 	EXP 	text: autoDraw = True
112.9015 	EXP 	fixation: autoDraw = False
113.9371 	EXP 	New trial (rep=8, index=2): <Trial 58 (2 in rep 8) data={'reward_today': 27, 'future_reward': 50, 'delay': 21, 'thisN': 58, 'thisTrialN': 2, 'thisRepN': 8}>
113.9465 	DATA 	Keypress: l
113.9596 	EXP 	fixation: autoDraw = False
113.9596 	EXP 	text: autoDraw = False
113.9596 	EXP 	text: height = 0.05
113.9596 	EXP 	text: height = 0.05
113.9596 	EXP 	text: height = 0.05
113.9596 	EXP 	text: text = 'GBP 27 today or  GBP 50 after 21 days'
113.9596 	EXP 	fixation: autoDraw = True
114.9439 	INFO 	Keyboard events cleared
114.9430 	EXP 	text: autoDraw = True
114.9597 	EXP 	fixation: autoDraw = False
116.5454 	EXP 	New trial (rep=8, index=3): <Trial 59 (3 in rep 8) data={'reward_today': 15, 'future_reward': 35, 'delay': 13, 'thisN': 59, 'thisTrialN': 3, 'thisRepN': 8}>
116.5557 	DATA 	Keypress: l
116.5659 	EXP 	fixation: autoDraw = False
116.5659 	EXP 	text: autoDraw = False
116.5659 	EXP 	text: height = 0.05
116.5659 	EXP 	text: height = 0.05
116.5659 	EXP 	text: height = 0.05
116.5659 	EXP 	text: text = 'GBP 15 today or  GBP 35 after 13 days'
116.5659 	EXP 	fixation: autoDraw = True
117.5526 	INFO 	Keyboard events cleared
117.5519 	EXP 	text: autoDraw = True
117.5684 	EXP 	fixation: autoDraw = False
119.2375 	EXP 	New trial (rep=8, index=4): <Trial 60 (4 in rep 8) data={'reward_today': 67, 'future_reward': 75, 'delay': 119, 'thisN': 60, 'thisTrialN': 4, 'thisRepN': 8}>
119.2474 	DATA 	Keypress: l
119.2597 	EXP 	fixation: autoDraw = False
119.2597 	EXP 	text: autoDraw = False
119.2597 	EXP 	text: height = 0.05
119.2597 	EXP 	text: height = 0.05
119.2597 	EXP 	text: height = 0.05
119.2597 	EXP 	text: text = 'GBP 67 today or  GBP 75 after 119 days'
119.2597 	EXP 	fixation: autoDraw = True
120.2440 	INFO 	Keyboard events cleared
120.2433 	EXP 	text: autoDraw = True
120.2599 	EXP 	fixation: autoDraw = False
121.1130 	EXP 	New trial (rep=8, index=5): <Trial 61 (5 in rep 8) data={'reward_today': 40, 'future_reward': 55, 'delay': 62, 'thisN': 61, 'thisTrialN': 5, 'thisRepN': 8}>
121.1208 	DATA 	Keypress: l
121.1340 	EXP 	fixation: autoDraw = False
121.1340 	EXP 	text: autoDraw = False
121.1340 	EXP 	text: height = 0.05
121.1340 	EXP 	text: height = 0.05
121.1340 	EXP 	text: height = 0.05
121.1340 	EXP 	text: text = 'GBP 40 today or  GBP 55 after 62 days'
121.1340 	EXP 	fixation: autoDraw = True
122.1194 	INFO 	Keyboard events cleared
122.1187 	EXP 	text: autoDraw = True
122.1353 	EXP 	fixation: autoDraw = False
122.6872 	EXP 	New trial (rep=8, index=6): <Trial 62 (6 in rep 8) data={'reward_today': 11, 'future_reward': 30, 'delay': 7, 'thisN': 62, 'thisTrialN': 6, 'thisRepN': 8}>
122.6972 	DATA 	Keypress: l
122.7100 	EXP 	fixation: autoDraw = False
122.7100 	EXP 	text: autoDraw = False
122.7100 	EXP 	text: height = 0.05
122.7100 	EXP 	text: height = 0.05
122.7100 	EXP 	text: height = 0.05
122.7100 	EXP 	text: text = 'GBP 11 today or  GBP 30 after 7 days'
122.7100 	EXP 	fixation: autoDraw = True
123.6941 	INFO 	Keyboard events cleared
123.6934 	EXP 	text: autoDraw = True
123.7101 	EXP 	fixation: autoDraw = False
124.5787 	EXP 	New trial (rep=9, index=0): <Trial 63 (0 in rep 9) data={'reward_today': 40, 'future_reward': 55, 'delay': 62, 'thisN': 63, 'thisTrialN': 0, 'thisRepN': 9}>
124.5880 	DATA 	Keypress: l
124.5984 	EXP 	fixation: autoDraw = False
124.5984 	EXP 	text: autoDraw = False
124.5984 	EXP 	text: height = 0.05
124.5984 	EXP 	text: height = 0.05
124.5984 	EXP 	text: height = 0.05
124.5984 	EXP 	text: text = 'GBP 40 today or  GBP 55 after 62 days'
124.5984 	EXP 	fixation: autoDraw = True
125.3215 	DATA 	Keypress: l
125.5862 	INFO 	Keyboard events cleared
125.5855 	EXP 	text: autoDraw = True
125.6021 	EXP 	fixation: autoDraw = False
126.1211 	EXP 	New trial (rep=9, index=1): <Trial 64 (1 in rep 9) data={'reward_today': 49, 'future_reward': 60, 'delay': 89, 'thisN': 64, 'thisTrialN': 1, 'thisRepN': 9}>
126.1302 	DATA 	Keypress: t
126.1434 	EXP 	fixation: autoDraw = False
126.1434 	EXP 	text: autoDraw = False
126.1434 	EXP 	text: height = 0.05
126.1434 	EXP 	text: height = 0.05
126.1434 	EXP 	text: height = 0.05
126.1434 	EXP 	text: text = 'GBP 49 today or  GBP 60 after 89 days'
126.1434 	EXP 	fixation: autoDraw = True
127.1277 	INFO 	Keyboard events cleared
127.1270 	EXP 	text: autoDraw = True
127.1436 	EXP 	fixation: autoDraw = False
127.6964 	EXP 	New trial (rep=9, index=2): <Trial 65 (2 in rep 9) data={'reward_today': 67, 'future_reward': 75, 'delay': 119, 'thisN': 65, 'thisTrialN': 2, 'thisRepN': 9}>
127.7050 	DATA 	Keypress: t
127.7152 	EXP 	fixation: autoDraw = False
127.7152 	EXP 	text: autoDraw = False
127.7152 	EXP 	text: height = 0.05
127.7152 	EXP 	text: height = 0.05
127.7152 	EXP 	text: height = 0.05
127.7152 	EXP 	text: text = 'GBP 67 today or  GBP 75 after 119 days'
127.7152 	EXP 	fixation: autoDraw = True
128.7028 	INFO 	Keyboard events cleared
128.7023 	EXP 	text: autoDraw = True
128.7189 	EXP 	fixation: autoDraw = False
129.0702 	EXP 	New trial (rep=9, index=3): <Trial 66 (3 in rep 9) data={'reward_today': 15, 'future_reward': 35, 'delay': 13, 'thisN': 66, 'thisTrialN': 3, 'thisRepN': 9}>
129.0759 	DATA 	Keypress: t
129.0937 	EXP 	fixation: autoDraw = False
129.0937 	EXP 	text: autoDraw = False
129.0937 	EXP 	text: height = 0.05
129.0937 	EXP 	text: height = 0.05
129.0937 	EXP 	text: height = 0.05
129.0937 	EXP 	text: text = 'GBP 15 today or  GBP 35 after 13 days'
129.0937 	EXP 	fixation: autoDraw = True
130.0775 	INFO 	Keyboard events cleared
130.0769 	EXP 	text: autoDraw = True
130.0936 	EXP 	fixation: autoDraw = False
130.5957 	EXP 	New trial (rep=9, index=4): <Trial 67 (4 in rep 9) data={'reward_today': 27, 'future_reward': 50, 'delay': 21, 'thisN': 67, 'thisTrialN': 4, 'thisRepN': 9}>
130.6019 	DATA 	Keypress: t
130.6119 	EXP 	fixation: autoDraw = False
130.6119 	EXP 	text: autoDraw = False
130.6119 	EXP 	text: height = 0.05
130.6119 	EXP 	text: height = 0.05
130.6119 	EXP 	text: height = 0.05
130.6119 	EXP 	text: text = 'GBP 27 today or  GBP 50 after 21 days'
130.6119 	EXP 	fixation: autoDraw = True
131.6111 	INFO 	Keyboard events cleared
131.6104 	EXP 	text: autoDraw = True
131.6271 	EXP 	fixation: autoDraw = False
131.9295 	EXP 	New trial (rep=9, index=5): <Trial 68 (5 in rep 9) data={'reward_today': 78, 'future_reward': 80, 'delay': 162, 'thisN': 68, 'thisTrialN': 5, 'thisRepN': 9}>
131.9400 	DATA 	Keypress: t
131.9501 	EXP 	fixation: autoDraw = False
131.9501 	EXP 	text: autoDraw = False
131.9501 	EXP 	text: height = 0.05
131.9501 	EXP 	text: height = 0.05
131.9501 	EXP 	text: height = 0.05
131.9501 	EXP 	text: text = 'GBP 78 today or  GBP 80 after 162 days'
131.9501 	EXP 	fixation: autoDraw = True
132.8204 	DATA 	Keypress: t
132.9366 	INFO 	Keyboard events cleared
132.9359 	EXP 	text: autoDraw = True
132.9524 	EXP 	fixation: autoDraw = False
134.4881 	EXP 	New trial (rep=9, index=6): <Trial 69 (6 in rep 9) data={'reward_today': 11, 'future_reward': 30, 'delay': 7, 'thisN': 69, 'thisTrialN': 6, 'thisRepN': 9}>
134.4986 	DATA 	Keypress: t
134.5105 	EXP 	fixation: autoDraw = False
134.5105 	EXP 	text: autoDraw = False
134.5105 	EXP 	text: height = 0.05
134.5105 	EXP 	text: height = 0.05
134.5105 	EXP 	text: height = 0.05
134.5105 	EXP 	text: text = 'GBP 11 today or  GBP 30 after 7 days'
134.5105 	EXP 	fixation: autoDraw = True
135.4949 	INFO 	Keyboard events cleared
135.4942 	EXP 	text: autoDraw = True
135.5106 	EXP 	fixation: autoDraw = False
136.9628 	EXP 	New trial (rep=10, index=0): <Trial 70 (0 in rep 10) data={'reward_today': 49, 'future_reward': 60, 'delay': 89, 'thisN': 70, 'thisTrialN': 0, 'thisRepN': 10}>
136.9721 	DATA 	Keypress: l
136.9822 	EXP 	fixation: autoDraw = False
136.9822 	EXP 	text: autoDraw = False
136.9822 	EXP 	text: height = 0.05
136.9822 	EXP 	text: height = 0.05
136.9822 	EXP 	text: height = 0.05
136.9822 	EXP 	text: text = 'GBP 49 today or  GBP 60 after 89 days'
136.9822 	EXP 	fixation: autoDraw = True
137.9699 	INFO 	Keyboard events cleared
137.9694 	EXP 	text: autoDraw = True
137.9859 	EXP 	fixation: autoDraw = False
138.3712 	EXP 	New trial (rep=10, index=1): <Trial 71 (1 in rep 10) data={'reward_today': 40, 'future_reward': 55, 'delay': 62, 'thisN': 71, 'thisTrialN': 1, 'thisRepN': 10}>
138.3815 	DATA 	Keypress: l
138.3940 	EXP 	fixation: autoDraw = False
138.3940 	EXP 	text: autoDraw = False
138.3940 	EXP 	text: height = 0.05
138.3940 	EXP 	text: height = 0.05
138.3940 	EXP 	text: height = 0.05
138.3940 	EXP 	text: text = 'GBP 40 today or  GBP 55 after 62 days'
138.3940 	EXP 	fixation: autoDraw = True
139.3782 	INFO 	Keyboard events cleared
139.3775 	EXP 	text: autoDraw = True
139.3941 	EXP 	fixation: autoDraw = False
139.7952 	EXP 	New trial (rep=10, index=2): <Trial 72 (2 in rep 10) data={'reward_today': 67, 'future_reward': 75, 'delay': 119, 'thisN': 72, 'thisTrialN': 2, 'thisRepN': 10}>
139.8000 	DATA 	Keypress: l
139.8105 	EXP 	fixation: autoDraw = False
139.8105 	EXP 	text: autoDraw = False
139.8105 	EXP 	text: height = 0.05
139.8105 	EXP 	text: height = 0.05
139.8105 	EXP 	text: height = 0.05
139.8105 	EXP 	text: text = 'GBP 67 today or  GBP 75 after 119 days'
139.8105 	EXP 	fixation: autoDraw = True
140.7949 	INFO 	Keyboard events cleared
140.7942 	EXP 	text: autoDraw = True
140.8108 	EXP 	fixation: autoDraw = False
141.2630 	EXP 	New trial (rep=10, index=3): <Trial 73 (3 in rep 10) data={'reward_today': 15, 'future_reward': 35, 'delay': 13, 'thisN': 73, 'thisTrialN': 3, 'thisRepN': 10}>
141.2719 	DATA 	Keypress: t
141.2822 	EXP 	fixation: autoDraw = False
141.2822 	EXP 	text: autoDraw = False
141.2822 	EXP 	text: height = 0.05
141.2822 	EXP 	text: height = 0.05
141.2822 	EXP 	text: height = 0.05
141.2822 	EXP 	text: text = 'GBP 15 today or  GBP 35 after 13 days'
141.2822 	EXP 	fixation: autoDraw = True
142.2702 	INFO 	Keyboard events cleared
142.2696 	EXP 	text: autoDraw = True
142.2862 	EXP 	fixation: autoDraw = False
142.5713 	EXP 	New trial (rep=10, index=4): <Trial 74 (4 in rep 10) data={'reward_today': 78, 'future_reward': 80, 'delay': 162, 'thisN': 74, 'thisTrialN': 4, 'thisRepN': 10}>
142.5816 	DATA 	Keypress: t
142.5943 	EXP 	fixation: autoDraw = False
142.5943 	EXP 	text: autoDraw = False
142.5943 	EXP 	text: height = 0.05
142.5943 	EXP 	text: height = 0.05
142.5943 	EXP 	text: height = 0.05
142.5943 	EXP 	text: text = 'GBP 78 today or  GBP 80 after 162 days'
142.5943 	EXP 	fixation: autoDraw = True
143.5785 	INFO 	Keyboard events cleared
143.5776 	EXP 	text: autoDraw = True
143.5943 	EXP 	fixation: autoDraw = False
143.6467 	EXP 	New trial (rep=10, index=5): <Trial 75 (5 in rep 10) data={'reward_today': 27, 'future_reward': 50, 'delay': 21, 'thisN': 75, 'thisTrialN': 5, 'thisRepN': 10}>
143.6556 	DATA 	Keypress: t
143.6660 	EXP 	fixation: autoDraw = False
143.6660 	EXP 	text: autoDraw = False
143.6660 	EXP 	text: height = 0.05
143.6660 	EXP 	text: height = 0.05
143.6660 	EXP 	text: height = 0.05
143.6660 	EXP 	text: text = 'GBP 27 today or  GBP 50 after 21 days'
143.6660 	EXP 	fixation: autoDraw = True
144.6537 	INFO 	Keyboard events cleared
144.6530 	EXP 	text: autoDraw = True
144.6696 	EXP 	fixation: autoDraw = False
145.2381 	EXP 	New trial (rep=10, index=6): <Trial 76 (6 in rep 10) data={'reward_today': 11, 'future_reward': 30, 'delay': 7, 'thisN': 76, 'thisTrialN': 6, 'thisRepN': 10}>
145.2485 	DATA 	Keypress: t
145.2610 	EXP 	fixation: autoDraw = False
145.2610 	EXP 	text: autoDraw = False
145.2610 	EXP 	text: height = 0.05
145.2610 	EXP 	text: height = 0.05
145.2610 	EXP 	text: height = 0.05
145.2610 	EXP 	text: text = 'GBP 11 today or  GBP 30 after 7 days'
145.2610 	EXP 	fixation: autoDraw = True
146.2452 	INFO 	Keyboard events cleared
146.2444 	EXP 	text: autoDraw = True
146.2610 	EXP 	fixation: autoDraw = False
146.2968 	EXP 	New trial (rep=11, index=0): <Trial 77 (0 in rep 11) data={'reward_today': 15, 'future_reward': 35, 'delay': 13, 'thisN': 77, 'thisTrialN': 0, 'thisRepN': 11}>
146.3058 	DATA 	Keypress: t
146.3162 	EXP 	fixation: autoDraw = False
146.3162 	EXP 	text: autoDraw = False
146.3162 	EXP 	text: height = 0.05
146.3162 	EXP 	text: height = 0.05
146.3162 	EXP 	text: height = 0.05
146.3162 	EXP 	text: text = 'GBP 15 today or  GBP 35 after 13 days'
146.3162 	EXP 	fixation: autoDraw = True
147.3038 	INFO 	Keyboard events cleared
147.3032 	EXP 	text: autoDraw = True
147.3198 	EXP 	fixation: autoDraw = False
147.3218 	EXP 	New trial (rep=11, index=1): <Trial 78 (1 in rep 11) data={'reward_today': 78, 'future_reward': 80, 'delay': 162, 'thisN': 78, 'thisTrialN': 1, 'thisRepN': 11}>
147.3322 	DATA 	Keypress: t
147.3446 	EXP 	fixation: autoDraw = False
147.3446 	EXP 	text: autoDraw = False
147.3446 	EXP 	text: height = 0.05
147.3446 	EXP 	text: height = 0.05
147.3446 	EXP 	text: height = 0.05
147.3446 	EXP 	text: text = 'GBP 78 today or  GBP 80 after 162 days'
147.3446 	EXP 	fixation: autoDraw = True
148.2640 	DATA 	Keypress: t
148.3288 	INFO 	Keyboard events cleared
148.3279 	EXP 	text: autoDraw = True
148.3446 	EXP 	fixation: autoDraw = False
149.4800 	EXP 	New trial (rep=11, index=2): <Trial 79 (2 in rep 11) data={'reward_today': 11, 'future_reward': 30, 'delay': 7, 'thisN': 79, 'thisTrialN': 2, 'thisRepN': 11}>
149.4856 	DATA 	Keypress: t
149.4956 	EXP 	fixation: autoDraw = False
149.4956 	EXP 	text: autoDraw = False
149.4956 	EXP 	text: height = 0.05
149.4956 	EXP 	text: height = 0.05
149.4956 	EXP 	text: height = 0.05
149.4956 	EXP 	text: text = 'GBP 11 today or  GBP 30 after 7 days'
149.4956 	EXP 	fixation: autoDraw = True
150.4954 	INFO 	Keyboard events cleared
150.4946 	EXP 	fixation: autoDraw = False
150.4946 	EXP 	text: autoDraw = True
150.8305 	EXP 	New trial (rep=11, index=3): <Trial 80 (3 in rep 11) data={'reward_today': 40, 'future_reward': 55, 'delay': 62, 'thisN': 80, 'thisTrialN': 3, 'thisRepN': 11}>
150.8420 	DATA 	Keypress: t
150.8524 	EXP 	fixation: autoDraw = False
150.8524 	EXP 	text: autoDraw = False
150.8524 	EXP 	text: height = 0.05
150.8524 	EXP 	text: height = 0.05
150.8524 	EXP 	text: height = 0.05
150.8524 	EXP 	text: text = 'GBP 40 today or  GBP 55 after 62 days'
150.8524 	EXP 	fixation: autoDraw = True
151.8375 	INFO 	Keyboard events cleared
151.8367 	EXP 	text: autoDraw = True
151.8534 	EXP 	fixation: autoDraw = False
152.3902 	DATA 	Keypress: t
152.4054 	EXP 	New trial (rep=11, index=4): <Trial 81 (4 in rep 11) data={'reward_today': 49, 'future_reward': 60, 'delay': 89, 'thisN': 81, 'thisTrialN': 4, 'thisRepN': 11}>
152.4280 	EXP 	fixation: autoDraw = False
152.4280 	EXP 	text: autoDraw = False
152.4280 	EXP 	text: height = 0.05
152.4280 	EXP 	text: height = 0.05
152.4280 	EXP 	text: height = 0.05
152.4280 	EXP 	text: text = 'GBP 49 today or  GBP 60 after 89 days'
152.4280 	EXP 	fixation: autoDraw = True
153.4121 	INFO 	Keyboard events cleared
153.4114 	EXP 	text: autoDraw = True
153.4281 	EXP 	fixation: autoDraw = False
153.6803 	EXP 	New trial (rep=11, index=5): <Trial 82 (5 in rep 11) data={'reward_today': 67, 'future_reward': 75, 'delay': 119, 'thisN': 82, 'thisTrialN': 5, 'thisRepN': 11}>
153.6901 	DATA 	Keypress: t
153.7002 	EXP 	fixation: autoDraw = False
153.7002 	EXP 	text: autoDraw = False
153.7002 	EXP 	text: height = 0.05
153.7002 	EXP 	text: height = 0.05
153.7002 	EXP 	text: height = 0.05
153.7002 	EXP 	text: text = 'GBP 67 today or  GBP 75 after 119 days'
153.7002 	EXP 	fixation: autoDraw = True
154.6876 	INFO 	Keyboard events cleared
154.6869 	EXP 	text: autoDraw = True
154.7034 	EXP 	fixation: autoDraw = False
155.3555 	EXP 	New trial (rep=11, index=6): <Trial 83 (6 in rep 11) data={'reward_today': 27, 'future_reward': 50, 'delay': 21, 'thisN': 83, 'thisTrialN': 6, 'thisRepN': 11}>
155.3649 	DATA 	Keypress: l
155.3782 	EXP 	fixation: autoDraw = False
155.3782 	EXP 	text: autoDraw = False
155.3782 	EXP 	text: height = 0.05
155.3782 	EXP 	text: height = 0.05
155.3782 	EXP 	text: height = 0.05
155.3782 	EXP 	text: text = 'GBP 27 today or  GBP 50 after 21 days'
155.3782 	EXP 	fixation: autoDraw = True
156.3624 	INFO 	Keyboard events cleared
156.3616 	EXP 	text: autoDraw = True
156.3782 	EXP 	fixation: autoDraw = False
157.5151 	DATA 	Keypress: y
158.8472 	EXP 	New trial (rep=12, index=0): <Trial 84 (0 in rep 12) data={'reward_today': 67, 'future_reward': 75, 'delay': 119, 'thisN': 84, 'thisTrialN': 0, 'thisRepN': 12}>
158.8565 	DATA 	Keypress: t
158.8669 	EXP 	fixation: autoDraw = False
158.8669 	EXP 	text: autoDraw = False
158.8669 	EXP 	text: height = 0.05
158.8669 	EXP 	text: height = 0.05
158.8669 	EXP 	text: height = 0.05
158.8669 	EXP 	text: text = 'GBP 67 today or  GBP 75 after 119 days'
158.8669 	EXP 	fixation: autoDraw = True
159.8545 	INFO 	Keyboard events cleared
159.8537 	EXP 	text: autoDraw = True
159.8704 	EXP 	fixation: autoDraw = False
160.2222 	EXP 	New trial (rep=12, index=1): <Trial 85 (1 in rep 12) data={'reward_today': 27, 'future_reward': 50, 'delay': 21, 'thisN': 85, 'thisTrialN': 1, 'thisRepN': 12}>
160.2321 	DATA 	Keypress: l
160.2450 	EXP 	fixation: autoDraw = False
160.2450 	EXP 	text: autoDraw = False
160.2450 	EXP 	text: height = 0.05
160.2450 	EXP 	text: height = 0.05
160.2450 	EXP 	text: height = 0.05
160.2450 	EXP 	text: text = 'GBP 27 today or  GBP 50 after 21 days'
160.2450 	EXP 	fixation: autoDraw = True
161.2292 	INFO 	Keyboard events cleared
161.2285 	EXP 	text: autoDraw = True
161.2451 	EXP 	fixation: autoDraw = False
162.2142 	EXP 	New trial (rep=12, index=2): <Trial 86 (2 in rep 12) data={'reward_today': 15, 'future_reward': 35, 'delay': 13, 'thisN': 86, 'thisTrialN': 2, 'thisRepN': 12}>
162.2233 	DATA 	Keypress: l
162.2334 	EXP 	fixation: autoDraw = False
162.2334 	EXP 	text: autoDraw = False
162.2334 	EXP 	text: height = 0.05
162.2334 	EXP 	text: height = 0.05
162.2334 	EXP 	text: height = 0.05
162.2334 	EXP 	text: text = 'GBP 15 today or  GBP 35 after 13 days'
162.2334 	EXP 	fixation: autoDraw = True
163.2212 	INFO 	Keyboard events cleared
163.2205 	EXP 	text: autoDraw = True
163.2371 	EXP 	fixation: autoDraw = False
163.5060 	EXP 	New trial (rep=12, index=3): <Trial 87 (3 in rep 12) data={'reward_today': 40, 'future_reward': 55, 'delay': 62, 'thisN': 87, 'thisTrialN': 3, 'thisRepN': 12}>
163.5156 	DATA 	Keypress: t
163.5285 	EXP 	fixation: autoDraw = False
163.5285 	EXP 	text: autoDraw = False
163.5285 	EXP 	text: height = 0.05
163.5285 	EXP 	text: height = 0.05
163.5285 	EXP 	text: height = 0.05
163.5285 	EXP 	text: text = 'GBP 40 today or  GBP 55 after 62 days'
163.5285 	EXP 	fixation: autoDraw = True
164.1312 	DATA 	Keypress: t
164.5127 	INFO 	Keyboard events cleared
164.5120 	EXP 	text: autoDraw = True
164.5286 	EXP 	fixation: autoDraw = False
164.8646 	EXP 	New trial (rep=12, index=4): <Trial 88 (4 in rep 12) data={'reward_today': 49, 'future_reward': 60, 'delay': 89, 'thisN': 88, 'thisTrialN': 4, 'thisRepN': 12}>
164.8745 	DATA 	Keypress: t
164.8849 	EXP 	fixation: autoDraw = False
164.8849 	EXP 	text: autoDraw = False
164.8849 	EXP 	text: height = 0.05
164.8849 	EXP 	text: height = 0.05
164.8849 	EXP 	text: height = 0.05
164.8849 	EXP 	text: text = 'GBP 49 today or  GBP 60 after 89 days'
164.8849 	EXP 	fixation: autoDraw = True
165.8398 	DATA 	Keypress: t
165.8713 	INFO 	Keyboard events cleared
165.8707 	EXP 	text: autoDraw = True
165.8872 	EXP 	fixation: autoDraw = False
166.6723 	EXP 	New trial (rep=12, index=5): <Trial 89 (5 in rep 12) data={'reward_today': 78, 'future_reward': 80, 'delay': 162, 'thisN': 89, 'thisTrialN': 5, 'thisRepN': 12}>
166.6822 	DATA 	Keypress: t
166.6954 	EXP 	fixation: autoDraw = False
166.6954 	EXP 	text: autoDraw = False
166.6954 	EXP 	text: height = 0.05
166.6954 	EXP 	text: height = 0.05
166.6954 	EXP 	text: height = 0.05
166.6954 	EXP 	text: text = 'GBP 78 today or  GBP 80 after 162 days'
166.6954 	EXP 	fixation: autoDraw = True
167.4971 	DATA 	Keypress: t
167.6792 	INFO 	Keyboard events cleared
167.6786 	EXP 	text: autoDraw = True
167.6952 	EXP 	fixation: autoDraw = False
168.2133 	EXP 	New trial (rep=12, index=6): <Trial 90 (6 in rep 12) data={'reward_today': 11, 'future_reward': 30, 'delay': 7, 'thisN': 90, 'thisTrialN': 6, 'thisRepN': 12}>
168.2192 	DATA 	Keypress: l
168.2291 	EXP 	fixation: autoDraw = False
168.2291 	EXP 	text: autoDraw = False
168.2291 	EXP 	text: height = 0.05
168.2291 	EXP 	text: height = 0.05
168.2291 	EXP 	text: height = 0.05
168.2291 	EXP 	text: text = 'GBP 11 today or  GBP 30 after 7 days'
168.2291 	EXP 	fixation: autoDraw = True
169.0310 	DATA 	Keypress: l
169.2292 	INFO 	Keyboard events cleared
169.2286 	EXP 	fixation: autoDraw = False
169.2286 	EXP 	text: autoDraw = True
169.9308 	EXP 	New trial (rep=13, index=0): <Trial 91 (0 in rep 13) data={'reward_today': 49, 'future_reward': 60, 'delay': 89, 'thisN': 91, 'thisTrialN': 0, 'thisRepN': 13}>
169.9387 	DATA 	Keypress: l
169.9488 	EXP 	fixation: autoDraw = False
169.9488 	EXP 	text: autoDraw = False
169.9488 	EXP 	text: height = 0.05
169.9488 	EXP 	text: height = 0.05
169.9488 	EXP 	text: height = 0.05
169.9488 	EXP 	text: text = 'GBP 49 today or  GBP 60 after 89 days'
169.9488 	EXP 	fixation: autoDraw = True
170.9460 	INFO 	Keyboard events cleared
170.9455 	EXP 	text: autoDraw = True
170.9621 	EXP 	fixation: autoDraw = False
171.4159 	EXP 	New trial (rep=13, index=1): <Trial 92 (1 in rep 13) data={'reward_today': 40, 'future_reward': 55, 'delay': 62, 'thisN': 92, 'thisTrialN': 1, 'thisRepN': 13}>
171.4258 	DATA 	Keypress: l
171.4359 	EXP 	fixation: autoDraw = False
171.4359 	EXP 	text: autoDraw = False
171.4359 	EXP 	text: height = 0.05
171.4359 	EXP 	text: height = 0.05
171.4359 	EXP 	text: height = 0.05
171.4359 	EXP 	text: text = 'GBP 40 today or  GBP 55 after 62 days'
171.4359 	EXP 	fixation: autoDraw = True
171.5235 	DATA 	Keypress: t
172.4217 	INFO 	Keyboard events cleared
172.4209 	EXP 	text: autoDraw = True
172.4376 	EXP 	fixation: autoDraw = False
172.6394 	EXP 	New trial (rep=13, index=2): <Trial 93 (2 in rep 13) data={'reward_today': 11, 'future_reward': 30, 'delay': 7, 'thisN': 93, 'thisTrialN': 2, 'thisRepN': 13}>
172.6492 	DATA 	Keypress: l
172.6623 	EXP 	fixation: autoDraw = False
172.6623 	EXP 	text: autoDraw = False
172.6623 	EXP 	text: height = 0.05
172.6623 	EXP 	text: height = 0.05
172.6623 	EXP 	text: height = 0.05
172.6623 	EXP 	text: text = 'GBP 11 today or  GBP 30 after 7 days'
172.6623 	EXP 	fixation: autoDraw = True
172.8649 	DATA 	Keypress: t
173.5150 	DATA 	Keypress: l
173.6464 	INFO 	Keyboard events cleared
173.6457 	EXP 	text: autoDraw = True
173.6623 	EXP 	fixation: autoDraw = False
173.7314 	EXP 	New trial (rep=13, index=3): <Trial 94 (3 in rep 13) data={'reward_today': 15, 'future_reward': 35, 'delay': 13, 'thisN': 94, 'thisTrialN': 3, 'thisRepN': 13}>
173.7403 	DATA 	Keypress: t
173.7506 	EXP 	fixation: autoDraw = False
173.7506 	EXP 	text: autoDraw = False
173.7506 	EXP 	text: height = 0.05
173.7506 	EXP 	text: height = 0.05
173.7506 	EXP 	text: height = 0.05
173.7506 	EXP 	text: text = 'GBP 15 today or  GBP 35 after 13 days'
173.7506 	EXP 	fixation: autoDraw = True
173.9736 	DATA 	Keypress: l
174.2736 	DATA 	Keypress: t
174.4571 	DATA 	Keypress: l
174.7384 	INFO 	Keyboard events cleared
174.7377 	EXP 	text: autoDraw = True
174.7543 	EXP 	fixation: autoDraw = False
174.7577 	DATA 	Keypress: t
174.7730 	EXP 	New trial (rep=13, index=4): <Trial 95 (4 in rep 13) data={'reward_today': 27, 'future_reward': 50, 'delay': 21, 'thisN': 95, 'thisTrialN': 4, 'thisRepN': 13}>
174.7958 	EXP 	fixation: autoDraw = False
174.7958 	EXP 	text: autoDraw = False
174.7958 	EXP 	text: height = 0.05
174.7958 	EXP 	text: height = 0.05
174.7958 	EXP 	text: height = 0.05
174.7958 	EXP 	text: text = 'GBP 27 today or  GBP 50 after 21 days'
174.7958 	EXP 	fixation: autoDraw = True
174.9488 	DATA 	Keypress: l
175.1989 	DATA 	Keypress: t
175.3319 	DATA 	Keypress: l
175.5651 	DATA 	Keypress: t
175.6820 	DATA 	Keypress: l
175.7799 	INFO 	Keyboard events cleared
175.7791 	EXP 	text: autoDraw = True
175.7958 	EXP 	fixation: autoDraw = False
175.9815 	EXP 	New trial (rep=13, index=5): <Trial 96 (5 in rep 13) data={'reward_today': 67, 'future_reward': 75, 'delay': 119, 'thisN': 96, 'thisTrialN': 5, 'thisRepN': 13}>
175.9907 	DATA 	Keypress: t
176.0008 	EXP 	fixation: autoDraw = False
176.0008 	EXP 	text: autoDraw = False
176.0008 	EXP 	text: height = 0.05
176.0008 	EXP 	text: height = 0.05
176.0008 	EXP 	text: height = 0.05
176.0008 	EXP 	text: text = 'GBP 67 today or  GBP 75 after 119 days'
176.0008 	EXP 	fixation: autoDraw = True
176.0736 	DATA 	Keypress: l
176.4736 	DATA 	Keypress: l
176.9885 	INFO 	Keyboard events cleared
176.9878 	EXP 	text: autoDraw = True
177.0044 	EXP 	fixation: autoDraw = False
177.0228 	EXP 	New trial (rep=13, index=6): <Trial 97 (6 in rep 13) data={'reward_today': 78, 'future_reward': 80, 'delay': 162, 'thisN': 97, 'thisTrialN': 6, 'thisRepN': 13}>
177.0324 	DATA 	Keypress: t
177.0459 	EXP 	fixation: autoDraw = False
177.0459 	EXP 	text: autoDraw = False
177.0459 	EXP 	text: height = 0.05
177.0459 	EXP 	text: height = 0.05
177.0459 	EXP 	text: height = 0.05
177.0459 	EXP 	text: text = 'GBP 78 today or  GBP 80 after 162 days'
177.0459 	EXP 	fixation: autoDraw = True
177.4654 	DATA 	Keypress: l
178.0301 	INFO 	Keyboard events cleared
178.0293 	EXP 	text: autoDraw = True
178.0460 	EXP 	fixation: autoDraw = False
178.1481 	EXP 	New trial (rep=14, index=0): <Trial 98 (0 in rep 14) data={'reward_today': 78, 'future_reward': 80, 'delay': 162, 'thisN': 98, 'thisTrialN': 0, 'thisRepN': 14}>
178.1504 	DATA 	Keypress: t
178.1626 	EXP 	fixation: autoDraw = False
178.1626 	EXP 	text: autoDraw = False
178.1626 	EXP 	text: text = 'GBP 78 today or  GBP 80 after 162 days'
178.1626 	EXP 	fixation: autoDraw = True
178.7651 	DATA 	Keypress: l
179.1633 	INFO 	Keyboard events cleared
179.1626 	EXP 	fixation: autoDraw = False
179.1626 	EXP 	text: autoDraw = True
179.2816 	EXP 	New trial (rep=14, index=1): <Trial 99 (1 in rep 14) data={'reward_today': 11, 'future_reward': 30, 'delay': 7, 'thisN': 99, 'thisTrialN': 1, 'thisRepN': 14}>
179.2911 	DATA 	Keypress: t
179.3016 	EXP 	fixation: autoDraw = False
179.3016 	EXP 	text: autoDraw = False
179.3016 	EXP 	text: height = 0.05
179.3016 	EXP 	text: height = 0.05
179.3016 	EXP 	text: height = 0.05
179.3016 	EXP 	text: text = 'GBP 11 today or  GBP 30 after 7 days'
179.3016 	EXP 	fixation: autoDraw = True
179.9904 	DATA 	Keypress: l
180.2887 	INFO 	Keyboard events cleared
180.2880 	EXP 	text: autoDraw = True
180.3046 	EXP 	fixation: autoDraw = False
180.6566 	EXP 	New trial (rep=14, index=2): <Trial 100 (2 in rep 14) data={'reward_today': 40, 'future_reward': 55, 'delay': 62, 'thisN': 100, 'thisTrialN': 2, 'thisRepN': 14}>
180.6660 	DATA 	Keypress: t
180.6795 	EXP 	fixation: autoDraw = False
180.6795 	EXP 	text: autoDraw = False
180.6795 	EXP 	text: height = 0.05
180.6795 	EXP 	text: height = 0.05
180.6795 	EXP 	text: height = 0.05
180.6795 	EXP 	text: text = 'GBP 40 today or  GBP 55 after 62 days'
180.6795 	EXP 	fixation: autoDraw = True
181.1822 	DATA 	Keypress: l
181.6635 	INFO 	Keyboard events cleared
181.6627 	EXP 	text: autoDraw = True
181.6794 	EXP 	fixation: autoDraw = False
181.7814 	EXP 	New trial (rep=14, index=3): <Trial 101 (3 in rep 14) data={'reward_today': 15, 'future_reward': 35, 'delay': 13, 'thisN': 101, 'thisTrialN': 3, 'thisRepN': 14}>
181.7910 	DATA 	Keypress: t
181.8013 	EXP 	fixation: autoDraw = False
181.8013 	EXP 	text: autoDraw = False
181.8013 	EXP 	text: height = 0.05
181.8013 	EXP 	text: height = 0.05
181.8013 	EXP 	text: height = 0.05
181.8013 	EXP 	text: text = 'GBP 15 today or  GBP 35 after 13 days'
181.8013 	EXP 	fixation: autoDraw = True
182.3393 	DATA 	Keypress: l
182.7887 	INFO 	Keyboard events cleared
182.7881 	EXP 	text: autoDraw = True
182.8047 	EXP 	fixation: autoDraw = False
182.9904 	EXP 	New trial (rep=14, index=4): <Trial 102 (4 in rep 14) data={'reward_today': 27, 'future_reward': 50, 'delay': 21, 'thisN': 102, 'thisTrialN': 4, 'thisRepN': 14}>
183.0001 	DATA 	Keypress: t
183.0127 	EXP 	fixation: autoDraw = False
183.0127 	EXP 	text: autoDraw = False
183.0127 	EXP 	text: height = 0.05
183.0127 	EXP 	text: height = 0.05
183.0127 	EXP 	text: height = 0.05
183.0127 	EXP 	text: text = 'GBP 27 today or  GBP 50 after 21 days'
183.0127 	EXP 	fixation: autoDraw = True
183.7483 	DATA 	Keypress: l
183.9967 	INFO 	Keyboard events cleared
183.9960 	EXP 	text: autoDraw = True
184.0129 	EXP 	fixation: autoDraw = False
184.6319 	EXP 	New trial (rep=14, index=5): <Trial 103 (5 in rep 14) data={'reward_today': 49, 'future_reward': 60, 'delay': 89, 'thisN': 103, 'thisTrialN': 5, 'thisRepN': 14}>
184.6412 	DATA 	Keypress: t
184.6516 	EXP 	fixation: autoDraw = False
184.6516 	EXP 	text: autoDraw = False
184.6516 	EXP 	text: height = 0.05
184.6516 	EXP 	text: height = 0.05
184.6516 	EXP 	text: height = 0.05
184.6516 	EXP 	text: text = 'GBP 49 today or  GBP 60 after 89 days'
184.6516 	EXP 	fixation: autoDraw = True
185.3072 	DATA 	Keypress: l
185.6389 	INFO 	Keyboard events cleared
185.6382 	EXP 	text: autoDraw = True
185.6548 	EXP 	fixation: autoDraw = False
185.9071 	EXP 	New trial (rep=14, index=6): <Trial 104 (6 in rep 14) data={'reward_today': 67, 'future_reward': 75, 'delay': 119, 'thisN': 104, 'thisTrialN': 6, 'thisRepN': 14}>
185.9172 	DATA 	Keypress: t
185.9294 	EXP 	fixation: autoDraw = False
185.9294 	EXP 	text: autoDraw = False
185.9294 	EXP 	text: height = 0.05
185.9294 	EXP 	text: height = 0.05
185.9294 	EXP 	text: height = 0.05
185.9294 	EXP 	text: text = 'GBP 67 today or  GBP 75 after 119 days'
185.9294 	EXP 	fixation: autoDraw = True
186.4822 	DATA 	Keypress: l
186.9137 	INFO 	Keyboard events cleared
186.9130 	EXP 	text: autoDraw = True
186.9297 	EXP 	fixation: autoDraw = False
187.2997 	DATA 	Keypress: t
187.3129 	EXP 	fixation: autoDraw = False
187.3129 	EXP 	text: autoDraw = False
187.3131 	EXP 	delay_discounting: status = STOPPED
187.3527 	INFO 	saved data to 'C:\\Users\\91931\\Desktop\\data/060477_delay_discounting_2024-11-18_11h54.18.859.csv'
187.3547 	INFO 	saved data to C:\Users\91931\Desktop\data/060477_delay_discounting_2024-11-18_11h54.18.859.psydat
187.4995 	EXP 	window1: mouseVisible = True
